[2016.02.03-14.09.30:139][  0]Log file open, 02/03/16 14:09:30
[2016.02.03-14.09.30:139][  0]LogInit:Display: Running engine for game: ShakespereGliding
[2016.02.03-14.09.30:139][  0]LogInit:Display: RandInit(562179133) SRandInit(562179133).
[2016.02.03-14.09.30:139][  0]LogTaskGraph: Started task graph with 4 named threads and 7 total threads.
[2016.02.03-14.09.30:139][  0]LogStats: Stats thread started at 0.226393
[2016.02.03-14.09.30:139][  0]LogInit: Version: 4.9.2-2707645+++depot+UE4-Releases+4.9
[2016.02.03-14.09.30:139][  0]LogInit: API Version: 2672455
[2016.02.03-14.09.30:139][  0]LogInit: Compiled (64-bit): Sep 28 2015 10:25:44
[2016.02.03-14.09.30:139][  0]LogInit: Compiled with Visual C++: 18.00.21005.01
[2016.02.03-14.09.30:139][  0]LogInit: Build Configuration: Development
[2016.02.03-14.09.30:139][  0]LogInit: Branch Name: ++depot+UE4-Releases+4.9
[2016.02.03-14.09.30:139][  0]LogInit: Command line: 
[2016.02.03-14.09.30:139][  0]LogInit: Base directory: C:/Program Files/Epic Games/4.9/Engine/Binaries/Win64/
[2016.02.03-14.09.30:139][  0]LogInit: Rocket: 1
[2016.02.03-14.09.30:150][  0]LogInit: Using libcurl 7.41.0
[2016.02.03-14.09.30:150][  0]LogInit:  - built for x86_64-pc-win32
[2016.02.03-14.09.30:150][  0]LogInit:  - supports SSL with WinSSL
[2016.02.03-14.09.30:150][  0]LogInit:  - other features:
[2016.02.03-14.09.30:150][  0]LogInit:      CURL_VERSION_SSL
[2016.02.03-14.09.30:150][  0]LogInit:      CURL_VERSION_IPV6
[2016.02.03-14.09.30:150][  0]LogInit:      CURL_VERSION_ASYNCHDNS
[2016.02.03-14.09.30:150][  0]LogInit:      CURL_VERSION_LARGEFILE
[2016.02.03-14.09.30:150][  0]LogInit:      CURL_VERSION_IDN
[2016.02.03-14.09.30:150][  0]LogInit:  CurlRequestOptions (configurable via config and command line):
[2016.02.03-14.09.30:150][  0]LogInit:  - bVerifyPeer = true  - Libcurl will verify peer certificate
[2016.02.03-14.09.30:150][  0]LogInit:  - bUseHttpProxy = false  - Libcurl will NOT use HTTP proxy
[2016.02.03-14.09.30:150][  0]LogInit:  - bDontReuseConnections = false  - Libcurl will reuse connections
[2016.02.03-14.09.30:150][  0]LogInit:  - CertBundlePath = nullptr  - Libcurl will use whatever was configured at build time.
[2016.02.03-14.09.30:158][  0]LogInit: Presizing for 0 objects not considered by GC, pre-allocating 0 bytes.
[2016.02.03-14.09.30:166][  0]LogInit: Object subsystem initialized
[2016.02.03-14.09.30:178][  0]LogInit: Selected Device Profile: [Windows]
[2016.02.03-14.09.30:178][  0]LogInit: Applying CVar settings loaded from the selected device profile: [Windows]
[2016.02.03-14.09.30:185][  0]LogInit: Computer: BEN-PC
[2016.02.03-14.09.30:185][  0]LogInit: User: Ben
[2016.02.03-14.09.30:185][  0]LogInit: CPU Page size=4096, Cores=4
[2016.02.03-14.09.30:185][  0]LogInit: High frequency timer resolution =3.417987 MHz
[2016.02.03-14.09.30:185][  0]LogMemory: Memory total: Physical=16.0GB (16GB approx)
[2016.02.03-14.09.30:185][  0]LogMemory: Platform Memory Stats for Windows
[2016.02.03-14.09.30:185][  0]LogMemory: Process Physical Memory: 54.27 MB used, 54.27 MB peak
[2016.02.03-14.09.30:185][  0]LogMemory: Process Virtual Memory: 54.54 MB used, 54.54 MB peak
[2016.02.03-14.09.30:185][  0]LogMemory: Physical Memory: 9094.66 MB used, 16333.38 MB total
[2016.02.03-14.09.30:185][  0]LogMemory: Virtual Memory: 352.20 MB used, 134217728.00 MB total
[2016.02.03-14.09.30:231][  0]LogTextLocalizationManager: No specific translations for ('en-US') exist, so ('en') translations will be used.
[2016.02.03-14.09.31:074][  0]LogD3D11RHI: Found D3D11 adapter 0: NVIDIA GeForce GTX 770 (Feature Level 11_0)
[2016.02.03-14.09.31:074][  0]LogD3D11RHI: Adapter has 1989MB of dedicated video memory, 0MB of dedicated system memory, and 8166MB of shared system memory, 3 output[s]
[2016.02.03-14.09.31:078][  0]LogD3D11RHI: Found D3D11 adapter 1: Microsoft Basic Render Driver (Feature Level 11_0)
[2016.02.03-14.09.31:078][  0]LogD3D11RHI: Adapter has 0MB of dedicated video memory, 0MB of dedicated system memory, and 8166MB of shared system memory, 0 output[s]
[2016.02.03-14.09.31:078][  0]LogD3D11RHI: Chosen D3D11 Adapter Id = 0
[2016.02.03-14.09.31:083][  0]LogD3D11RHI: !Direct3DDevice
[2016.02.03-14.09.31:083][  0]LogRHI: Texture pool is 1361 MB (70% of 1945 MB)
[2016.02.03-14.09.31:100][  0]LogD3D11RHI: Async texture creation enabled
[2016.02.03-14.09.31:640][  0]LogShaderCompilers: Guid format shader working directory is 14 characters bigger than the processId version (../../../../../../Users/Ben/Documents/Unreal Projects/ShakespereGliding/Intermediate/Shaders/WorkingDirectory/13928/).
[2016.02.03-14.09.31:640][  0]LogShaderCompilers: Cleaned the shader compiler working directory '../../../../../../Users/Ben/Documents/Unreal Projects/ShakespereGliding/Intermediate/Shaders/tmp/56CFEED049CE680B920B5D98EBF8E123/'.
[2016.02.03-14.09.31:640][  0]LogShaderCompilers:Display: Using Local Shader Compiler.
[2016.02.03-14.09.33:267][  0]LogTemp:Display: Loaded TP AllDesktopTargetPlatform
[2016.02.03-14.09.33:273][  0]LogTemp:Display: Loaded TP WindowsClientTargetPlatform
[2016.02.03-14.09.33:279][  0]LogTemp:Display: Loaded TP WindowsNoEditorTargetPlatform
[2016.02.03-14.09.33:285][  0]LogTemp:Display: Loaded TP WindowsServerTargetPlatform
[2016.02.03-14.09.33:292][  0]LogTemp:Display: Loaded TP WindowsTargetPlatform
[2016.02.03-14.09.33:297][  0]LogTemp:Display: Loaded TP AndroidTargetPlatform
[2016.02.03-14.09.33:300][  0]LogTemp:Display: Loaded TP Android_ASTCTargetPlatform
[2016.02.03-14.09.33:304][  0]LogTemp:Display: Loaded TP Android_ATCTargetPlatform
[2016.02.03-14.09.33:308][  0]LogTemp:Display: Loaded TP Android_DXTTargetPlatform
[2016.02.03-14.09.33:313][  0]LogTemp:Display: Loaded TP Android_ETC1TargetPlatform
[2016.02.03-14.09.33:317][  0]LogTemp:Display: Loaded TP Android_ETC2TargetPlatform
[2016.02.03-14.09.33:321][  0]LogTemp:Display: Loaded TP Android_PVRTCTargetPlatform
[2016.02.03-14.09.33:322][  0]LogTemp:Display: Loaded TP HTML5TargetPlatform
[2016.02.03-14.09.33:342][  0]LogTemp:Display: Loaded TP IOSTargetPlatform
[2016.02.03-14.09.33:346][  0]LogTemp:Display: Loaded TP LinuxNoEditorTargetPlatform
[2016.02.03-14.09.33:350][  0]LogTemp:Display: Loaded TP LinuxServerTargetPlatform
[2016.02.03-14.09.33:354][  0]LogTemp:Display: Loaded TP LinuxTargetPlatform
[2016.02.03-14.09.33:354][  0]LogTargetPlatformManager:Display: Building Assets For Windows
[2016.02.03-14.09.33:454][  0]LogDerivedDataCache:Display: Max Cache Size: 512 MB
[2016.02.03-14.09.36:076][  0]LogDerivedDataCache: Loaded boot cache 2.62s 41MB C:/Users/Ben/AppData/Local/UnrealEngine/4.9/DerivedDataCache/Boot.ddc.
[2016.02.03-14.09.36:076][  0]LogDerivedDataCache:Display: Loaded Boot cache: C:/Users/Ben/AppData/Local/UnrealEngine/4.9/DerivedDataCache/Boot.ddc
[2016.02.03-14.09.36:076][  0]LogDerivedDataCache: FDerivedDataBackendGraph:  Pak pak cache file ../../../../../../Users/Ben/Documents/Unreal Projects/ShakespereGliding/DerivedDataCache/DDC.ddp not found, will not use a pak cache.
[2016.02.03-14.09.36:076][  0]LogDerivedDataCache: Unable to find inner node Pak for hierarchical cache Hierarchy.
[2016.02.03-14.09.36:076][  0]LogDerivedDataCache: FDerivedDataBackendGraph:  CompressedPak pak cache file ../../../../../../Users/Ben/Documents/Unreal Projects/ShakespereGliding/DerivedDataCache/Compressed.ddp not found, will not use a pak cache.
[2016.02.03-14.09.36:076][  0]LogDerivedDataCache: Unable to find inner node CompressedPak for hierarchical cache Hierarchy.
[2016.02.03-14.09.36:207][  0]LogDerivedDataCache:Display: Pak cache opened for reading ../../../Engine/DerivedDataCache/Compressed.ddp.
[2016.02.03-14.09.36:220][  0]LogDerivedDataCache: Using Local data cache path C:/Users/Ben/AppData/Local/UnrealEngine/Common/DerivedDataCache: Writable
[2016.02.03-14.09.36:910][  0]LogInit: Selected Device Profile: [Windows]
[2016.02.03-14.09.36:913][  0]LogContentStreaming: Texture pool size is 0.000000MB
[2016.02.03-14.09.37:362][  0]LogMeshUtilities: No automatic mesh reduction module available
[2016.02.03-14.09.37:362][  0]LogMeshUtilities: No automatic mesh merging module available
[2016.02.03-14.09.39:186][  0]LogInit: WinSock: version 1.1 (2.2), MaxSocks=32767, MaxUdp=65467
[2016.02.03-14.10.12:904][  0]UdpMessaging: Initializing bridge on interface 0.0.0.0:0 to multicast group 230.0.0.1:6666.
[2016.02.03-14.10.13:268][  0]LogAssetRegistry: FAssetRegistry took 0.0111 seconds to start up
[2016.02.03-14.10.13:433][  0]SourceControl: Info Source control is disabled
[2016.02.03-14.10.13:433][  0]SourceControl: Info Source control is disabled
[2016.02.03-14.10.13:446][  0]SourceControl: Info Source control is disabled
[2016.02.03-14.10.13:459][  0]SourceControl: Info Source control is disabled
[2016.02.03-14.10.14:628][  0]LogLinker:Warning: Asset '../../../Engine/Plugins/Runtime/LeapMotionController/Content/LM_PassthroughMaterial.uasset' has been saved with empty engine version. The asset will be loaded but may be incompatible.
[2016.02.03-14.10.14:728][  0]LogObj: 28361 objects as part of root set at end of initial load.
[2016.02.03-14.10.14:728][  0]LogUObjectAllocator: 6038872 out of 0 bytes used by permanent object pool.
[2016.02.03-14.10.14:858][  0]LogEngine: Initializing Engine...
[2016.02.03-14.10.14:866][  0]LogHMD: Can't find Oculus library dev build: is proper Runtime installed? Version: 0.7.0.0
[2016.02.03-14.10.14:866][  0]LogHMD: SteamVR failed to initialize.  Err: 110
[2016.02.03-14.10.14:992][  0]LogAIModule: Creating AISystem for world NewWorld
[2016.02.03-14.10.15:004][  0]LogInit: XAudio2 using 'Speakers (Realtek High Definition Audio)' : 2 channels at 48 kHz using 32 bits per sample (channel mask 0x3)
[2016.02.03-14.10.15:022][  0]LogInit: FAudioDevice initialized.
[2016.02.03-14.10.15:048][  0]LogDerivedDataCache: Saved boot cache 0.03s 41MB C:/Users/Ben/AppData/Local/UnrealEngine/4.9/DerivedDataCache/Boot.ddc.
[2016.02.03-14.10.15:051][  0]LogInit: Texture streaming: Enabled
[2016.02.03-14.10.15:057][  0]LogAnalytics: Creating configured Analytics provider AnalyticsET
[2016.02.03-14.10.15:057][  0]LogAnalytics: [UEEditor.Rocket.Release] APIServer = http://et2.epicgames.com/ET2/. AppVersion = 4.9.2-2707645+++depot+UE4-Releases+4.9
[2016.02.03-14.10.15:057][  0]LogAnalytics: [UEEditor.Rocket.Release] SetUserId cb136a184ef8ff638330d19266871943|8e31a6e3027a48b980d8b94b5dab7277|88817e22-b3e5-4950-af40-b637fca33a6c
[2016.02.03-14.10.15:057][  0]LogAnalytics: [UEEditor.Rocket.Release] AnalyticsET::StartSession
[2016.02.03-14.10.15:072][  0]LogWindowsTextInputMethodSystem:Display: IME system now deactivated.
[2016.02.03-14.10.15:100][  0]LogInit: Transaction tracking system initialized
[2016.02.03-14.10.15:137][  0]BlueprintLog: New page: Editor Load
[2016.02.03-14.10.16:166][  0]LocalizationService: Info Localization service is disabled
[2016.02.03-14.10.17:162][  0]LogConsoleResponse:Display: 
[2016.02.03-14.10.19:055][  0]LogFileCache: Scanning file cache for directory 'C:/Users/Ben/Documents/Unreal Projects/ShakespereGliding/Content/' took 0.01s
[2016.02.03-14.10.19:055][  0]LogCook:Display: Done creating registry. It took  0.00s.
[2016.02.03-14.10.20:514][  0]SourceControl: Info Source control is disabled
[2016.02.03-14.10.20:514][  0]Cmd: MAP LOAD FILE="../../../../../../Users/Ben/Documents/Unreal Projects/ShakespereGliding/Content/ThirdPersonBP/Maps/ThirdPersonExampleMap.umap" TEMPLATE=0 SHOWPROGRESS=1 FEATURELEVEL=3
[2016.02.03-14.10.20:515][  0]LightingResults: New page: Lighting Build
[2016.02.03-14.10.20:521][  0]MapCheck: New page: Map Check
[2016.02.03-14.10.20:521][  0]LightingResults: New page: Lighting Build
[2016.02.03-14.10.20:533][  0]LogParticles: Destroying 0 GPU particle simulations for FXSystem 0x0000009F25257CE0
[2016.02.03-14.10.20:536][  0]LogLinker:Warning: Asset '../../../../../../Users/Ben/Documents/Unreal Projects/ShakespereGliding/Content/ThirdPersonBP/Blueprints/ThirdPersonCharacter.uasset' has been saved with empty engine version. The asset will be loaded but may be incompatible.
[2016.02.03-14.10.20:537][  0]LogLinker:Warning: Asset '../../../../../../Users/Ben/Documents/Unreal Projects/ShakespereGliding/Content/Mannequin/Animations/ThirdPerson_AnimBP.uasset' has been saved with empty engine version. The asset will be loaded but may be incompatible.
[2016.02.03-14.10.20:539][  0]LogLinker:Warning: Asset '../../../../../../Users/Ben/Documents/Unreal Projects/ShakespereGliding/Content/Mannequin/Animations/ThirdPerson_Jump.uasset' has been saved with empty engine version. The asset will be loaded but may be incompatible.
[2016.02.03-14.10.20:590][  0]LogLinker:Warning: Asset '../../../../../../Users/Ben/Documents/Unreal Projects/ShakespereGliding/Content/Mannequin/Animations/ThirdPersonJump_Loop.uasset' has been saved with empty engine version. The asset will be loaded but may be incompatible.
[2016.02.03-14.10.20:593][  0]LogLinker:Warning: Asset '../../../../../../Users/Ben/Documents/Unreal Projects/ShakespereGliding/Content/Mannequin/Animations/ThirdPersonJump_Start.uasset' has been saved with empty engine version. The asset will be loaded but may be incompatible.
[2016.02.03-14.10.20:595][  0]LogLinker:Warning: Asset '../../../../../../Users/Ben/Documents/Unreal Projects/ShakespereGliding/Content/Mannequin/Animations/ThirdPerson_IdleRun_2D.uasset' has been saved with empty engine version. The asset will be loaded but may be incompatible.
[2016.02.03-14.10.20:595][  0]LogLinker:Warning: Asset '../../../../../../Users/Ben/Documents/Unreal Projects/ShakespereGliding/Content/Mannequin/Animations/ThirdPersonIdle.uasset' has been saved with empty engine version. The asset will be loaded but may be incompatible.
[2016.02.03-14.10.20:596][  0]LogLinker:Warning: Asset '../../../../../../Users/Ben/Documents/Unreal Projects/ShakespereGliding/Content/Mannequin/Animations/ThirdPersonRun.uasset' has been saved with empty engine version. The asset will be loaded but may be incompatible.
[2016.02.03-14.10.20:597][  0]LogLinker:Warning: Asset '../../../../../../Users/Ben/Documents/Unreal Projects/ShakespereGliding/Content/Mannequin/Animations/ThirdPersonWalk.uasset' has been saved with empty engine version. The asset will be loaded but may be incompatible.
[2016.02.03-14.10.30:401][  0]LogAIModule: Creating AISystem for world ThirdPersonExampleMap
[2016.02.03-14.10.34:143][  0]LogEditorServer: Finished looking for orphan Actors (0.000 secs)
[2016.02.03-14.10.34:233][  0]Cmd: MAP CHECKDEP NOCLEARLOG
[2016.02.03-14.10.34:312][  0]MapCheck: Info Map check complete: 0 Error(s), 0 Warning(s), took 78.818ms to complete.
[2016.02.03-14.10.34:312][  0]LogFileHelpers: Loading map 'ThirdPersonExampleMap' took 13.798
[2016.02.03-14.10.41:058][  0]LogCollectionManager: Loaded 0 collections in 0.002233 seconds
[2016.02.03-14.10.42:113][  0]LogFileCache: Scanning file cache for directory 'C:/Users/Ben/Documents/Unreal Projects/ShakespereGliding/Saved/Collections/' took 0.01s
[2016.02.03-14.10.42:113][  0]LogFileCache: Scanning file cache for directory 'C:/Users/Ben/Documents/Unreal Projects/ShakespereGliding/Content/Developers/Ben/Collections/' took 0.01s
[2016.02.03-14.10.42:113][  0]LogFileCache: Scanning file cache for directory 'C:/Users/Ben/Documents/Unreal Projects/ShakespereGliding/Content/Collections/' took 0.01s
[2016.02.03-14.10.42:113][  0]LogContentBrowser: Native class hierarchy populated in 0.0080 seconds. Added 1867 classes and 333 folders.
[2016.02.03-14.10.43:069][  0]LogCollectionManager: Rebuilt the GUID cache for 0 collections in 0.000002 seconds
[2016.02.03-14.10.43:643][  0]LogContentBrowser: Native class hierarchy updated for 'WidgetCarousel' in 0.0004 seconds. Added 0 classes and 0 folders.
[2016.02.03-14.10.45:998][  0]LogContentBrowser: Native class hierarchy updated for 'AddContentDialog' in 0.0005 seconds. Added 0 classes and 0 folders.
[2016.02.03-14.10.46:649][  0]LogContentBrowser: Native class hierarchy updated for 'SceneOutliner' in 0.0005 seconds. Added 1 classes and 2 folders.
[2016.02.03-14.10.57:127][  0]LogCrashTracker: Crashtracker disabled due to settings.
[2016.02.03-14.10.59:514][  0]LogLoad: Full Startup: 90.02 seconds (BP compile: 2.15 seconds)
[2016.02.03-14.11.02:837][  0]LogContentStreaming: Texture pool size now 400 MB
[2016.02.03-14.11.05:141][  0]LogRenderer: Reallocating scene render targets to support 1116x468 (Frame:2).
[2016.02.03-14.11.08:960][ 12]LogAssetRegistry: Asset discovery search completed in 55.7026 seconds
[2016.02.03-14.11.08:960][ 12]LogCollectionManager: Rebuilt the object cache for 0 collections in 0.000001 seconds (found 0 objects)
[2016.02.03-14.11.08:960][ 12]LogCollectionManager: Fixed up redirectors for 0 collections in 0.000019 seconds (updated 0 objects)
[2016.02.03-14.11.18:053][878]LogLinker:Warning: Asset '../../../Engine/Content/ArtTools/RenderToTexture/Macros/RenderToTextureMacros.uasset' has been saved with empty engine version. The asset will be loaded but may be incompatible.
[2016.02.03-14.11.19:169][878]LogContentBrowser: Native class hierarchy updated for 'BlueprintGraph' in 0.0008 seconds. Added 107 classes and 0 folders.
[2016.02.03-14.14.09:964][800]LogBlueprintUserMessages: CustomizeDetails for Blueprint 'ThirdPersonCharacter', cached variable property's owner is '/Game/ThirdPersonBP/Blueprints/ThirdPersonCharacter.SKEL_ThirdPersonCharacter_C'
[2016.02.03-14.14.15:761][239]LogBlueprintUserMessages: CustomizeDetails for Blueprint 'ThirdPersonCharacter', cached variable property's owner is '/Game/ThirdPersonBP/Blueprints/ThirdPersonCharacter.SKEL_ThirdPersonCharacter_C'
[2016.02.03-14.14.19:470][516]LogBlueprintUserMessages: PostEditorRefresh for Blueprint 'ThirdPersonCharacter', cached variable property's owner is '/Game/ThirdPersonBP/Blueprints/ThirdPersonCharacter.SKEL_ThirdPersonCharacter_C'
[2016.02.03-14.14.19:484][516]LogBlueprintUserMessages: PostEditorRefresh for Blueprint 'ThirdPersonCharacter', cached variable property's owner is '/Game/ThirdPersonBP/Blueprints/ThirdPersonCharacter.SKEL_ThirdPersonCharacter_C'
[2016.02.03-14.14.19:498][516]LogBlueprintUserMessages: PostEditorRefresh for Blueprint 'ThirdPersonCharacter', cached variable property's owner is '/Game/ThirdPersonBP/Blueprints/ThirdPersonCharacter.SKEL_ThirdPersonCharacter_C'
[2016.02.03-14.14.19:536][516]LogBlueprintUserMessages: CustomizeDetails for Blueprint 'ThirdPersonCharacter', cached variable property's owner is '/Game/ThirdPersonBP/Blueprints/ThirdPersonCharacter.SKEL_ThirdPersonCharacter_C'
[2016.02.03-14.18.36:629][195]LogBlueprintUserMessages: CustomizeDetails for Blueprint 'ThirdPersonCharacter', cached variable property's owner is '/Script/Engine.Character'
[2016.02.03-14.23.04:409][982]LogBlueprintUserMessages: CustomizeDetails for Blueprint 'ThirdPersonCharacter', cached variable property's owner is '/Game/ThirdPersonBP/Blueprints/ThirdPersonCharacter.SKEL_ThirdPersonCharacter_C'
[2016.02.03-14.23.52:331][388]LogBlueprintUserMessages: CustomizeDetails for Blueprint 'ThirdPersonCharacter', cached variable property's owner is '/Script/Engine.Character'
[2016.02.03-14.24.18:769][361]LogSavePackage: Save=657.114563ms
[2016.02.03-14.24.18:769][361]LogSavePackage: Moving '../../../../../../Users/Ben/Documents/Unreal Projects/ShakespereGliding/Saved/ThirdPersonExampleMap_Auto1E55109134B00D840E74F0BABB8224E36.tmp' to '../../../../../../Users/Ben/Documents/Unreal Projects/ShakespereGliding/Saved/Autosaves/Game/ThirdPersonBP/Maps/ThirdPersonExampleMap_Auto1.umap'
[2016.02.03-14.24.18:785][361]LogSavePackage: Total save time: 716.490146ms
[2016.02.03-14.24.18:786][361]LogSavePackage:Warning: Finished SavePackage ../../../../../../Users/Ben/Documents/Unreal Projects/ShakespereGliding/Saved/Autosaves/Game/ThirdPersonBP/Maps/ThirdPersonExampleMap_Auto1.umap
[2016.02.03-14.24.18:807][361]LogFileHelpers: Editor autosave (incl. sublevels) for '/Game/ThirdPersonBP/Maps/ThirdPersonExampleMap' took 0.887
[2016.02.03-14.24.18:807][361]LogFileHelpers: Editor autosave (incl. sublevels) for all levels took 0.887
[2016.02.03-14.24.18:812][361]OBJ SavePackage: Generating thumbnails for [1] asset(s) in package [/Game/ThirdPersonBP/Blueprints/ThirdPersonCharacter] ([1] browsable assets)...
[2016.02.03-14.24.18:889][361]OBJ SavePackage:     Rendered thumbnail for [Blueprint /Game/ThirdPersonBP/Blueprints/ThirdPersonCharacter.ThirdPersonCharacter]
[2016.02.03-14.24.18:889][361]OBJ SavePackage: Finished generating thumbnails for package [/Game/ThirdPersonBP/Blueprints/ThirdPersonCharacter]
[2016.02.03-14.24.18:992][361]LogSavePackage: Save=97.921669ms
[2016.02.03-14.24.18:992][361]LogSavePackage: Moving '../../../../../../Users/Ben/Documents/Unreal Projects/ShakespereGliding/Saved/ThirdPersonCharacter_Auto19F1DD63B456C3F1AF9507BA42FC88282.tmp' to '../../../../../../Users/Ben/Documents/Unreal Projects/ShakespereGliding/Saved/Autosaves/Game/ThirdPersonBP/Blueprints/ThirdPersonCharacter_Auto1.uasset'
[2016.02.03-14.24.18:994][361]LogSavePackage: Total save time: 103.141997ms
[2016.02.03-14.24.18:994][361]LogSavePackage:Warning: Finished SavePackage ../../../../../../Users/Ben/Documents/Unreal Projects/ShakespereGliding/Saved/Autosaves/Game/ThirdPersonBP/Blueprints/ThirdPersonCharacter_Auto1.uasset
[2016.02.03-14.24.18:994][361]LogFileHelpers: Auto-saving content packages took 0.186
[2016.02.03-14.28.59:321][455]LogBlueprintUserMessages: CustomizeDetails for Blueprint 'ThirdPersonCharacter', cached variable property's owner is '/Game/ThirdPersonBP/Blueprints/ThirdPersonCharacter.SKEL_ThirdPersonCharacter_C'
[2016.02.03-14.34.19:563][753]LogActorComponent: UnregisterComponent: (/Engine/Transient.CharMoveComp) Not registered. Aborting.
[2016.02.03-14.34.19:587][753]LogFileHelpers: Editor autosave (incl. sublevels) for '/Game/ThirdPersonBP/Maps/ThirdPersonExampleMap' took 0.041
[2016.02.03-14.34.19:594][753]OBJ SavePackage: Generating thumbnails for [1] asset(s) in package [/Game/ThirdPersonBP/Blueprints/ThirdPersonCharacter] ([1] browsable assets)...
[2016.02.03-14.34.19:604][753]OBJ SavePackage:     Rendered thumbnail for [Blueprint /Game/ThirdPersonBP/Blueprints/ThirdPersonCharacter.ThirdPersonCharacter]
[2016.02.03-14.34.19:604][753]OBJ SavePackage: Finished generating thumbnails for package [/Game/ThirdPersonBP/Blueprints/ThirdPersonCharacter]
[2016.02.03-14.34.19:695][753]LogSavePackage: Save=82.838234ms
[2016.02.03-14.34.19:695][753]LogSavePackage: Moving '../../../../../../Users/Ben/Documents/Unreal Projects/ShakespereGliding/Saved/ThirdPersonCharacter_Auto271BDC25D4256494C16DD209195721322.tmp' to '../../../../../../Users/Ben/Documents/Unreal Projects/ShakespereGliding/Saved/Autosaves/Game/ThirdPersonBP/Blueprints/ThirdPersonCharacter_Auto2.uasset'
[2016.02.03-14.34.19:696][753]LogSavePackage: Total save time: 89.371026ms
[2016.02.03-14.34.19:696][753]LogSavePackage:Warning: Finished SavePackage ../../../../../../Users/Ben/Documents/Unreal Projects/ShakespereGliding/Saved/Autosaves/Game/ThirdPersonBP/Blueprints/ThirdPersonCharacter_Auto2.uasset
[2016.02.03-14.34.19:696][753]LogFileHelpers: Auto-saving content packages took 0.109
[2016.02.03-14.49.05:171][606]LogUProjectInfo: Found projects:
[2016.02.03-14.52.28:948][298]LogBlueprintUserMessages: Early PlayInEditor Detection: Level '/Game/ThirdPersonBP/Maps/ThirdPersonExampleMap.ThirdPersonExampleMap:PersistentLevel' has LevelScriptBlueprint '/Game/ThirdPersonBP/Maps/ThirdPersonExampleMap.ThirdPersonExampleMap:PersistentLevel.ThirdPersonExampleMap' with GeneratedClass '/Game/ThirdPersonBP/Maps/ThirdPersonExampleMap.ThirdPersonExampleMap_C' with ClassGeneratedBy '/Game/ThirdPersonBP/Maps/ThirdPersonExampleMap.ThirdPersonExampleMap:PersistentLevel.ThirdPersonExampleMap'
[2016.02.03-14.52.28:949][298]BlueprintLog: New page: Pre-Play auto-recompile
[2016.02.03-14.52.28:955][298]LogActorComponent: UnregisterComponent: (/Engine/Transient.CharMoveComp) Not registered. Aborting.
[2016.02.03-14.52.28:977][298]LogPlayLevel: [PlayLevel] Compiling ThirdPersonCharacter before play...
[2016.02.03-14.52.29:513][298]LogPlayLevel: PlayLevel: Blueprint regeneration took 564 ms (1 blueprints)
[2016.02.03-14.52.29:612][298]PIE: New page: PIE session: ThirdPersonExampleMap (Feb 3, 2016, 2:52:29 PM)
[2016.02.03-14.52.29:649][298]LogPlayLevel: Creating play world package: /Game/ThirdPersonBP/Maps/UEDPIE_0_ThirdPersonExampleMap
[2016.02.03-14.52.29:730][298]LogPlayLevel: PIE: StaticDuplicateObject took: (0.080030s)
[2016.02.03-14.52.29:731][298]LogAIModule: Creating AISystem for world ThirdPersonExampleMap
[2016.02.03-14.52.29:731][298]LogPlayLevel: PIE: World Init took: (0.001507s)
[2016.02.03-14.52.29:732][298]LogPlayLevel: PIE: Created PIE world by copying editor world from /Game/ThirdPersonBP/Maps/ThirdPersonExampleMap.ThirdPersonExampleMap to /Game/ThirdPersonBP/Maps/UEDPIE_0_ThirdPersonExampleMap.ThirdPersonExampleMap (0.082479s)
[2016.02.03-14.52.29:844][298]LogInit: XAudio2 using 'Speakers (Realtek High Definition Audio)' : 2 channels at 48 kHz using 32 bits per sample (channel mask 0x3)
[2016.02.03-14.52.29:848][298]LogInit: FAudioDevice initialized.
[2016.02.03-14.52.30:019][298]LogLinker:Warning: Asset '../../../../../../Users/Ben/Documents/Unreal Projects/ShakespereGliding/Content/ThirdPersonBP/Blueprints/ThirdPersonCharacter.uasset' has been saved with empty engine version. The asset will be loaded but may be incompatible.
[2016.02.03-14.52.30:028][298]LogWorld: Game class is 'ThirdPersonGameMode_C'
[2016.02.03-14.52.30:217][298]LogWorld: Bringing World /Game/ThirdPersonBP/Maps/UEDPIE_0_ThirdPersonExampleMap.ThirdPersonExampleMap up for play (max tick rate 0) at 2016.02.03-14.52.30
[2016.02.03-14.52.30:217][298]LogActor:Warning: GameSession /Game/ThirdPersonBP/Maps/UEDPIE_0_ThirdPersonExampleMap.ThirdPersonExampleMap:PersistentLevel.GameSession_0 has natively added scene component(s), but none of them were set as the actor's RootComponent - picking one arbitrarily
[2016.02.03-14.52.30:233][298]LogActor:Warning: GameNetworkManager /Game/ThirdPersonBP/Maps/UEDPIE_0_ThirdPersonExampleMap.ThirdPersonExampleMap:PersistentLevel.GameNetworkManager_0 has natively added scene component(s), but none of them were set as the actor's RootComponent - picking one arbitrarily
[2016.02.03-14.52.30:275][298]LogWorld: Bringing up level for play took: 0.065295
[2016.02.03-14.52.30:628][298]PIE: Info Play in editor start time for /Game/ThirdPersonBP/Maps/UEDPIE_0_ThirdPersonExampleMap 2.303
[2016.02.03-14.52.30:628][298]LogBlueprintUserMessages: Late PlayInEditor Detection: Level '/Game/ThirdPersonBP/Maps/ThirdPersonExampleMap.ThirdPersonExampleMap:PersistentLevel' has LevelScriptBlueprint '/Game/ThirdPersonBP/Maps/ThirdPersonExampleMap.ThirdPersonExampleMap:PersistentLevel.ThirdPersonExampleMap' with GeneratedClass '/Game/ThirdPersonBP/Maps/ThirdPersonExampleMap.ThirdPersonExampleMap_C' with ClassGeneratedBy '/Game/ThirdPersonBP/Maps/ThirdPersonExampleMap.ThirdPersonExampleMap:PersistentLevel.ThirdPersonExampleMap'
[2016.02.03-14.52.41:800][456]LogBlueprintUserMessages: Early EndPlayMap Detection: Level '/Game/ThirdPersonBP/Maps/ThirdPersonExampleMap.ThirdPersonExampleMap:PersistentLevel' has LevelScriptBlueprint '/Game/ThirdPersonBP/Maps/ThirdPersonExampleMap.ThirdPersonExampleMap:PersistentLevel.ThirdPersonExampleMap' with GeneratedClass '/Game/ThirdPersonBP/Maps/ThirdPersonExampleMap.ThirdPersonExampleMap_C' with ClassGeneratedBy '/Game/ThirdPersonBP/Maps/ThirdPersonExampleMap.ThirdPersonExampleMap:PersistentLevel.ThirdPersonExampleMap'
[2016.02.03-14.52.42:052][456]LogBlueprintUserMessages: Late EndPlayMap Detection: Level '/Game/ThirdPersonBP/Maps/ThirdPersonExampleMap.ThirdPersonExampleMap:PersistentLevel' has LevelScriptBlueprint '/Game/ThirdPersonBP/Maps/ThirdPersonExampleMap.ThirdPersonExampleMap:PersistentLevel.ThirdPersonExampleMap' with GeneratedClass '/Game/ThirdPersonBP/Maps/ThirdPersonExampleMap.ThirdPersonExampleMap_C' with ClassGeneratedBy '/Game/ThirdPersonBP/Maps/ThirdPersonExampleMap.ThirdPersonExampleMap:PersistentLevel.ThirdPersonExampleMap'
[2016.02.03-14.52.42:107][456]LogParticles: Destroying 0 GPU particle simulations for FXSystem 0x0000009F760622A0
[2016.02.03-14.52.50:024][155]LogBlueprintUserMessages: Early PlayInEditor Detection: Level '/Game/ThirdPersonBP/Maps/ThirdPersonExampleMap.ThirdPersonExampleMap:PersistentLevel' has LevelScriptBlueprint '/Game/ThirdPersonBP/Maps/ThirdPersonExampleMap.ThirdPersonExampleMap:PersistentLevel.ThirdPersonExampleMap' with GeneratedClass '/Game/ThirdPersonBP/Maps/ThirdPersonExampleMap.ThirdPersonExampleMap_C' with ClassGeneratedBy '/Game/ThirdPersonBP/Maps/ThirdPersonExampleMap.ThirdPersonExampleMap:PersistentLevel.ThirdPersonExampleMap'
[2016.02.03-14.52.50:024][155]LogPlayLevel: PlayLevel: No blueprints needed recompiling
[2016.02.03-14.52.50:024][155]PIE: New page: PIE session: ThirdPersonExampleMap (Feb 3, 2016, 2:52:50 PM)
[2016.02.03-14.52.50:024][155]LogPlayLevel: Creating play world package: /Game/ThirdPersonBP/Maps/UEDPIE_0_ThirdPersonExampleMap
[2016.02.03-14.52.50:041][155]LogPlayLevel: PIE: StaticDuplicateObject took: (0.016971s)
[2016.02.03-14.52.50:042][155]LogAIModule: Creating AISystem for world ThirdPersonExampleMap
[2016.02.03-14.52.50:042][155]LogPlayLevel: PIE: World Init took: (0.000885s)
[2016.02.03-14.52.50:042][155]LogPlayLevel: PIE: Created PIE world by copying editor world from /Game/ThirdPersonBP/Maps/ThirdPersonExampleMap.ThirdPersonExampleMap to /Game/ThirdPersonBP/Maps/UEDPIE_0_ThirdPersonExampleMap.ThirdPersonExampleMap (0.018045s)
[2016.02.03-14.52.50:101][155]LogInit: XAudio2 using 'Speakers (Realtek High Definition Audio)' : 2 channels at 48 kHz using 32 bits per sample (channel mask 0x3)
[2016.02.03-14.52.50:104][155]LogInit: FAudioDevice initialized.
[2016.02.03-14.52.50:138][155]LogWorld: Game class is 'ThirdPersonGameMode_C'
[2016.02.03-14.52.50:146][155]LogWorld: Bringing World /Game/ThirdPersonBP/Maps/UEDPIE_0_ThirdPersonExampleMap.ThirdPersonExampleMap up for play (max tick rate 0) at 2016.02.03-14.52.50
[2016.02.03-14.52.50:146][155]LogActor:Warning: GameSession /Game/ThirdPersonBP/Maps/UEDPIE_0_ThirdPersonExampleMap.ThirdPersonExampleMap:PersistentLevel.GameSession_1 has natively added scene component(s), but none of them were set as the actor's RootComponent - picking one arbitrarily
[2016.02.03-14.52.50:146][155]LogActor:Warning: GameNetworkManager /Game/ThirdPersonBP/Maps/UEDPIE_0_ThirdPersonExampleMap.ThirdPersonExampleMap:PersistentLevel.GameNetworkManager_1 has natively added scene component(s), but none of them were set as the actor's RootComponent - picking one arbitrarily
[2016.02.03-14.52.50:147][155]LogWorld: Bringing up level for play took: 0.006910
[2016.02.03-14.52.50:148][155]PIE: Info Play in editor start time for /Game/ThirdPersonBP/Maps/UEDPIE_0_ThirdPersonExampleMap -0.166
[2016.02.03-14.52.50:148][155]LogBlueprintUserMessages: Late PlayInEditor Detection: Level '/Game/ThirdPersonBP/Maps/ThirdPersonExampleMap.ThirdPersonExampleMap:PersistentLevel' has LevelScriptBlueprint '/Game/ThirdPersonBP/Maps/ThirdPersonExampleMap.ThirdPersonExampleMap:PersistentLevel.ThirdPersonExampleMap' with GeneratedClass '/Game/ThirdPersonBP/Maps/ThirdPersonExampleMap.ThirdPersonExampleMap_C' with ClassGeneratedBy '/Game/ThirdPersonBP/Maps/ThirdPersonExampleMap.ThirdPersonExampleMap:PersistentLevel.ThirdPersonExampleMap'
[2016.02.03-14.53.00:861][373]LogBlueprintUserMessages: Early EndPlayMap Detection: Level '/Game/ThirdPersonBP/Maps/ThirdPersonExampleMap.ThirdPersonExampleMap:PersistentLevel' has LevelScriptBlueprint '/Game/ThirdPersonBP/Maps/ThirdPersonExampleMap.ThirdPersonExampleMap:PersistentLevel.ThirdPersonExampleMap' with GeneratedClass '/Game/ThirdPersonBP/Maps/ThirdPersonExampleMap.ThirdPersonExampleMap_C' with ClassGeneratedBy '/Game/ThirdPersonBP/Maps/ThirdPersonExampleMap.ThirdPersonExampleMap:PersistentLevel.ThirdPersonExampleMap'
[2016.02.03-14.53.00:965][373]LogBlueprintUserMessages: Late EndPlayMap Detection: Level '/Game/ThirdPersonBP/Maps/ThirdPersonExampleMap.ThirdPersonExampleMap:PersistentLevel' has LevelScriptBlueprint '/Game/ThirdPersonBP/Maps/ThirdPersonExampleMap.ThirdPersonExampleMap:PersistentLevel.ThirdPersonExampleMap' with GeneratedClass '/Game/ThirdPersonBP/Maps/ThirdPersonExampleMap.ThirdPersonExampleMap_C' with ClassGeneratedBy '/Game/ThirdPersonBP/Maps/ThirdPersonExampleMap.ThirdPersonExampleMap:PersistentLevel.ThirdPersonExampleMap'
[2016.02.03-14.53.00:986][373]LogParticles: Destroying 0 GPU particle simulations for FXSystem 0x0000009F4A419120
[2016.02.03-14.53.05:370][747]LogBlueprintUserMessages: Early PlayInEditor Detection: Level '/Game/ThirdPersonBP/Maps/ThirdPersonExampleMap.ThirdPersonExampleMap:PersistentLevel' has LevelScriptBlueprint '/Game/ThirdPersonBP/Maps/ThirdPersonExampleMap.ThirdPersonExampleMap:PersistentLevel.ThirdPersonExampleMap' with GeneratedClass '/Game/ThirdPersonBP/Maps/ThirdPersonExampleMap.ThirdPersonExampleMap_C' with ClassGeneratedBy '/Game/ThirdPersonBP/Maps/ThirdPersonExampleMap.ThirdPersonExampleMap:PersistentLevel.ThirdPersonExampleMap'
[2016.02.03-14.53.05:370][747]LogPlayLevel: PlayLevel: No blueprints needed recompiling
[2016.02.03-14.53.05:370][747]PIE: New page: PIE session: ThirdPersonExampleMap (Feb 3, 2016, 2:53:05 PM)
[2016.02.03-14.53.05:370][747]LogPlayLevel: Creating play world package: /Game/ThirdPersonBP/Maps/UEDPIE_0_ThirdPersonExampleMap
[2016.02.03-14.53.05:387][747]LogPlayLevel: PIE: StaticDuplicateObject took: (0.016942s)
[2016.02.03-14.53.05:387][747]LogAIModule: Creating AISystem for world ThirdPersonExampleMap
[2016.02.03-14.53.05:388][747]LogPlayLevel: PIE: World Init took: (0.000793s)
[2016.02.03-14.53.05:388][747]LogPlayLevel: PIE: Created PIE world by copying editor world from /Game/ThirdPersonBP/Maps/ThirdPersonExampleMap.ThirdPersonExampleMap to /Game/ThirdPersonBP/Maps/UEDPIE_0_ThirdPersonExampleMap.ThirdPersonExampleMap (0.017935s)
[2016.02.03-14.53.05:446][747]LogInit: XAudio2 using 'Speakers (Realtek High Definition Audio)' : 2 channels at 48 kHz using 32 bits per sample (channel mask 0x3)
[2016.02.03-14.53.05:449][747]LogInit: FAudioDevice initialized.
[2016.02.03-14.53.05:483][747]LogWorld: Game class is 'ThirdPersonGameMode_C'
[2016.02.03-14.53.05:491][747]LogWorld: Bringing World /Game/ThirdPersonBP/Maps/UEDPIE_0_ThirdPersonExampleMap.ThirdPersonExampleMap up for play (max tick rate 0) at 2016.02.03-14.53.05
[2016.02.03-14.53.05:491][747]LogActor:Warning: GameSession /Game/ThirdPersonBP/Maps/UEDPIE_0_ThirdPersonExampleMap.ThirdPersonExampleMap:PersistentLevel.GameSession_2 has natively added scene component(s), but none of them were set as the actor's RootComponent - picking one arbitrarily
[2016.02.03-14.53.05:491][747]LogActor:Warning: GameNetworkManager /Game/ThirdPersonBP/Maps/UEDPIE_0_ThirdPersonExampleMap.ThirdPersonExampleMap:PersistentLevel.GameNetworkManager_2 has natively added scene component(s), but none of them were set as the actor's RootComponent - picking one arbitrarily
[2016.02.03-14.53.05:491][747]LogWorld: Bringing up level for play took: 0.006667
[2016.02.03-14.53.05:492][747]PIE: Info Play in editor start time for /Game/ThirdPersonBP/Maps/UEDPIE_0_ThirdPersonExampleMap -0.822
[2016.02.03-14.53.05:493][747]LogBlueprintUserMessages: Late PlayInEditor Detection: Level '/Game/ThirdPersonBP/Maps/ThirdPersonExampleMap.ThirdPersonExampleMap:PersistentLevel' has LevelScriptBlueprint '/Game/ThirdPersonBP/Maps/ThirdPersonExampleMap.ThirdPersonExampleMap:PersistentLevel.ThirdPersonExampleMap' with GeneratedClass '/Game/ThirdPersonBP/Maps/ThirdPersonExampleMap.ThirdPersonExampleMap_C' with ClassGeneratedBy '/Game/ThirdPersonBP/Maps/ThirdPersonExampleMap.ThirdPersonExampleMap:PersistentLevel.ThirdPersonExampleMap'
[2016.02.03-14.53.17:712][125]LogBlueprintUserMessages: Early EndPlayMap Detection: Level '/Game/ThirdPersonBP/Maps/ThirdPersonExampleMap.ThirdPersonExampleMap:PersistentLevel' has LevelScriptBlueprint '/Game/ThirdPersonBP/Maps/ThirdPersonExampleMap.ThirdPersonExampleMap:PersistentLevel.ThirdPersonExampleMap' with GeneratedClass '/Game/ThirdPersonBP/Maps/ThirdPersonExampleMap.ThirdPersonExampleMap_C' with ClassGeneratedBy '/Game/ThirdPersonBP/Maps/ThirdPersonExampleMap.ThirdPersonExampleMap:PersistentLevel.ThirdPersonExampleMap'
[2016.02.03-14.53.17:813][125]LogBlueprintUserMessages: Late EndPlayMap Detection: Level '/Game/ThirdPersonBP/Maps/ThirdPersonExampleMap.ThirdPersonExampleMap:PersistentLevel' has LevelScriptBlueprint '/Game/ThirdPersonBP/Maps/ThirdPersonExampleMap.ThirdPersonExampleMap:PersistentLevel.ThirdPersonExampleMap' with GeneratedClass '/Game/ThirdPersonBP/Maps/ThirdPersonExampleMap.ThirdPersonExampleMap_C' with ClassGeneratedBy '/Game/ThirdPersonBP/Maps/ThirdPersonExampleMap.ThirdPersonExampleMap:PersistentLevel.ThirdPersonExampleMap'
[2016.02.03-14.53.17:834][125]LogParticles: Destroying 0 GPU particle simulations for FXSystem 0x0000009F52E9B920
[2016.02.03-14.53.33:447][428]LogBlueprintUserMessages: Early PlayInEditor Detection: Level '/Game/ThirdPersonBP/Maps/ThirdPersonExampleMap.ThirdPersonExampleMap:PersistentLevel' has LevelScriptBlueprint '/Game/ThirdPersonBP/Maps/ThirdPersonExampleMap.ThirdPersonExampleMap:PersistentLevel.ThirdPersonExampleMap' with GeneratedClass '/Game/ThirdPersonBP/Maps/ThirdPersonExampleMap.ThirdPersonExampleMap_C' with ClassGeneratedBy '/Game/ThirdPersonBP/Maps/ThirdPersonExampleMap.ThirdPersonExampleMap:PersistentLevel.ThirdPersonExampleMap'
[2016.02.03-14.53.33:447][428]LogPlayLevel: PlayLevel: No blueprints needed recompiling
[2016.02.03-14.53.33:447][428]PIE: New page: PIE session: ThirdPersonExampleMap (Feb 3, 2016, 2:53:33 PM)
[2016.02.03-14.53.33:447][428]LogPlayLevel: Creating play world package: /Game/ThirdPersonBP/Maps/UEDPIE_0_ThirdPersonExampleMap
[2016.02.03-14.53.33:465][428]LogPlayLevel: PIE: StaticDuplicateObject took: (0.018325s)
[2016.02.03-14.53.33:466][428]LogAIModule: Creating AISystem for world ThirdPersonExampleMap
[2016.02.03-14.53.33:466][428]LogPlayLevel: PIE: World Init took: (0.000796s)
[2016.02.03-14.53.33:466][428]LogPlayLevel: PIE: Created PIE world by copying editor world from /Game/ThirdPersonBP/Maps/ThirdPersonExampleMap.ThirdPersonExampleMap to /Game/ThirdPersonBP/Maps/UEDPIE_0_ThirdPersonExampleMap.ThirdPersonExampleMap (0.019337s)
[2016.02.03-14.53.33:541][428]LogInit: XAudio2 using 'Speakers (Realtek High Definition Audio)' : 2 channels at 48 kHz using 32 bits per sample (channel mask 0x3)
[2016.02.03-14.53.33:544][428]LogInit: FAudioDevice initialized.
[2016.02.03-14.53.33:579][428]LogWorld: Game class is 'ThirdPersonGameMode_C'
[2016.02.03-14.53.33:587][428]LogWorld: Bringing World /Game/ThirdPersonBP/Maps/UEDPIE_0_ThirdPersonExampleMap.ThirdPersonExampleMap up for play (max tick rate 0) at 2016.02.03-14.53.33
[2016.02.03-14.53.33:587][428]LogActor:Warning: GameSession /Game/ThirdPersonBP/Maps/UEDPIE_0_ThirdPersonExampleMap.ThirdPersonExampleMap:PersistentLevel.GameSession_3 has natively added scene component(s), but none of them were set as the actor's RootComponent - picking one arbitrarily
[2016.02.03-14.53.33:587][428]LogActor:Warning: GameNetworkManager /Game/ThirdPersonBP/Maps/UEDPIE_0_ThirdPersonExampleMap.ThirdPersonExampleMap:PersistentLevel.GameNetworkManager_3 has natively added scene component(s), but none of them were set as the actor's RootComponent - picking one arbitrarily
[2016.02.03-14.53.33:587][428]LogWorld: Bringing up level for play took: 0.006844
[2016.02.03-14.53.33:588][428]PIE: Info Play in editor start time for /Game/ThirdPersonBP/Maps/UEDPIE_0_ThirdPersonExampleMap -0.726
[2016.02.03-14.53.33:588][428]LogBlueprintUserMessages: Late PlayInEditor Detection: Level '/Game/ThirdPersonBP/Maps/ThirdPersonExampleMap.ThirdPersonExampleMap:PersistentLevel' has LevelScriptBlueprint '/Game/ThirdPersonBP/Maps/ThirdPersonExampleMap.ThirdPersonExampleMap:PersistentLevel.ThirdPersonExampleMap' with GeneratedClass '/Game/ThirdPersonBP/Maps/ThirdPersonExampleMap.ThirdPersonExampleMap_C' with ClassGeneratedBy '/Game/ThirdPersonBP/Maps/ThirdPersonExampleMap.ThirdPersonExampleMap:PersistentLevel.ThirdPersonExampleMap'
[2016.02.03-14.53.44:586][606]LogBlueprintUserMessages: Early EndPlayMap Detection: Level '/Game/ThirdPersonBP/Maps/ThirdPersonExampleMap.ThirdPersonExampleMap:PersistentLevel' has LevelScriptBlueprint '/Game/ThirdPersonBP/Maps/ThirdPersonExampleMap.ThirdPersonExampleMap:PersistentLevel.ThirdPersonExampleMap' with GeneratedClass '/Game/ThirdPersonBP/Maps/ThirdPersonExampleMap.ThirdPersonExampleMap_C' with ClassGeneratedBy '/Game/ThirdPersonBP/Maps/ThirdPersonExampleMap.ThirdPersonExampleMap:PersistentLevel.ThirdPersonExampleMap'
[2016.02.03-14.53.44:693][606]LogBlueprintUserMessages: Late EndPlayMap Detection: Level '/Game/ThirdPersonBP/Maps/ThirdPersonExampleMap.ThirdPersonExampleMap:PersistentLevel' has LevelScriptBlueprint '/Game/ThirdPersonBP/Maps/ThirdPersonExampleMap.ThirdPersonExampleMap:PersistentLevel.ThirdPersonExampleMap' with GeneratedClass '/Game/ThirdPersonBP/Maps/ThirdPersonExampleMap.ThirdPersonExampleMap_C' with ClassGeneratedBy '/Game/ThirdPersonBP/Maps/ThirdPersonExampleMap.ThirdPersonExampleMap:PersistentLevel.ThirdPersonExampleMap'
[2016.02.03-14.53.44:716][606]LogParticles: Destroying 0 GPU particle simulations for FXSystem 0x0000009F27F17F60
[2016.02.03-14.53.59:009][863]LogBlueprintUserMessages: Early PlayInEditor Detection: Level '/Game/ThirdPersonBP/Maps/ThirdPersonExampleMap.ThirdPersonExampleMap:PersistentLevel' has LevelScriptBlueprint '/Game/ThirdPersonBP/Maps/ThirdPersonExampleMap.ThirdPersonExampleMap:PersistentLevel.ThirdPersonExampleMap' with GeneratedClass '/Game/ThirdPersonBP/Maps/ThirdPersonExampleMap.ThirdPersonExampleMap_C' with ClassGeneratedBy '/Game/ThirdPersonBP/Maps/ThirdPersonExampleMap.ThirdPersonExampleMap:PersistentLevel.ThirdPersonExampleMap'
[2016.02.03-14.53.59:009][863]LogPlayLevel: PlayLevel: No blueprints needed recompiling
[2016.02.03-14.53.59:009][863]PIE: New page: PIE session: ThirdPersonExampleMap (Feb 3, 2016, 2:53:59 PM)
[2016.02.03-14.53.59:009][863]LogPlayLevel: Creating play world package: /Game/ThirdPersonBP/Maps/UEDPIE_0_ThirdPersonExampleMap
[2016.02.03-14.53.59:027][863]LogPlayLevel: PIE: StaticDuplicateObject took: (0.017574s)
[2016.02.03-14.53.59:028][863]LogAIModule: Creating AISystem for world ThirdPersonExampleMap
[2016.02.03-14.53.59:028][863]LogPlayLevel: PIE: World Init took: (0.001083s)
[2016.02.03-14.53.59:028][863]LogPlayLevel: PIE: Created PIE world by copying editor world from /Game/ThirdPersonBP/Maps/ThirdPersonExampleMap.ThirdPersonExampleMap to /Game/ThirdPersonBP/Maps/UEDPIE_0_ThirdPersonExampleMap.ThirdPersonExampleMap (0.018897s)
[2016.02.03-14.53.59:085][863]LogInit: XAudio2 using 'Speakers (Realtek High Definition Audio)' : 2 channels at 48 kHz using 32 bits per sample (channel mask 0x3)
[2016.02.03-14.53.59:089][863]LogInit: FAudioDevice initialized.
[2016.02.03-14.53.59:123][863]LogWorld: Game class is 'ThirdPersonGameMode_C'
[2016.02.03-14.53.59:131][863]LogWorld: Bringing World /Game/ThirdPersonBP/Maps/UEDPIE_0_ThirdPersonExampleMap.ThirdPersonExampleMap up for play (max tick rate 0) at 2016.02.03-14.53.59
[2016.02.03-14.53.59:131][863]LogActor:Warning: GameSession /Game/ThirdPersonBP/Maps/UEDPIE_0_ThirdPersonExampleMap.ThirdPersonExampleMap:PersistentLevel.GameSession_4 has natively added scene component(s), but none of them were set as the actor's RootComponent - picking one arbitrarily
[2016.02.03-14.53.59:131][863]LogActor:Warning: GameNetworkManager /Game/ThirdPersonBP/Maps/UEDPIE_0_ThirdPersonExampleMap.ThirdPersonExampleMap:PersistentLevel.GameNetworkManager_4 has natively added scene component(s), but none of them were set as the actor's RootComponent - picking one arbitrarily
[2016.02.03-14.53.59:131][863]LogWorld: Bringing up level for play took: 0.007046
[2016.02.03-14.53.59:132][863]PIE: Info Play in editor start time for /Game/ThirdPersonBP/Maps/UEDPIE_0_ThirdPersonExampleMap 0.818
[2016.02.03-14.53.59:133][863]LogBlueprintUserMessages: Late PlayInEditor Detection: Level '/Game/ThirdPersonBP/Maps/ThirdPersonExampleMap.ThirdPersonExampleMap:PersistentLevel' has LevelScriptBlueprint '/Game/ThirdPersonBP/Maps/ThirdPersonExampleMap.ThirdPersonExampleMap:PersistentLevel.ThirdPersonExampleMap' with GeneratedClass '/Game/ThirdPersonBP/Maps/ThirdPersonExampleMap.ThirdPersonExampleMap_C' with ClassGeneratedBy '/Game/ThirdPersonBP/Maps/ThirdPersonExampleMap.ThirdPersonExampleMap:PersistentLevel.ThirdPersonExampleMap'
[2016.02.03-14.54.00:777][ 45]LogBlueprintUserMessages: Early EndPlayMap Detection: Level '/Game/ThirdPersonBP/Maps/ThirdPersonExampleMap.ThirdPersonExampleMap:PersistentLevel' has LevelScriptBlueprint '/Game/ThirdPersonBP/Maps/ThirdPersonExampleMap.ThirdPersonExampleMap:PersistentLevel.ThirdPersonExampleMap' with GeneratedClass '/Game/ThirdPersonBP/Maps/ThirdPersonExampleMap.ThirdPersonExampleMap_C' with ClassGeneratedBy '/Game/ThirdPersonBP/Maps/ThirdPersonExampleMap.ThirdPersonExampleMap:PersistentLevel.ThirdPersonExampleMap'
[2016.02.03-14.54.00:882][ 45]LogBlueprintUserMessages: Late EndPlayMap Detection: Level '/Game/ThirdPersonBP/Maps/ThirdPersonExampleMap.ThirdPersonExampleMap:PersistentLevel' has LevelScriptBlueprint '/Game/ThirdPersonBP/Maps/ThirdPersonExampleMap.ThirdPersonExampleMap:PersistentLevel.ThirdPersonExampleMap' with GeneratedClass '/Game/ThirdPersonBP/Maps/ThirdPersonExampleMap.ThirdPersonExampleMap_C' with ClassGeneratedBy '/Game/ThirdPersonBP/Maps/ThirdPersonExampleMap.ThirdPersonExampleMap:PersistentLevel.ThirdPersonExampleMap'
[2016.02.03-14.54.00:904][ 45]LogParticles: Destroying 0 GPU particle simulations for FXSystem 0x0000009F760639C0
[2016.02.03-14.54.06:761][536]LogBlueprintUserMessages: Early PlayInEditor Detection: Level '/Game/ThirdPersonBP/Maps/ThirdPersonExampleMap.ThirdPersonExampleMap:PersistentLevel' has LevelScriptBlueprint '/Game/ThirdPersonBP/Maps/ThirdPersonExampleMap.ThirdPersonExampleMap:PersistentLevel.ThirdPersonExampleMap' with GeneratedClass '/Game/ThirdPersonBP/Maps/ThirdPersonExampleMap.ThirdPersonExampleMap_C' with ClassGeneratedBy '/Game/ThirdPersonBP/Maps/ThirdPersonExampleMap.ThirdPersonExampleMap:PersistentLevel.ThirdPersonExampleMap'
[2016.02.03-14.54.06:761][536]LogPlayLevel: PlayLevel: No blueprints needed recompiling
[2016.02.03-14.54.06:761][536]PIE: New page: PIE session: ThirdPersonExampleMap (Feb 3, 2016, 2:54:06 PM)
[2016.02.03-14.54.06:761][536]LogPlayLevel: Creating play world package: /Game/ThirdPersonBP/Maps/UEDPIE_0_ThirdPersonExampleMap
[2016.02.03-14.54.06:778][536]LogPlayLevel: PIE: StaticDuplicateObject took: (0.017235s)
[2016.02.03-14.54.06:779][536]LogAIModule: Creating AISystem for world ThirdPersonExampleMap
[2016.02.03-14.54.06:779][536]LogPlayLevel: PIE: World Init took: (0.000637s)
[2016.02.03-14.54.06:779][536]LogPlayLevel: PIE: Created PIE world by copying editor world from /Game/ThirdPersonBP/Maps/ThirdPersonExampleMap.ThirdPersonExampleMap to /Game/ThirdPersonBP/Maps/UEDPIE_0_ThirdPersonExampleMap.ThirdPersonExampleMap (0.018047s)
[2016.02.03-14.54.06:841][536]LogInit: XAudio2 using 'Speakers (Realtek High Definition Audio)' : 2 channels at 48 kHz using 32 bits per sample (channel mask 0x3)
[2016.02.03-14.54.06:844][536]LogInit: FAudioDevice initialized.
[2016.02.03-14.54.06:877][536]LogWorld: Game class is 'ThirdPersonGameMode_C'
[2016.02.03-14.54.06:884][536]LogWorld: Bringing World /Game/ThirdPersonBP/Maps/UEDPIE_0_ThirdPersonExampleMap.ThirdPersonExampleMap up for play (max tick rate 0) at 2016.02.03-14.54.06
[2016.02.03-14.54.06:884][536]LogActor:Warning: GameSession /Game/ThirdPersonBP/Maps/UEDPIE_0_ThirdPersonExampleMap.ThirdPersonExampleMap:PersistentLevel.GameSession_5 has natively added scene component(s), but none of them were set as the actor's RootComponent - picking one arbitrarily
[2016.02.03-14.54.06:885][536]LogActor:Warning: GameNetworkManager /Game/ThirdPersonBP/Maps/UEDPIE_0_ThirdPersonExampleMap.ThirdPersonExampleMap:PersistentLevel.GameNetworkManager_5 has natively added scene component(s), but none of them were set as the actor's RootComponent - picking one arbitrarily
[2016.02.03-14.54.06:885][536]LogWorld: Bringing up level for play took: 0.006508
[2016.02.03-14.54.06:886][536]PIE: Info Play in editor start time for /Game/ThirdPersonBP/Maps/UEDPIE_0_ThirdPersonExampleMap 0.571
[2016.02.03-14.54.06:886][536]LogBlueprintUserMessages: Late PlayInEditor Detection: Level '/Game/ThirdPersonBP/Maps/ThirdPersonExampleMap.ThirdPersonExampleMap:PersistentLevel' has LevelScriptBlueprint '/Game/ThirdPersonBP/Maps/ThirdPersonExampleMap.ThirdPersonExampleMap:PersistentLevel.ThirdPersonExampleMap' with GeneratedClass '/Game/ThirdPersonBP/Maps/ThirdPersonExampleMap.ThirdPersonExampleMap_C' with ClassGeneratedBy '/Game/ThirdPersonBP/Maps/ThirdPersonExampleMap.ThirdPersonExampleMap:PersistentLevel.ThirdPersonExampleMap'
[2016.02.03-14.54.13:722][278]LogBlueprintUserMessages: Early EndPlayMap Detection: Level '/Game/ThirdPersonBP/Maps/ThirdPersonExampleMap.ThirdPersonExampleMap:PersistentLevel' has LevelScriptBlueprint '/Game/ThirdPersonBP/Maps/ThirdPersonExampleMap.ThirdPersonExampleMap:PersistentLevel.ThirdPersonExampleMap' with GeneratedClass '/Game/ThirdPersonBP/Maps/ThirdPersonExampleMap.ThirdPersonExampleMap_C' with ClassGeneratedBy '/Game/ThirdPersonBP/Maps/ThirdPersonExampleMap.ThirdPersonExampleMap:PersistentLevel.ThirdPersonExampleMap'
[2016.02.03-14.54.13:827][278]LogBlueprintUserMessages: Late EndPlayMap Detection: Level '/Game/ThirdPersonBP/Maps/ThirdPersonExampleMap.ThirdPersonExampleMap:PersistentLevel' has LevelScriptBlueprint '/Game/ThirdPersonBP/Maps/ThirdPersonExampleMap.ThirdPersonExampleMap:PersistentLevel.ThirdPersonExampleMap' with GeneratedClass '/Game/ThirdPersonBP/Maps/ThirdPersonExampleMap.ThirdPersonExampleMap_C' with ClassGeneratedBy '/Game/ThirdPersonBP/Maps/ThirdPersonExampleMap.ThirdPersonExampleMap:PersistentLevel.ThirdPersonExampleMap'
[2016.02.03-14.54.13:849][278]LogParticles: Destroying 0 GPU particle simulations for FXSystem 0x0000009F69194D60
[2016.02.03-14.54.16:933][510]LogBlueprintUserMessages: Early PlayInEditor Detection: Level '/Game/ThirdPersonBP/Maps/ThirdPersonExampleMap.ThirdPersonExampleMap:PersistentLevel' has LevelScriptBlueprint '/Game/ThirdPersonBP/Maps/ThirdPersonExampleMap.ThirdPersonExampleMap:PersistentLevel.ThirdPersonExampleMap' with GeneratedClass '/Game/ThirdPersonBP/Maps/ThirdPersonExampleMap.ThirdPersonExampleMap_C' with ClassGeneratedBy '/Game/ThirdPersonBP/Maps/ThirdPersonExampleMap.ThirdPersonExampleMap:PersistentLevel.ThirdPersonExampleMap'
[2016.02.03-14.54.16:933][510]LogPlayLevel: PlayLevel: No blueprints needed recompiling
[2016.02.03-14.54.16:933][510]PIE: New page: PIE session: ThirdPersonExampleMap (Feb 3, 2016, 2:54:16 PM)
[2016.02.03-14.54.16:933][510]LogPlayLevel: Creating play world package: /Game/ThirdPersonBP/Maps/UEDPIE_0_ThirdPersonExampleMap
[2016.02.03-14.54.16:949][510]LogPlayLevel: PIE: StaticDuplicateObject took: (0.016470s)
[2016.02.03-14.54.16:950][510]LogAIModule: Creating AISystem for world ThirdPersonExampleMap
[2016.02.03-14.54.16:950][510]LogPlayLevel: PIE: World Init took: (0.000717s)
[2016.02.03-14.54.16:950][510]LogPlayLevel: PIE: Created PIE world by copying editor world from /Game/ThirdPersonBP/Maps/ThirdPersonExampleMap.ThirdPersonExampleMap to /Game/ThirdPersonBP/Maps/UEDPIE_0_ThirdPersonExampleMap.ThirdPersonExampleMap (0.017366s)
[2016.02.03-14.54.17:014][510]LogInit: XAudio2 using 'Speakers (Realtek High Definition Audio)' : 2 channels at 48 kHz using 32 bits per sample (channel mask 0x3)
[2016.02.03-14.54.17:017][510]LogInit: FAudioDevice initialized.
[2016.02.03-14.54.17:052][510]LogWorld: Game class is 'ThirdPersonGameMode_C'
[2016.02.03-14.54.17:059][510]LogWorld: Bringing World /Game/ThirdPersonBP/Maps/UEDPIE_0_ThirdPersonExampleMap.ThirdPersonExampleMap up for play (max tick rate 0) at 2016.02.03-14.54.17
[2016.02.03-14.54.17:059][510]LogActor:Warning: GameSession /Game/ThirdPersonBP/Maps/UEDPIE_0_ThirdPersonExampleMap.ThirdPersonExampleMap:PersistentLevel.GameSession_6 has natively added scene component(s), but none of them were set as the actor's RootComponent - picking one arbitrarily
[2016.02.03-14.54.17:059][510]LogActor:Warning: GameNetworkManager /Game/ThirdPersonBP/Maps/UEDPIE_0_ThirdPersonExampleMap.ThirdPersonExampleMap:PersistentLevel.GameNetworkManager_6 has natively added scene component(s), but none of them were set as the actor's RootComponent - picking one arbitrarily
[2016.02.03-14.54.17:060][510]LogWorld: Bringing up level for play took: 0.006853
[2016.02.03-14.54.17:061][510]PIE: Info Play in editor start time for /Game/ThirdPersonBP/Maps/UEDPIE_0_ThirdPersonExampleMap 0.746
[2016.02.03-14.54.17:061][510]LogBlueprintUserMessages: Late PlayInEditor Detection: Level '/Game/ThirdPersonBP/Maps/ThirdPersonExampleMap.ThirdPersonExampleMap:PersistentLevel' has LevelScriptBlueprint '/Game/ThirdPersonBP/Maps/ThirdPersonExampleMap.ThirdPersonExampleMap:PersistentLevel.ThirdPersonExampleMap' with GeneratedClass '/Game/ThirdPersonBP/Maps/ThirdPersonExampleMap.ThirdPersonExampleMap_C' with ClassGeneratedBy '/Game/ThirdPersonBP/Maps/ThirdPersonExampleMap.ThirdPersonExampleMap:PersistentLevel.ThirdPersonExampleMap'
[2016.02.03-14.54.23:432][230]LogBlueprintUserMessages: Early EndPlayMap Detection: Level '/Game/ThirdPersonBP/Maps/ThirdPersonExampleMap.ThirdPersonExampleMap:PersistentLevel' has LevelScriptBlueprint '/Game/ThirdPersonBP/Maps/ThirdPersonExampleMap.ThirdPersonExampleMap:PersistentLevel.ThirdPersonExampleMap' with GeneratedClass '/Game/ThirdPersonBP/Maps/ThirdPersonExampleMap.ThirdPersonExampleMap_C' with ClassGeneratedBy '/Game/ThirdPersonBP/Maps/ThirdPersonExampleMap.ThirdPersonExampleMap:PersistentLevel.ThirdPersonExampleMap'
[2016.02.03-14.54.23:537][230]LogBlueprintUserMessages: Late EndPlayMap Detection: Level '/Game/ThirdPersonBP/Maps/ThirdPersonExampleMap.ThirdPersonExampleMap:PersistentLevel' has LevelScriptBlueprint '/Game/ThirdPersonBP/Maps/ThirdPersonExampleMap.ThirdPersonExampleMap:PersistentLevel.ThirdPersonExampleMap' with GeneratedClass '/Game/ThirdPersonBP/Maps/ThirdPersonExampleMap.ThirdPersonExampleMap_C' with ClassGeneratedBy '/Game/ThirdPersonBP/Maps/ThirdPersonExampleMap.ThirdPersonExampleMap:PersistentLevel.ThirdPersonExampleMap'
[2016.02.03-14.54.23:560][230]LogParticles: Destroying 0 GPU particle simulations for FXSystem 0x0000009F7F206C00
[2016.02.03-14.57.12:597][828]LogBlueprintUserMessages: CustomizeDetails for Blueprint 'ThirdPersonCharacter', cached variable property's owner is '/Script/Engine.CharacterMovementComponent'
[2016.02.03-14.57.25:644][748]LogBlueprintUserMessages: CustomizeDetails for Blueprint 'ThirdPersonCharacter', cached variable property's owner is '/Game/ThirdPersonBP/Blueprints/ThirdPersonCharacter.SKEL_ThirdPersonCharacter_C'
[2016.02.03-14.57.27:881][900]BlueprintLog: New page: Compile ThirdPersonCharacter
[2016.02.03-14.57.27:927][900]LogBlueprint:Error: [compiler ThirdPersonCharacter] Error This blueprint (self) is not a CharacterMovementComponent, therefore ' Target ' must have a connection.
[2016.02.03-14.57.27:950][900]LogBlueprint:Error: [compiler ThirdPersonCharacter] Error Variable node  Set GravityScale  uses an invalid target.  It may depend on a node that is not connected to the execution chain, and got purged.
[2016.02.03-14.57.28:204][900]LogBlueprintUserMessages: PostEditorRefresh for Blueprint 'ThirdPersonCharacter', cached variable property's owner is '/Game/ThirdPersonBP/Blueprints/ThirdPersonCharacter.SKEL_ThirdPersonCharacter_C'
[2016.02.03-14.57.28:214][900]LogBlueprint:Warning: [compiler ThirdPersonCharacter] Warning [2878.71] Compile of ThirdPersonCharacter failed. 2 Fatal Issue(s) 0 Warning(s) [in 322 ms]
[2016.02.03-14.57.28:255][900]BlueprintEditorCompileResults:Error: Error This blueprint (self) is not a CharacterMovementComponent, therefore ' Target ' must have a connection.
[2016.02.03-14.57.28:255][900]BlueprintEditorCompileResults:Error: Error Variable node  Set GravityScale  uses an invalid target.  It may depend on a node that is not connected to the execution chain, and got purged.
[2016.02.03-14.57.28:255][900]BlueprintEditorCompileResults:Warning: Warning [2878.71] Compile of ThirdPersonCharacter failed. 2 Fatal Issue(s) 0 Warning(s) [in 322 ms]
[2016.02.03-14.57.28:341][900]LogBlueprintUserMessages: CustomizeDetails for Blueprint 'ThirdPersonCharacter', cached variable property's owner is '/Game/ThirdPersonBP/Blueprints/ThirdPersonCharacter.SKEL_ThirdPersonCharacter_C'
[2016.02.03-14.57.37:647][548]BlueprintLog: New page: Compile ThirdPersonCharacter
[2016.02.03-14.57.37:674][548]LogBlueprint:Error: [compiler ThirdPersonCharacter] Error This blueprint (self) is not a CharacterMovementComponent, therefore ' Target ' must have a connection.
[2016.02.03-14.57.37:675][548]LogBlueprint:Error: [compiler ThirdPersonCharacter] Error Variable node  Set GravityScale  uses an invalid target.  It may depend on a node that is not connected to the execution chain, and got purged.
[2016.02.03-14.57.37:915][548]LogBlueprintUserMessages: PostEditorRefresh for Blueprint 'ThirdPersonCharacter', cached variable property's owner is '/Game/ThirdPersonBP/Blueprints/ThirdPersonCharacter.SKEL_ThirdPersonCharacter_C'
[2016.02.03-14.57.37:916][548]LogBlueprint:Warning: [compiler ThirdPersonCharacter] Warning [2888.43] Compile of ThirdPersonCharacter failed. 2 Fatal Issue(s) 0 Warning(s) [in 268 ms]
[2016.02.03-14.57.37:916][548]BlueprintEditorCompileResults:Error: Error This blueprint (self) is not a CharacterMovementComponent, therefore ' Target ' must have a connection.
[2016.02.03-14.57.37:916][548]BlueprintEditorCompileResults:Error: Error Variable node  Set GravityScale  uses an invalid target.  It may depend on a node that is not connected to the execution chain, and got purged.
[2016.02.03-14.57.37:916][548]BlueprintEditorCompileResults:Warning: Warning [2888.43] Compile of ThirdPersonCharacter failed. 2 Fatal Issue(s) 0 Warning(s) [in 268 ms]
[2016.02.03-14.57.37:950][548]LogBlueprintUserMessages: CustomizeDetails for Blueprint 'ThirdPersonCharacter', cached variable property's owner is '/Game/ThirdPersonBP/Blueprints/ThirdPersonCharacter.SKEL_ThirdPersonCharacter_C'
[2016.02.03-14.57.47:402][130]LogBlueprintUserMessages: CustomizeDetails for Blueprint 'ThirdPersonCharacter', cached variable property's owner is '/Game/ThirdPersonBP/Blueprints/ThirdPersonCharacter.SKEL_ThirdPersonCharacter_C'
[2016.02.03-14.57.49:344][277]LogBlueprintUserMessages: CustomizeDetails for Blueprint 'ThirdPersonCharacter', cached variable property's owner is '/Script/Engine.CharacterMovementComponent'
[2016.02.03-14.58.24:467][260]LogBlueprintUserMessages: CustomizeDetails for Blueprint 'ThirdPersonCharacter', cached variable property's owner is '/Script/Engine.CharacterMovementComponent'
[2016.02.03-14.58.28:343][565]LogBlueprintUserMessages: CustomizeDetails for Blueprint 'ThirdPersonCharacter', cached variable property's owner is '/Script/Engine.CharacterMovementComponent'
[2016.02.03-14.58.38:529][350]LogBlueprintUserMessages: CustomizeDetails for Blueprint 'ThirdPersonCharacter', cached variable property's owner is '/Script/Engine.CharacterMovementComponent'
[2016.02.03-14.58.59:314][826]LogBlueprintUserMessages: CustomizeDetails for Blueprint 'ThirdPersonCharacter', cached variable property's owner is '/Script/Engine.CharacterMovementComponent'
[2016.02.03-14.59.25:896][754]LogBlueprintUserMessages: CustomizeDetails for Blueprint 'ThirdPersonCharacter', cached variable property's owner is '/Script/Engine.Character'
[2016.02.03-14.59.36:769][596]BlueprintLog: New page: Compile ThirdPersonCharacter
[2016.02.03-14.59.36:929][596]BlueprintEditorCompileResults: Info [3007.44] Compile of ThirdPersonCharacter successful! [in 159 ms]
[2016.02.03-14.59.38:541][726]LogBlueprintUserMessages: Early PlayInEditor Detection: Level '/Game/ThirdPersonBP/Maps/ThirdPersonExampleMap.ThirdPersonExampleMap:PersistentLevel' has LevelScriptBlueprint '/Game/ThirdPersonBP/Maps/ThirdPersonExampleMap.ThirdPersonExampleMap:PersistentLevel.ThirdPersonExampleMap' with GeneratedClass '/Game/ThirdPersonBP/Maps/ThirdPersonExampleMap.ThirdPersonExampleMap_C' with ClassGeneratedBy '/Game/ThirdPersonBP/Maps/ThirdPersonExampleMap.ThirdPersonExampleMap:PersistentLevel.ThirdPersonExampleMap'
[2016.02.03-14.59.38:541][726]LogPlayLevel: PlayLevel: No blueprints needed recompiling
[2016.02.03-14.59.38:541][726]PIE: New page: PIE session: ThirdPersonExampleMap (Feb 3, 2016, 2:59:38 PM)
[2016.02.03-14.59.38:541][726]LogPlayLevel: Creating play world package: /Game/ThirdPersonBP/Maps/UEDPIE_0_ThirdPersonExampleMap
[2016.02.03-14.59.38:559][726]LogPlayLevel: PIE: StaticDuplicateObject took: (0.018050s)
[2016.02.03-14.59.38:560][726]LogAIModule: Creating AISystem for world ThirdPersonExampleMap
[2016.02.03-14.59.38:560][726]LogPlayLevel: PIE: World Init took: (0.000949s)
[2016.02.03-14.59.38:560][726]LogPlayLevel: PIE: Created PIE world by copying editor world from /Game/ThirdPersonBP/Maps/ThirdPersonExampleMap.ThirdPersonExampleMap to /Game/ThirdPersonBP/Maps/UEDPIE_0_ThirdPersonExampleMap.ThirdPersonExampleMap (0.019238s)
[2016.02.03-14.59.38:619][726]LogInit: XAudio2 using 'Speakers (Realtek High Definition Audio)' : 2 channels at 48 kHz using 32 bits per sample (channel mask 0x3)
[2016.02.03-14.59.38:623][726]LogInit: FAudioDevice initialized.
[2016.02.03-14.59.38:659][726]LogWorld: Game class is 'ThirdPersonGameMode_C'
[2016.02.03-14.59.38:666][726]LogWorld: Bringing World /Game/ThirdPersonBP/Maps/UEDPIE_0_ThirdPersonExampleMap.ThirdPersonExampleMap up for play (max tick rate 0) at 2016.02.03-14.59.38
[2016.02.03-14.59.38:666][726]LogActor:Warning: GameSession /Game/ThirdPersonBP/Maps/UEDPIE_0_ThirdPersonExampleMap.ThirdPersonExampleMap:PersistentLevel.GameSession_7 has natively added scene component(s), but none of them were set as the actor's RootComponent - picking one arbitrarily
[2016.02.03-14.59.38:666][726]LogActor:Warning: GameNetworkManager /Game/ThirdPersonBP/Maps/UEDPIE_0_ThirdPersonExampleMap.ThirdPersonExampleMap:PersistentLevel.GameNetworkManager_7 has natively added scene component(s), but none of them were set as the actor's RootComponent - picking one arbitrarily
[2016.02.03-14.59.38:666][726]LogWorld: Bringing up level for play took: 0.006720
[2016.02.03-14.59.38:667][726]PIE: Info Play in editor start time for /Game/ThirdPersonBP/Maps/UEDPIE_0_ThirdPersonExampleMap 0.353
[2016.02.03-14.59.38:667][726]LogBlueprintUserMessages: Late PlayInEditor Detection: Level '/Game/ThirdPersonBP/Maps/ThirdPersonExampleMap.ThirdPersonExampleMap:PersistentLevel' has LevelScriptBlueprint '/Game/ThirdPersonBP/Maps/ThirdPersonExampleMap.ThirdPersonExampleMap:PersistentLevel.ThirdPersonExampleMap' with GeneratedClass '/Game/ThirdPersonBP/Maps/ThirdPersonExampleMap.ThirdPersonExampleMap_C' with ClassGeneratedBy '/Game/ThirdPersonBP/Maps/ThirdPersonExampleMap.ThirdPersonExampleMap:PersistentLevel.ThirdPersonExampleMap'
[2016.02.03-14.59.54:031][183]LogBlueprintUserMessages: Early EndPlayMap Detection: Level '/Game/ThirdPersonBP/Maps/ThirdPersonExampleMap.ThirdPersonExampleMap:PersistentLevel' has LevelScriptBlueprint '/Game/ThirdPersonBP/Maps/ThirdPersonExampleMap.ThirdPersonExampleMap:PersistentLevel.ThirdPersonExampleMap' with GeneratedClass '/Game/ThirdPersonBP/Maps/ThirdPersonExampleMap.ThirdPersonExampleMap_C' with ClassGeneratedBy '/Game/ThirdPersonBP/Maps/ThirdPersonExampleMap.ThirdPersonExampleMap:PersistentLevel.ThirdPersonExampleMap'
[2016.02.03-14.59.54:132][183]LogBlueprintUserMessages: Late EndPlayMap Detection: Level '/Game/ThirdPersonBP/Maps/ThirdPersonExampleMap.ThirdPersonExampleMap:PersistentLevel' has LevelScriptBlueprint '/Game/ThirdPersonBP/Maps/ThirdPersonExampleMap.ThirdPersonExampleMap:PersistentLevel.ThirdPersonExampleMap' with GeneratedClass '/Game/ThirdPersonBP/Maps/ThirdPersonExampleMap.ThirdPersonExampleMap_C' with ClassGeneratedBy '/Game/ThirdPersonBP/Maps/ThirdPersonExampleMap.ThirdPersonExampleMap:PersistentLevel.ThirdPersonExampleMap'
[2016.02.03-14.59.54:154][183]LogParticles: Destroying 0 GPU particle simulations for FXSystem 0x0000009F8908C360
[2016.02.03-15.00.00:165][692]BlueprintLog: New page: Compile ThirdPersonCharacter
[2016.02.03-15.00.00:322][692]BlueprintEditorCompileResults: Info [3030.83] Compile of ThirdPersonCharacter successful! [in 156 ms]
[2016.02.03-15.00.02:298][856]LogBlueprintUserMessages: Early PlayInEditor Detection: Level '/Game/ThirdPersonBP/Maps/ThirdPersonExampleMap.ThirdPersonExampleMap:PersistentLevel' has LevelScriptBlueprint '/Game/ThirdPersonBP/Maps/ThirdPersonExampleMap.ThirdPersonExampleMap:PersistentLevel.ThirdPersonExampleMap' with GeneratedClass '/Game/ThirdPersonBP/Maps/ThirdPersonExampleMap.ThirdPersonExampleMap_C' with ClassGeneratedBy '/Game/ThirdPersonBP/Maps/ThirdPersonExampleMap.ThirdPersonExampleMap:PersistentLevel.ThirdPersonExampleMap'
[2016.02.03-15.00.02:298][856]LogPlayLevel: PlayLevel: No blueprints needed recompiling
[2016.02.03-15.00.02:299][856]PIE: New page: PIE session: ThirdPersonExampleMap (Feb 3, 2016, 3:00:02 PM)
[2016.02.03-15.00.02:299][856]LogPlayLevel: Creating play world package: /Game/ThirdPersonBP/Maps/UEDPIE_0_ThirdPersonExampleMap
[2016.02.03-15.00.02:316][856]LogPlayLevel: PIE: StaticDuplicateObject took: (0.017353s)
[2016.02.03-15.00.02:317][856]LogAIModule: Creating AISystem for world ThirdPersonExampleMap
[2016.02.03-15.00.02:317][856]LogPlayLevel: PIE: World Init took: (0.000656s)
[2016.02.03-15.00.02:317][856]LogPlayLevel: PIE: Created PIE world by copying editor world from /Game/ThirdPersonBP/Maps/ThirdPersonExampleMap.ThirdPersonExampleMap to /Game/ThirdPersonBP/Maps/UEDPIE_0_ThirdPersonExampleMap.ThirdPersonExampleMap (0.018192s)
[2016.02.03-15.00.02:381][856]LogInit: XAudio2 using 'Speakers (Realtek High Definition Audio)' : 2 channels at 48 kHz using 32 bits per sample (channel mask 0x3)
[2016.02.03-15.00.02:385][856]LogInit: FAudioDevice initialized.
[2016.02.03-15.00.02:419][856]LogWorld: Game class is 'ThirdPersonGameMode_C'
[2016.02.03-15.00.02:426][856]LogWorld: Bringing World /Game/ThirdPersonBP/Maps/UEDPIE_0_ThirdPersonExampleMap.ThirdPersonExampleMap up for play (max tick rate 0) at 2016.02.03-15.00.02
[2016.02.03-15.00.02:426][856]LogActor:Warning: GameSession /Game/ThirdPersonBP/Maps/UEDPIE_0_ThirdPersonExampleMap.ThirdPersonExampleMap:PersistentLevel.GameSession_8 has natively added scene component(s), but none of them were set as the actor's RootComponent - picking one arbitrarily
[2016.02.03-15.00.02:427][856]LogActor:Warning: GameNetworkManager /Game/ThirdPersonBP/Maps/UEDPIE_0_ThirdPersonExampleMap.ThirdPersonExampleMap:PersistentLevel.GameNetworkManager_8 has natively added scene component(s), but none of them were set as the actor's RootComponent - picking one arbitrarily
[2016.02.03-15.00.02:427][856]LogWorld: Bringing up level for play took: 0.006996
[2016.02.03-15.00.02:428][856]PIE: Info Play in editor start time for /Game/ThirdPersonBP/Maps/UEDPIE_0_ThirdPersonExampleMap 0.114
[2016.02.03-15.00.02:428][856]LogBlueprintUserMessages: Late PlayInEditor Detection: Level '/Game/ThirdPersonBP/Maps/ThirdPersonExampleMap.ThirdPersonExampleMap:PersistentLevel' has LevelScriptBlueprint '/Game/ThirdPersonBP/Maps/ThirdPersonExampleMap.ThirdPersonExampleMap:PersistentLevel.ThirdPersonExampleMap' with GeneratedClass '/Game/ThirdPersonBP/Maps/ThirdPersonExampleMap.ThirdPersonExampleMap_C' with ClassGeneratedBy '/Game/ThirdPersonBP/Maps/ThirdPersonExampleMap.ThirdPersonExampleMap:PersistentLevel.ThirdPersonExampleMap'
[2016.02.03-15.00.11:038][689]LogBlueprintUserMessages: Early EndPlayMap Detection: Level '/Game/ThirdPersonBP/Maps/ThirdPersonExampleMap.ThirdPersonExampleMap:PersistentLevel' has LevelScriptBlueprint '/Game/ThirdPersonBP/Maps/ThirdPersonExampleMap.ThirdPersonExampleMap:PersistentLevel.ThirdPersonExampleMap' with GeneratedClass '/Game/ThirdPersonBP/Maps/ThirdPersonExampleMap.ThirdPersonExampleMap_C' with ClassGeneratedBy '/Game/ThirdPersonBP/Maps/ThirdPersonExampleMap.ThirdPersonExampleMap:PersistentLevel.ThirdPersonExampleMap'
[2016.02.03-15.00.11:137][689]LogBlueprintUserMessages: Late EndPlayMap Detection: Level '/Game/ThirdPersonBP/Maps/ThirdPersonExampleMap.ThirdPersonExampleMap:PersistentLevel' has LevelScriptBlueprint '/Game/ThirdPersonBP/Maps/ThirdPersonExampleMap.ThirdPersonExampleMap:PersistentLevel.ThirdPersonExampleMap' with GeneratedClass '/Game/ThirdPersonBP/Maps/ThirdPersonExampleMap.ThirdPersonExampleMap_C' with ClassGeneratedBy '/Game/ThirdPersonBP/Maps/ThirdPersonExampleMap.ThirdPersonExampleMap:PersistentLevel.ThirdPersonExampleMap'
[2016.02.03-15.00.11:159][689]LogParticles: Destroying 0 GPU particle simulations for FXSystem 0x0000009F795D3C40
[2016.02.03-15.00.17:763][245]LogBlueprintUserMessages: Early PlayInEditor Detection: Level '/Game/ThirdPersonBP/Maps/ThirdPersonExampleMap.ThirdPersonExampleMap:PersistentLevel' has LevelScriptBlueprint '/Game/ThirdPersonBP/Maps/ThirdPersonExampleMap.ThirdPersonExampleMap:PersistentLevel.ThirdPersonExampleMap' with GeneratedClass '/Game/ThirdPersonBP/Maps/ThirdPersonExampleMap.ThirdPersonExampleMap_C' with ClassGeneratedBy '/Game/ThirdPersonBP/Maps/ThirdPersonExampleMap.ThirdPersonExampleMap:PersistentLevel.ThirdPersonExampleMap'
[2016.02.03-15.00.17:763][245]BlueprintLog: New page: Pre-Play auto-recompile
[2016.02.03-15.00.17:773][245]LogPlayLevel: [PlayLevel] Compiling ThirdPersonCharacter before play...
[2016.02.03-15.00.17:905][245]LogPlayLevel: PlayLevel: Blueprint regeneration took 141 ms (1 blueprints)
[2016.02.03-15.00.17:931][245]PIE: New page: PIE session: ThirdPersonExampleMap (Feb 3, 2016, 3:00:17 PM)
[2016.02.03-15.00.17:931][245]LogPlayLevel: Creating play world package: /Game/ThirdPersonBP/Maps/UEDPIE_0_ThirdPersonExampleMap
[2016.02.03-15.00.17:949][245]LogPlayLevel: PIE: StaticDuplicateObject took: (0.018394s)
[2016.02.03-15.00.17:950][245]LogAIModule: Creating AISystem for world ThirdPersonExampleMap
[2016.02.03-15.00.17:950][245]LogPlayLevel: PIE: World Init took: (0.000743s)
[2016.02.03-15.00.17:950][245]LogPlayLevel: PIE: Created PIE world by copying editor world from /Game/ThirdPersonBP/Maps/ThirdPersonExampleMap.ThirdPersonExampleMap to /Game/ThirdPersonBP/Maps/UEDPIE_0_ThirdPersonExampleMap.ThirdPersonExampleMap (0.019317s)
[2016.02.03-15.00.18:011][245]LogInit: XAudio2 using 'Speakers (Realtek High Definition Audio)' : 2 channels at 48 kHz using 32 bits per sample (channel mask 0x3)
[2016.02.03-15.00.18:013][245]LogInit: FAudioDevice initialized.
[2016.02.03-15.00.18:046][245]LogWorld: Game class is 'ThirdPersonGameMode_C'
[2016.02.03-15.00.18:053][245]LogWorld: Bringing World /Game/ThirdPersonBP/Maps/UEDPIE_0_ThirdPersonExampleMap.ThirdPersonExampleMap up for play (max tick rate 0) at 2016.02.03-15.00.18
[2016.02.03-15.00.18:053][245]LogActor:Warning: GameSession /Game/ThirdPersonBP/Maps/UEDPIE_0_ThirdPersonExampleMap.ThirdPersonExampleMap:PersistentLevel.GameSession_9 has natively added scene component(s), but none of them were set as the actor's RootComponent - picking one arbitrarily
[2016.02.03-15.00.18:054][245]LogActor:Warning: GameNetworkManager /Game/ThirdPersonBP/Maps/UEDPIE_0_ThirdPersonExampleMap.ThirdPersonExampleMap:PersistentLevel.GameNetworkManager_9 has natively added scene component(s), but none of them were set as the actor's RootComponent - picking one arbitrarily
[2016.02.03-15.00.18:054][245]LogWorld: Bringing up level for play took: 0.006550
[2016.02.03-15.00.18:055][245]PIE: Info Play in editor start time for /Game/ThirdPersonBP/Maps/UEDPIE_0_ThirdPersonExampleMap -0.259
[2016.02.03-15.00.18:055][245]LogBlueprintUserMessages: Late PlayInEditor Detection: Level '/Game/ThirdPersonBP/Maps/ThirdPersonExampleMap.ThirdPersonExampleMap:PersistentLevel' has LevelScriptBlueprint '/Game/ThirdPersonBP/Maps/ThirdPersonExampleMap.ThirdPersonExampleMap:PersistentLevel.ThirdPersonExampleMap' with GeneratedClass '/Game/ThirdPersonBP/Maps/ThirdPersonExampleMap.ThirdPersonExampleMap_C' with ClassGeneratedBy '/Game/ThirdPersonBP/Maps/ThirdPersonExampleMap.ThirdPersonExampleMap:PersistentLevel.ThirdPersonExampleMap'
[2016.02.03-15.00.26:923][132]MapCheck: New page: Map Check
[2016.02.03-15.00.27:137][132]Cmd: MAP REBUILD ALLVISIBLE
[2016.02.03-15.00.27:144][132]LogEditorServer: Rebuildmap Clear paths rebuilt
[2016.02.03-15.00.27:532][132]MapCheck:Warning: Warning WorldInfo_0 Hierarchical LOD System is disabled or no HLOD level settings available, unable to build LOD actors. 
[2016.02.03-15.00.27:532][132]LogStats:          STAT_HLOD_BuildClusters - 37.734 ms
[2016.02.03-15.00.27:543][132]LightingResults: New page: Lighting Build - Feb 3, 2016, 3:00:27 PM
[2016.02.03-15.00.49:821][132]LogStaticLightingSystem: Running Lightmass w/ ImmediateImport mode ENABLED
[2016.02.03-15.00.49:821][132]LogStaticLightingSystem: Running Lightmass w/ ImmediateProcess mode ENABLED
[2016.02.03-15.00.49:821][132]LogStaticLightingSystem: Running Lightmass w/ Sorting mode ENABLED
[2016.02.03-15.00.49:821][132]LogStaticLightingSystem: Running Lightmass w/ Mapping paddings ENABLED
[2016.02.03-15.00.49:821][132]LogStaticLightingSystem: Running Lightmass w/ Mapping debug paddings DISABLED
[2016.02.03-15.00.50:692][132]LogEditorBuildUtils: Build time 0:00:23
[2016.02.03-15.00.50:798][133]LogMaterial: Missing cached shader map for material FLightmassMaterialRenderer RampMaterial, compiling. 
[2016.02.03-15.00.51:007][133]LogMaterial: Missing cached shader map for material FLightmassMaterialRenderer RampMaterial, compiling. 
[2016.02.03-15.00.51:050][134]LogMaterial: Missing cached shader map for material FLightmassMaterialRenderer CubeMaterial, compiling. 
[2016.02.03-15.00.51:055][134]LogMaterial: Missing cached shader map for material FLightmassMaterialRenderer CubeMaterial, compiling. 
[2016.02.03-15.01.06:071][173]Job is a success!
[2016.02.03-15.01.16:595][274]LogTexture:Display: Building textures: SkyOcclusion1_1 (AutoDXT)
[2016.02.03-15.01.16:755][274]LogTexture:Display: Building textures: LQ_Lightmap_1_6 (DXT1)
[2016.02.03-15.01.16:758][274]LogTexture:Display: Building textures: HQ_Lightmap0_6 (AutoDXT)
[2016.02.03-15.01.16:759][274]LogTexture:Display: Building textures: SkyOcclusion1_6 (AutoDXT)
[2016.02.03-15.01.16:761][274]LogTexture:Display: Building textures: LQ_Lightmap_1_5 (DXT1)
[2016.02.03-15.01.16:792][274]LogTexture:Display: Building textures: HQ_Lightmap0_5 (AutoDXT)
[2016.02.03-15.01.16:851][274]LogTexture:Display: Building textures: SkyOcclusion1_5 (AutoDXT)
[2016.02.03-15.01.16:884][274]LogTexture:Display: Building textures: LQ_Lightmap_1_4 (DXT1)
[2016.02.03-15.01.16:902][274]LogTexture:Display: Building textures: HQ_Lightmap0_4 (AutoDXT)
[2016.02.03-15.01.16:965][274]LogTexture:Display: Building textures: SkyOcclusion1_4 (AutoDXT)
[2016.02.03-15.01.16:999][274]LogTexture:Display: Building textures: LQ_Lightmap_1_3 (DXT1)
[2016.02.03-15.01.17:014][274]LogTexture:Display: Building textures: HQ_Lightmap0_3 (AutoDXT)
[2016.02.03-15.01.17:054][274]LogTexture:Display: Building textures: SkyOcclusion1_3 (AutoDXT)
[2016.02.03-15.01.17:082][274]LogTexture:Display: Building textures: LQ_Lightmap_1_2 (DXT1)
[2016.02.03-15.01.17:157][274]LogTexture:Display: Building textures: HQ_Lightmap0_2 (AutoDXT)
[2016.02.03-15.01.17:328][274]LogTexture:Display: Building textures: SkyOcclusion1_2 (AutoDXT)
[2016.02.03-15.01.17:402][274]LogTexture:Display: Building textures: LQ_Lightmap_1_1 (DXT1)
[2016.02.03-15.01.17:486][274]LogTexture:Display: Building textures: HQ_Lightmap0_1 (AutoDXT)
[2016.02.03-15.01.17:881][274]LogTexture:Display: Building textures: ShadowMapTexture2D_0 (G8)
[2016.02.03-15.01.17:995][274]LogTexture:Display: Building textures: ShadowMapTexture2D_1 (G8)
[2016.02.03-15.01.18:033][274]LogTexture:Display: Building textures: ShadowMapTexture2D_2 (G8)
[2016.02.03-15.01.18:099][274]LogTexture:Display: Building textures: ShadowMapTexture2D_3 (G8)
[2016.02.03-15.01.18:127][274]LogTexture:Display: Building textures: ShadowMapTexture2D_4 (G8)
[2016.02.03-15.01.18:131][274]LogTexture:Display: Building textures: ShadowMapTexture2D_5 (G8)
[2016.02.03-15.01.18:631][274]Lightmass on BEN-PC: 21.6 sec total, 4.80 sec importing, 1 ms setup, 274 ms photons, 16.4 sec processing, 0 ms extra exporting [12/12 mappings]. Threads: 1:05 min total, 9.34 sec processing.
[2016.02.03-15.01.18:674][274]LogStaticLightingSystem: Illumination: 41.3 sec (1.77 sec encoding lightmaps)
[2016.02.03-15.01.18:674][274]LogStaticLightingSystem: Lightmap texture memory:  3.7 MB (3.7 MB streaming, 0.0 MB non-streaming), 12 textures
[2016.02.03-15.01.18:674][274]LogStaticLightingSystem: Shadowmap texture memory: 1.8 MB (1.8 MB streaming, 0.0 MB non-streaming), 6 textures
[2016.02.03-15.01.19:019][275]Cmd: MAP CHECK NOTIFYRESULTS
[2016.02.03-15.01.19:019][275]MapCheck: New page: UEDPIE_0_ThirdPersonExampleMap - Feb 3, 2016, 3:01:19 PM
[2016.02.03-15.01.19:312][275]MapCheck: Info Map check complete: 0 Error(s), 0 Warning(s), took 293.011ms to complete.
[2016.02.03-15.01.29:115][153]MapCheck: New page: Map Check
[2016.02.03-15.01.29:136][153]Cmd: MAP REBUILD ALLVISIBLE
[2016.02.03-15.01.29:136][153]LogEditorServer: Rebuildmap Clear paths rebuilt
[2016.02.03-15.01.29:240][153]MapCheck:Warning: Warning WorldInfo_0 Hierarchical LOD System is disabled or no HLOD level settings available, unable to build LOD actors. 
[2016.02.03-15.01.29:240][153]LogStats:          STAT_HLOD_BuildClusters - 20.908 ms
[2016.02.03-15.01.29:240][153]LightingResults: New page: Lighting Build - Feb 3, 2016, 3:01:29 PM
[2016.02.03-15.01.33:758][153]LogStaticLightingSystem: Running Lightmass w/ ImmediateImport mode ENABLED
[2016.02.03-15.01.33:758][153]LogStaticLightingSystem: Running Lightmass w/ ImmediateProcess mode ENABLED
[2016.02.03-15.01.33:758][153]LogStaticLightingSystem: Running Lightmass w/ Sorting mode ENABLED
[2016.02.03-15.01.33:758][153]LogStaticLightingSystem: Running Lightmass w/ Mapping paddings ENABLED
[2016.02.03-15.01.33:758][153]LogStaticLightingSystem: Running Lightmass w/ Mapping debug paddings DISABLED
[2016.02.03-15.01.33:898][153]LogEditorBuildUtils: Build time 0:00:04
[2016.02.03-15.02.05:570][ 53]Job is a success!
[2016.02.03-15.02.15:544][ 62]LogTexture:Display: Building textures: SkyOcclusion2_1 (AutoDXT)
[2016.02.03-15.02.15:683][ 62]LogTexture:Display: Building textures: LQ_Lightmap_2_6 (DXT1)
[2016.02.03-15.02.15:686][ 62]LogTexture:Display: Building textures: HQ_Lightmap1_6 (AutoDXT)
[2016.02.03-15.02.15:687][ 62]LogTexture:Display: Building textures: SkyOcclusion2_6 (AutoDXT)
[2016.02.03-15.02.15:689][ 62]LogTexture:Display: Building textures: LQ_Lightmap_2_5 (DXT1)
[2016.02.03-15.02.15:701][ 62]LogTexture:Display: Building textures: HQ_Lightmap1_5 (AutoDXT)
[2016.02.03-15.02.15:736][ 62]LogTexture:Display: Building textures: SkyOcclusion2_5 (AutoDXT)
[2016.02.03-15.02.15:756][ 62]LogTexture:Display: Building textures: LQ_Lightmap_2_4 (DXT1)
[2016.02.03-15.02.15:768][ 62]LogTexture:Display: Building textures: HQ_Lightmap1_4 (AutoDXT)
[2016.02.03-15.02.15:803][ 62]LogTexture:Display: Building textures: SkyOcclusion2_4 (AutoDXT)
[2016.02.03-15.02.15:818][ 62]LogTexture:Display: Building textures: LQ_Lightmap_2_3 (DXT1)
[2016.02.03-15.02.15:833][ 62]LogTexture:Display: Building textures: HQ_Lightmap1_3 (AutoDXT)
[2016.02.03-15.02.15:880][ 62]LogTexture:Display: Building textures: SkyOcclusion2_3 (AutoDXT)
[2016.02.03-15.02.15:900][ 62]LogTexture:Display: Building textures: LQ_Lightmap_2_2 (DXT1)
[2016.02.03-15.02.15:960][ 62]LogTexture:Display: Building textures: HQ_Lightmap1_2 (AutoDXT)
[2016.02.03-15.02.16:094][ 62]LogTexture:Display: Building textures: SkyOcclusion2_2 (AutoDXT)
[2016.02.03-15.02.16:161][ 62]LogTexture:Display: Building textures: LQ_Lightmap_2_1 (DXT1)
[2016.02.03-15.02.16:279][ 62]LogTexture:Display: Building textures: HQ_Lightmap1_1 (AutoDXT)
[2016.02.03-15.02.16:608][ 62]LogTexture:Display: Building textures: ShadowMapTexture2D_6 (G8)
[2016.02.03-15.02.16:745][ 62]LogTexture:Display: Building textures: ShadowMapTexture2D_7 (G8)
[2016.02.03-15.02.16:784][ 62]LogTexture:Display: Building textures: ShadowMapTexture2D_8 (G8)
[2016.02.03-15.02.16:810][ 62]LogTexture:Display: Building textures: ShadowMapTexture2D_9 (G8)
[2016.02.03-15.02.16:837][ 62]LogTexture:Display: Building textures: ShadowMapTexture2D_10 (G8)
[2016.02.03-15.02.16:841][ 62]LogTexture:Display: Building textures: ShadowMapTexture2D_11 (G8)
[2016.02.03-15.02.16:861][ 62]Lightmass on BEN-PC: 41.9 sec total, 123 ms importing, 3 ms setup, 1.37 sec photons, 40.4 sec processing, 0 ms extra exporting [12/12 mappings]. Threads: 2:41 min total, 1:25 min processing.
[2016.02.03-15.02.16:868][ 62]LogStaticLightingSystem: Illumination: 37.9 sec (1.49 sec encoding lightmaps)
[2016.02.03-15.02.16:868][ 62]LogStaticLightingSystem: Lightmap texture memory:  3.7 MB (3.7 MB streaming, 0.0 MB non-streaming), 12 textures
[2016.02.03-15.02.16:868][ 62]LogStaticLightingSystem: Shadowmap texture memory: 3.7 MB (3.7 MB streaming, 0.0 MB non-streaming), 12 textures
[2016.02.03-15.02.17:803][ 63]Cmd: MAP CHECK NOTIFYRESULTS
[2016.02.03-15.02.17:803][ 63]MapCheck: New page: UEDPIE_0_ThirdPersonExampleMap - Feb 3, 2016, 3:02:17 PM
[2016.02.03-15.02.17:884][ 63]MapCheck: Info Map check complete: 0 Error(s), 0 Warning(s), took 81.407ms to complete.
[2016.02.03-15.17.59:644][856]LogBlueprintUserMessages: Early EndPlayMap Detection: Level '/Game/ThirdPersonBP/Maps/ThirdPersonExampleMap.ThirdPersonExampleMap:PersistentLevel' has LevelScriptBlueprint '/Game/ThirdPersonBP/Maps/ThirdPersonExampleMap.ThirdPersonExampleMap:PersistentLevel.ThirdPersonExampleMap' with GeneratedClass '/Game/ThirdPersonBP/Maps/ThirdPersonExampleMap.ThirdPersonExampleMap_C' with ClassGeneratedBy '/Game/ThirdPersonBP/Maps/ThirdPersonExampleMap.ThirdPersonExampleMap:PersistentLevel.ThirdPersonExampleMap'
[2016.02.03-15.17.59:745][856]LogBlueprintUserMessages: Late EndPlayMap Detection: Level '/Game/ThirdPersonBP/Maps/ThirdPersonExampleMap.ThirdPersonExampleMap:PersistentLevel' has LevelScriptBlueprint '/Game/ThirdPersonBP/Maps/ThirdPersonExampleMap.ThirdPersonExampleMap:PersistentLevel.ThirdPersonExampleMap' with GeneratedClass '/Game/ThirdPersonBP/Maps/ThirdPersonExampleMap.ThirdPersonExampleMap_C' with ClassGeneratedBy '/Game/ThirdPersonBP/Maps/ThirdPersonExampleMap.ThirdPersonExampleMap:PersistentLevel.ThirdPersonExampleMap'
[2016.02.03-15.17.59:768][856]LogParticles: Destroying 0 GPU particle simulations for FXSystem 0x0000009F7635DA80
[2016.02.03-15.18.06:635][431]LogBlueprintUserMessages: Early PlayInEditor Detection: Level '/Game/ThirdPersonBP/Maps/ThirdPersonExampleMap.ThirdPersonExampleMap:PersistentLevel' has LevelScriptBlueprint '/Game/ThirdPersonBP/Maps/ThirdPersonExampleMap.ThirdPersonExampleMap:PersistentLevel.ThirdPersonExampleMap' with GeneratedClass '/Game/ThirdPersonBP/Maps/ThirdPersonExampleMap.ThirdPersonExampleMap_C' with ClassGeneratedBy '/Game/ThirdPersonBP/Maps/ThirdPersonExampleMap.ThirdPersonExampleMap:PersistentLevel.ThirdPersonExampleMap'
[2016.02.03-15.18.06:635][431]BlueprintLog: New page: Pre-Play auto-recompile
[2016.02.03-15.18.06:646][431]LogPlayLevel: [PlayLevel] Compiling ThirdPersonCharacter before play...
[2016.02.03-15.18.06:776][431]LogPlayLevel: PlayLevel: Blueprint regeneration took 140 ms (1 blueprints)
[2016.02.03-15.18.06:800][431]PIE: New page: PIE session: ThirdPersonExampleMap (Feb 3, 2016, 3:18:06 PM)
[2016.02.03-15.18.06:800][431]LogPlayLevel: Creating play world package: /Game/ThirdPersonBP/Maps/UEDPIE_0_ThirdPersonExampleMap
[2016.02.03-15.18.06:818][431]LogPlayLevel: PIE: StaticDuplicateObject took: (0.016923s)
[2016.02.03-15.18.06:819][431]LogAIModule: Creating AISystem for world ThirdPersonExampleMap
[2016.02.03-15.18.06:820][431]LogPlayLevel: PIE: World Init took: (0.001834s)
[2016.02.03-15.18.06:820][431]LogPlayLevel: PIE: Created PIE world by copying editor world from /Game/ThirdPersonBP/Maps/ThirdPersonExampleMap.ThirdPersonExampleMap to /Game/ThirdPersonBP/Maps/UEDPIE_0_ThirdPersonExampleMap.ThirdPersonExampleMap (0.019143s)
[2016.02.03-15.18.06:879][431]LogInit: XAudio2 using 'Speakers (Realtek High Definition Audio)' : 2 channels at 48 kHz using 32 bits per sample (channel mask 0x3)
[2016.02.03-15.18.06:882][431]LogInit: FAudioDevice initialized.
[2016.02.03-15.18.06:918][431]LogWorld: Game class is 'ThirdPersonGameMode_C'
[2016.02.03-15.18.06:926][431]LogWorld: Bringing World /Game/ThirdPersonBP/Maps/UEDPIE_0_ThirdPersonExampleMap.ThirdPersonExampleMap up for play (max tick rate 0) at 2016.02.03-15.18.06
[2016.02.03-15.18.06:926][431]LogActor:Warning: GameSession /Game/ThirdPersonBP/Maps/UEDPIE_0_ThirdPersonExampleMap.ThirdPersonExampleMap:PersistentLevel.GameSession_10 has natively added scene component(s), but none of them were set as the actor's RootComponent - picking one arbitrarily
[2016.02.03-15.18.06:926][431]LogActor:Warning: GameNetworkManager /Game/ThirdPersonBP/Maps/UEDPIE_0_ThirdPersonExampleMap.ThirdPersonExampleMap:PersistentLevel.GameNetworkManager_10 has natively added scene component(s), but none of them were set as the actor's RootComponent - picking one arbitrarily
[2016.02.03-15.18.06:926][431]LogWorld: Bringing up level for play took: 0.007163
[2016.02.03-15.18.06:927][431]PIE: Info Play in editor start time for /Game/ThirdPersonBP/Maps/UEDPIE_0_ThirdPersonExampleMap 0.613
[2016.02.03-15.18.06:928][431]LogBlueprintUserMessages: Late PlayInEditor Detection: Level '/Game/ThirdPersonBP/Maps/ThirdPersonExampleMap.ThirdPersonExampleMap:PersistentLevel' has LevelScriptBlueprint '/Game/ThirdPersonBP/Maps/ThirdPersonExampleMap.ThirdPersonExampleMap:PersistentLevel.ThirdPersonExampleMap' with GeneratedClass '/Game/ThirdPersonBP/Maps/ThirdPersonExampleMap.ThirdPersonExampleMap_C' with ClassGeneratedBy '/Game/ThirdPersonBP/Maps/ThirdPersonExampleMap.ThirdPersonExampleMap:PersistentLevel.ThirdPersonExampleMap'
[2016.02.03-15.27.17:240][214]LogBlueprintUserMessages: Early EndPlayMap Detection: Level '/Game/ThirdPersonBP/Maps/ThirdPersonExampleMap.ThirdPersonExampleMap:PersistentLevel' has LevelScriptBlueprint '/Game/ThirdPersonBP/Maps/ThirdPersonExampleMap.ThirdPersonExampleMap:PersistentLevel.ThirdPersonExampleMap' with GeneratedClass '/Game/ThirdPersonBP/Maps/ThirdPersonExampleMap.ThirdPersonExampleMap_C' with ClassGeneratedBy '/Game/ThirdPersonBP/Maps/ThirdPersonExampleMap.ThirdPersonExampleMap:PersistentLevel.ThirdPersonExampleMap'
[2016.02.03-15.27.17:343][214]LogBlueprintUserMessages: Late EndPlayMap Detection: Level '/Game/ThirdPersonBP/Maps/ThirdPersonExampleMap.ThirdPersonExampleMap:PersistentLevel' has LevelScriptBlueprint '/Game/ThirdPersonBP/Maps/ThirdPersonExampleMap.ThirdPersonExampleMap:PersistentLevel.ThirdPersonExampleMap' with GeneratedClass '/Game/ThirdPersonBP/Maps/ThirdPersonExampleMap.ThirdPersonExampleMap_C' with ClassGeneratedBy '/Game/ThirdPersonBP/Maps/ThirdPersonExampleMap.ThirdPersonExampleMap:PersistentLevel.ThirdPersonExampleMap'
[2016.02.03-15.27.17:365][214]LogParticles: Destroying 0 GPU particle simulations for FXSystem 0x0000009F27F16AC0
[2016.02.03-15.28.03:025][739]LogSavePackage: Save=134.733398ms
[2016.02.03-15.28.03:025][739]LogSavePackage: Moving '../../../../../../Users/Ben/Documents/Unreal Projects/ShakespereGliding/Saved/ThirdPersonExampleMap_Auto3205E2678438A7F03C4DA1988C8A91315.tmp' to '../../../../../../Users/Ben/Documents/Unreal Projects/ShakespereGliding/Saved/Autosaves/Game/ThirdPersonBP/Maps/ThirdPersonExampleMap_Auto3.umap'
[2016.02.03-15.28.03:029][739]LogSavePackage: Total save time: 151.916318ms
[2016.02.03-15.28.03:029][739]LogSavePackage:Warning: Finished SavePackage ../../../../../../Users/Ben/Documents/Unreal Projects/ShakespereGliding/Saved/Autosaves/Game/ThirdPersonBP/Maps/ThirdPersonExampleMap_Auto3.umap
[2016.02.03-15.28.03:031][739]LogFileHelpers: Editor autosave (incl. sublevels) for '/Game/ThirdPersonBP/Maps/ThirdPersonExampleMap' took 0.188
[2016.02.03-15.28.03:031][739]LogFileHelpers: Editor autosave (incl. sublevels) for all levels took 0.188
[2016.02.03-15.28.03:038][739]OBJ SavePackage: Generating thumbnails for [1] asset(s) in package [/Game/ThirdPersonBP/Blueprints/ThirdPersonCharacter] ([1] browsable assets)...
[2016.02.03-15.28.03:057][739]OBJ SavePackage:     Rendered thumbnail for [Blueprint /Game/ThirdPersonBP/Blueprints/ThirdPersonCharacter.ThirdPersonCharacter]
[2016.02.03-15.28.03:057][739]OBJ SavePackage: Finished generating thumbnails for package [/Game/ThirdPersonBP/Blueprints/ThirdPersonCharacter]
[2016.02.03-15.28.03:164][739]LogSavePackage: Save=100.738823ms
[2016.02.03-15.28.03:164][739]LogSavePackage: Moving '../../../../../../Users/Ben/Documents/Unreal Projects/ShakespereGliding/Saved/ThirdPersonCharacter_Auto31A24F3CD48601D7415E0FBB625C3B459.tmp' to '../../../../../../Users/Ben/Documents/Unreal Projects/ShakespereGliding/Saved/Autosaves/Game/ThirdPersonBP/Blueprints/ThirdPersonCharacter_Auto3.uasset'
[2016.02.03-15.28.03:184][739]LogSavePackage: Total save time: 124.961272ms
[2016.02.03-15.28.03:184][739]LogSavePackage:Warning: Finished SavePackage ../../../../../../Users/Ben/Documents/Unreal Projects/ShakespereGliding/Saved/Autosaves/Game/ThirdPersonBP/Blueprints/ThirdPersonCharacter_Auto3.uasset
[2016.02.03-15.28.03:185][739]LogFileHelpers: Auto-saving content packages took 0.152
[2016.02.03-15.51.26:419][625]LogBlueprintUserMessages: CustomizeDetails for Blueprint 'ThirdPersonCharacter', cached variable property's owner is '/Script/Engine.CharacterMovementComponent'
[2016.02.03-15.51.27:594][721]LogBlueprintUserMessages: CustomizeDetails for Blueprint 'ThirdPersonCharacter', cached variable property's owner is '/Script/Engine.CharacterMovementComponent'
[2016.02.03-15.51.35:268][334]LogBlueprintUserMessages: CustomizeDetails for Blueprint 'ThirdPersonCharacter', cached variable property's owner is '/Script/Engine.Character'
[2016.02.03-15.51.38:574][612]LogBlueprintUserMessages: CustomizeDetails for Blueprint 'ThirdPersonCharacter', cached variable property's owner is '/Script/Engine.CharacterMovementComponent'
[2016.02.03-15.51.47:187][340]LogBlueprintUserMessages: CustomizeDetails for Blueprint 'ThirdPersonCharacter', cached variable property's owner is '/Script/Engine.Character'
[2016.02.03-15.52.13:734][  6]LogActorComponent: UnregisterComponent: (/Engine/Transient.CharMoveComp) Not registered. Aborting.
[2016.02.03-15.52.13:803][  6]LogFileHelpers: Editor autosave (incl. sublevels) for '/Game/ThirdPersonBP/Maps/ThirdPersonExampleMap' took 0.069
[2016.02.03-15.52.13:812][  6]OBJ SavePackage: Generating thumbnails for [0] asset(s) in package [/Game/ThirdPersonBP/Blueprints/ThirdPersonCharacter] ([1] browsable assets)...
[2016.02.03-15.52.13:812][  6]OBJ SavePackage: Finished generating thumbnails for package [/Game/ThirdPersonBP/Blueprints/ThirdPersonCharacter]
[2016.02.03-15.52.13:923][  6]LogSavePackage: Save=105.774834ms
[2016.02.03-15.52.13:923][  6]LogSavePackage: Moving '../../../../../../Users/Ben/Documents/Unreal Projects/ShakespereGliding/Saved/ThirdPersonCharacter_Auto4C16EF2BA4F62322EECAFF5A282C8D8A8.tmp' to '../../../../../../Users/Ben/Documents/Unreal Projects/ShakespereGliding/Saved/Autosaves/Game/ThirdPersonBP/Blueprints/ThirdPersonCharacter_Auto4.uasset'
[2016.02.03-15.52.13:927][  6]LogSavePackage: Total save time: 113.885745ms
[2016.02.03-15.52.13:927][  6]LogSavePackage:Warning: Finished SavePackage ../../../../../../Users/Ben/Documents/Unreal Projects/ShakespereGliding/Saved/Autosaves/Game/ThirdPersonBP/Blueprints/ThirdPersonCharacter_Auto4.uasset
[2016.02.03-15.52.13:927][  6]LogFileHelpers: Auto-saving content packages took 0.124
[2016.02.03-16.30.46:898][168]LogEditorViewport: Clicking on Actor (context menu): StaticMeshActor (Wall8)
[2016.02.03-16.30.49:107][256]LogBlueprintUserMessages: Early PlayInEditor Detection: Level '/Game/ThirdPersonBP/Maps/ThirdPersonExampleMap.ThirdPersonExampleMap:PersistentLevel' has LevelScriptBlueprint '/Game/ThirdPersonBP/Maps/ThirdPersonExampleMap.ThirdPersonExampleMap:PersistentLevel.ThirdPersonExampleMap' with GeneratedClass '/Game/ThirdPersonBP/Maps/ThirdPersonExampleMap.ThirdPersonExampleMap_C' with ClassGeneratedBy '/Game/ThirdPersonBP/Maps/ThirdPersonExampleMap.ThirdPersonExampleMap:PersistentLevel.ThirdPersonExampleMap'
[2016.02.03-16.30.49:107][256]LogPlayLevel: PlayLevel: No blueprints needed recompiling
[2016.02.03-16.30.49:108][256]PIE: New page: PIE session: ThirdPersonExampleMap (Feb 3, 2016, 4:30:49 PM)
[2016.02.03-16.30.49:108][256]LogPlayLevel: Creating play world package: /Game/ThirdPersonBP/Maps/UEDPIE_0_ThirdPersonExampleMap
[2016.02.03-16.30.49:192][256]LogPlayLevel: PIE: StaticDuplicateObject took: (0.084051s)
[2016.02.03-16.30.49:194][256]LogAIModule: Creating AISystem for world ThirdPersonExampleMap
[2016.02.03-16.30.49:196][256]LogPlayLevel: PIE: World Init took: (0.003750s)
[2016.02.03-16.30.49:196][256]LogPlayLevel: PIE: Created PIE world by copying editor world from /Game/ThirdPersonBP/Maps/ThirdPersonExampleMap.ThirdPersonExampleMap to /Game/ThirdPersonBP/Maps/UEDPIE_0_ThirdPersonExampleMap.ThirdPersonExampleMap (0.088195s)
[2016.02.03-16.30.49:279][256]LogInit: XAudio2 using 'Speakers (Realtek High Definition Audio)' : 2 channels at 48 kHz using 32 bits per sample (channel mask 0x3)
[2016.02.03-16.30.49:282][256]LogInit: FAudioDevice initialized.
[2016.02.03-16.30.49:316][256]LogWorld: Game class is 'ThirdPersonGameMode_C'
[2016.02.03-16.30.49:324][256]LogWorld: Bringing World /Game/ThirdPersonBP/Maps/UEDPIE_0_ThirdPersonExampleMap.ThirdPersonExampleMap up for play (max tick rate 0) at 2016.02.03-16.30.49
[2016.02.03-16.30.49:324][256]LogActor:Warning: GameSession /Game/ThirdPersonBP/Maps/UEDPIE_0_ThirdPersonExampleMap.ThirdPersonExampleMap:PersistentLevel.GameSession_11 has natively added scene component(s), but none of them were set as the actor's RootComponent - picking one arbitrarily
[2016.02.03-16.30.49:324][256]LogActor:Warning: GameNetworkManager /Game/ThirdPersonBP/Maps/UEDPIE_0_ThirdPersonExampleMap.ThirdPersonExampleMap:PersistentLevel.GameNetworkManager_11 has natively added scene component(s), but none of them were set as the actor's RootComponent - picking one arbitrarily
[2016.02.03-16.30.49:325][256]LogWorld: Bringing up level for play took: 0.007354
[2016.02.03-16.30.49:327][256]PIE: Info Play in editor start time for /Game/ThirdPersonBP/Maps/UEDPIE_0_ThirdPersonExampleMap 1.012
[2016.02.03-16.30.49:327][256]LogBlueprintUserMessages: Late PlayInEditor Detection: Level '/Game/ThirdPersonBP/Maps/ThirdPersonExampleMap.ThirdPersonExampleMap:PersistentLevel' has LevelScriptBlueprint '/Game/ThirdPersonBP/Maps/ThirdPersonExampleMap.ThirdPersonExampleMap:PersistentLevel.ThirdPersonExampleMap' with GeneratedClass '/Game/ThirdPersonBP/Maps/ThirdPersonExampleMap.ThirdPersonExampleMap_C' with ClassGeneratedBy '/Game/ThirdPersonBP/Maps/ThirdPersonExampleMap.ThirdPersonExampleMap:PersistentLevel.ThirdPersonExampleMap'
[2016.02.03-16.30.55:381][839]LogBlueprintUserMessages: Early EndPlayMap Detection: Level '/Game/ThirdPersonBP/Maps/ThirdPersonExampleMap.ThirdPersonExampleMap:PersistentLevel' has LevelScriptBlueprint '/Game/ThirdPersonBP/Maps/ThirdPersonExampleMap.ThirdPersonExampleMap:PersistentLevel.ThirdPersonExampleMap' with GeneratedClass '/Game/ThirdPersonBP/Maps/ThirdPersonExampleMap.ThirdPersonExampleMap_C' with ClassGeneratedBy '/Game/ThirdPersonBP/Maps/ThirdPersonExampleMap.ThirdPersonExampleMap:PersistentLevel.ThirdPersonExampleMap'
[2016.02.03-16.30.55:493][839]LogBlueprintUserMessages: Late EndPlayMap Detection: Level '/Game/ThirdPersonBP/Maps/ThirdPersonExampleMap.ThirdPersonExampleMap:PersistentLevel' has LevelScriptBlueprint '/Game/ThirdPersonBP/Maps/ThirdPersonExampleMap.ThirdPersonExampleMap:PersistentLevel.ThirdPersonExampleMap' with GeneratedClass '/Game/ThirdPersonBP/Maps/ThirdPersonExampleMap.ThirdPersonExampleMap_C' with ClassGeneratedBy '/Game/ThirdPersonBP/Maps/ThirdPersonExampleMap.ThirdPersonExampleMap:PersistentLevel.ThirdPersonExampleMap'
[2016.02.03-16.30.55:516][839]LogParticles: Destroying 0 GPU particle simulations for FXSystem 0x0000009F886B5EE0
[2016.02.03-16.31.15:691][845]Cmd: OBJ SAVEPACKAGE PACKAGE="/Game/OffTheMap" FILE="../../../../../../Users/Ben/Documents/Unreal Projects/ShakespereGliding/Content/OffTheMap.umap" SILENT=true AUTOSAVING=false KEEPDIRTY=false
[2016.02.03-16.31.16:108][845]LogSavePackage: Save=320.753113ms
[2016.02.03-16.31.16:108][845]LogSavePackage: Moving '../../../../../../Users/Ben/Documents/Unreal Projects/ShakespereGliding/Saved/OffTheMapED0717BC402BC79E64EDCD99ACFCCC40.tmp' to '../../../../../../Users/Ben/Documents/Unreal Projects/ShakespereGliding/Content/OffTheMap.umap'
[2016.02.03-16.31.16:111][845]LogSavePackage: Total save time: 324.361384ms
[2016.02.03-16.31.16:111][845]LogSavePackage:Warning: Finished SavePackage ../../../../../../Users/Ben/Documents/Unreal Projects/ShakespereGliding/Content/OffTheMap.umap
[2016.02.03-16.31.16:135][845]LogFileHelpers: Saving map 'OffTheMap' took 1.657
[2016.02.03-16.38.11:291][577]LogBlueprintUserMessages: Early PlayInEditor Detection: Level '/Game/OffTheMap.OffTheMap:PersistentLevel' has LevelScriptBlueprint '/Game/OffTheMap.OffTheMap:PersistentLevel.OffTheMap' with GeneratedClass '/Game/OffTheMap.OffTheMap_C' with ClassGeneratedBy '/Game/OffTheMap.OffTheMap:PersistentLevel.OffTheMap'
[2016.02.03-16.38.11:291][577]LogPlayLevel: PlayLevel: No blueprints needed recompiling
[2016.02.03-16.38.11:291][577]PIE: New page: PIE session: OffTheMap (Feb 3, 2016, 4:38:11 PM)
[2016.02.03-16.38.11:292][577]LogPlayLevel: Creating play world package: /Game/UEDPIE_0_OffTheMap
[2016.02.03-16.38.11:311][577]LogPlayLevel: PIE: StaticDuplicateObject took: (0.019014s)
[2016.02.03-16.38.11:312][577]LogAIModule: Creating AISystem for world OffTheMap
[2016.02.03-16.38.11:312][577]LogPlayLevel: PIE: World Init took: (0.001119s)
[2016.02.03-16.38.11:312][577]LogPlayLevel: PIE: Created PIE world by copying editor world from /Game/OffTheMap.OffTheMap to /Game/UEDPIE_0_OffTheMap.OffTheMap (0.020430s)
[2016.02.03-16.38.11:350][577]LogInit: XAudio2 using 'Speakers (Realtek High Definition Audio)' : 2 channels at 48 kHz using 32 bits per sample (channel mask 0x3)
[2016.02.03-16.38.11:355][577]LogInit: FAudioDevice initialized.
[2016.02.03-16.38.11:386][577]LogWorld: Game class is 'ThirdPersonGameMode_C'
[2016.02.03-16.38.11:394][577]LogWorld: Bringing World /Game/UEDPIE_0_OffTheMap.OffTheMap up for play (max tick rate 0) at