[2016.02.05-04.36.05:654][  0]Log file open, 02/05/16 04:36:05
[2016.02.05-04.36.05:654][  0]LogInit:Display: Running engine for game: ShakespereGliding
[2016.02.05-04.36.05:654][  0]LogPlatformFile: Not using cached read wrapper
[2016.02.05-04.36.05:654][  0]LogInit:Display: RandInit(1150353341) SRandInit(1150353343).
[2016.02.05-04.36.05:654][  0]LogTaskGraph: Started task graph with 4 named threads and 7 total threads.
[2016.02.05-04.36.05:654][  0]LogStats: Stats thread started at 0.098413
[2016.02.05-04.36.05:654][  0]LogInit: Version: 4.10.2-2818068+++depot+UE4-Releases+4.10
[2016.02.05-04.36.05:654][  0]LogInit: API Version: 2758231
[2016.02.05-04.36.05:654][  0]LogInit: Compiled (64-bit): Jan  6 2016 17:36:42
[2016.02.05-04.36.05:654][  0]LogInit: Compiled with Visual C++: 19.00.23026.00
[2016.02.05-04.36.05:654][  0]LogInit: Build Configuration: Development
[2016.02.05-04.36.05:654][  0]LogInit: Branch Name: ++depot+UE4-Releases+4.10
[2016.02.05-04.36.05:654][  0]LogInit: Command line:  /Temp/Autosaves/Game/ThirdPersonBP/Maps/UEDPCThirdPersonExampleMap -game -PIEVIACONSOLE -ResX=1280 -ResY=720  -Multiprocess 
[2016.02.05-04.36.05:654][  0]LogInit: Base directory: C:/Program Files/Epic Games/4.10/Engine/Binaries/Win64/
[2016.02.05-04.36.05:654][  0]LogInit: Rocket: 1
[2016.02.05-04.36.05:664][  0]LogInit: Using libcurl 7.41.0
[2016.02.05-04.36.05:664][  0]LogInit:  - built for x86_64-pc-win32
[2016.02.05-04.36.05:664][  0]LogInit:  - supports SSL with WinSSL
[2016.02.05-04.36.05:664][  0]LogInit:  - other features:
[2016.02.05-04.36.05:664][  0]LogInit:      CURL_VERSION_SSL
[2016.02.05-04.36.05:664][  0]LogInit:      CURL_VERSION_IPV6
[2016.02.05-04.36.05:664][  0]LogInit:      CURL_VERSION_ASYNCHDNS
[2016.02.05-04.36.05:664][  0]LogInit:      CURL_VERSION_LARGEFILE
[2016.02.05-04.36.05:664][  0]LogInit:      CURL_VERSION_IDN
[2016.02.05-04.36.05:664][  0]LogInit:  CurlRequestOptions (configurable via config and command line):
[2016.02.05-04.36.05:664][  0]LogInit:  - bVerifyPeer = true  - Libcurl will verify peer certificate
[2016.02.05-04.36.05:664][  0]LogInit:  - bUseHttpProxy = false  - Libcurl will NOT use HTTP proxy
[2016.02.05-04.36.05:664][  0]LogInit:  - bDontReuseConnections = false  - Libcurl will reuse connections
[2016.02.05-04.36.05:664][  0]LogInit:  - CertBundlePath = nullptr  - Libcurl will use whatever was configured at build time.
[2016.02.05-04.36.05:674][  0]LogInit: Presizing for 0 objects not considered by GC, pre-allocating 0 bytes.
[2016.02.05-04.36.05:682][  0]LogInit: Object subsystem initialized
[2016.02.05-04.36.05:682][  0]LogInit: Selected Device Profile: [Windows]
[2016.02.05-04.36.05:682][  0]LogInit: Applying CVar settings loaded from the selected device profile: [Windows]
[2016.02.05-04.36.05:686][  0]LogInit: Computer: BEN-PC
[2016.02.05-04.36.05:686][  0]LogInit: User: Ben
[2016.02.05-04.36.05:686][  0]LogInit: CPU Page size=4096, Cores=4
[2016.02.05-04.36.05:686][  0]LogInit: High frequency timer resolution =3.417987 MHz
[2016.02.05-04.36.05:686][  0]LogMemory: Memory total: Physical=16.0GB (16GB approx)
[2016.02.05-04.36.05:686][  0]LogMemory: Platform Memory Stats for Windows
[2016.02.05-04.36.05:686][  0]LogMemory: Process Physical Memory: 56.01 MB used, 56.01 MB peak
[2016.02.05-04.36.05:686][  0]LogMemory: Process Virtual Memory: 59.01 MB used, 59.01 MB peak
[2016.02.05-04.36.05:686][  0]LogMemory: Physical Memory: 11057.43 MB used, 16333.38 MB total
[2016.02.05-04.36.05:686][  0]LogMemory: Virtual Memory: 367.31 MB used, 134217728.00 MB total
[2016.02.05-04.36.05:750][  0]LogTextLocalizationManager: No specific translations for ('en-US') exist, so ('en') translations will be used.
[2016.02.05-04.36.06:208][  0]LogD3D11RHI: Found D3D11 adapter 0: NVIDIA GeForce GTX 770 (Feature Level 11_0)
[2016.02.05-04.36.06:208][  0]LogD3D11RHI: Adapter has 1989MB of dedicated video memory, 0MB of dedicated system memory, and 8166MB of shared system memory, 3 output[s]
[2016.02.05-04.36.06:210][  0]LogD3D11RHI: Found D3D11 adapter 1: Microsoft Basic Render Driver (Feature Level 11_0)
[2016.02.05-04.36.06:210][  0]LogD3D11RHI: Adapter has 0MB of dedicated video memory, 0MB of dedicated system memory, and 8166MB of shared system memory, 0 output[s]
[2016.02.05-04.36.06:210][  0]LogD3D11RHI: Chosen D3D11 Adapter Id = 0
[2016.02.05-04.36.06:216][  0]LogD3D11RHI: !Direct3DDevice
[2016.02.05-04.36.06:216][  0]LogRHI: Texture pool is 1361 MB (70% of 1945 MB)
[2016.02.05-04.36.06:228][  0]LogD3D11RHI: Async texture creation enabled
[2016.02.05-04.36.06:661][  0]LogShaderCompilers: Guid format shader working directory is -18 characters bigger than the processId version (../../../../../../Users/Ben/Documents/Unreal Projects/BardOTM/Intermediate/Shaders/WorkingDirectory/10608/).
[2016.02.05-04.36.06:661][  0]LogShaderCompilers: Cleaned the shader compiler working directory 'C:/Users/Ben/AppData/Local/Temp/UnrealShaderWorkingDir/B81A425B493A3C0F4D5B069956A9526A/'.
[2016.02.05-04.36.06:661][  0]LogShaderCompilers:Display: Using Local Shader Compiler.
[2016.02.05-04.36.07:743][  0]LogTemp:Display: Loaded TP AllDesktopTargetPlatform
[2016.02.05-04.36.07:749][  0]LogTemp:Display: Loaded TP WindowsClientTargetPlatform
[2016.02.05-04.36.07:754][  0]LogTemp:Display: Loaded TP WindowsNoEditorTargetPlatform
[2016.02.05-04.36.07:760][  0]LogTemp:Display: Loaded TP WindowsServerTargetPlatform
[2016.02.05-04.36.07:765][  0]LogTemp:Display: Loaded TP WindowsTargetPlatform
[2016.02.05-04.36.07:768][  0]LogTemp:Display: Loaded TP AndroidTargetPlatform
[2016.02.05-04.36.07:772][  0]LogTemp:Display: Loaded TP Android_ASTCTargetPlatform
[2016.02.05-04.36.07:777][  0]LogTemp:Display: Loaded TP Android_ATCTargetPlatform
[2016.02.05-04.36.07:780][  0]LogTemp:Display: Loaded TP Android_DXTTargetPlatform
[2016.02.05-04.36.07:784][  0]LogTemp:Display: Loaded TP Android_ETC1TargetPlatform
[2016.02.05-04.36.07:787][  0]LogTemp:Display: Loaded TP Android_ETC2TargetPlatform
[2016.02.05-04.36.07:796][  0]LogTemp:Display: Loaded TP Android_MultiTargetPlatform
[2016.02.05-04.36.07:796][  0]LogTemp:Display: Loaded TP Android_PVRTCTargetPlatform
[2016.02.05-04.36.07:797][  0]LogTemp:Display: Loaded TP HTML5TargetPlatform
[2016.02.05-04.36.07:816][  0]LogTemp:Display: Loaded TP IOSTargetPlatform
[2016.02.05-04.36.07:819][  0]LogTemp:Display: Loaded TP LinuxNoEditorTargetPlatform
[2016.02.05-04.36.07:822][  0]LogTemp:Display: Loaded TP LinuxServerTargetPlatform
[2016.02.05-04.36.07:827][  0]LogTemp:Display: Loaded TP LinuxTargetPlatform
[2016.02.05-04.36.07:827][  0]LogTargetPlatformManager:Display: Building Assets For Windows
[2016.02.05-04.36.07:934][  0]LogDerivedDataCache:Display: Max Cache Size: 512 MB
[2016.02.05-04.36.07:973][  0]LogDerivedDataCache: Loaded boot cache 0.04s 41MB C:/Users/Ben/AppData/Local/UnrealEngine/4.10/DerivedDataCache/Boot.ddc.
[2016.02.05-04.36.07:973][  0]LogDerivedDataCache:Display: Loaded Boot cache: C:/Users/Ben/AppData/Local/UnrealEngine/4.10/DerivedDataCache/Boot.ddc
[2016.02.05-04.36.07:973][  0]LogDerivedDataCache: FDerivedDataBackendGraph:  Pak pak cache file ../../../../../../Users/Ben/Documents/Unreal Projects/BardOTM/DerivedDataCache/DDC.ddp not found, will not use a pak cache.
[2016.02.05-04.36.07:973][  0]LogDerivedDataCache: Unable to find inner node Pak for hierarchical cache Hierarchy.
[2016.02.05-04.36.07:973][  0]LogDerivedDataCache: FDerivedDataBackendGraph:  CompressedPak pak cache file ../../../../../../Users/Ben/Documents/Unreal Projects/BardOTM/DerivedDataCache/Compressed.ddp not found, will not use a pak cache.
[2016.02.05-04.36.07:973][  0]LogDerivedDataCache: Unable to find inner node CompressedPak for hierarchical cache Hierarchy.
[2016.02.05-04.36.08:022][  0]LogDerivedDataCache:Display: Pak cache opened for reading ../../../Engine/DerivedDataCache/Compressed.ddp.
[2016.02.05-04.36.08:034][  0]LogDerivedDataCache: Using Local data cache path C:/Users/Ben/AppData/Local/UnrealEngine/Common/DerivedDataCache: Writable
[2016.02.05-04.36.08:215][  0]LogInit: Selected Device Profile: [Windows]
[2016.02.05-04