[2016.02.05-04.55.22:529][  0]Log file open, 02/05/16 04:55:22
[2016.02.05-04.55.22:529][  0]LogInit:Display: Running engine for game: ShakespereGliding
[2016.02.05-04.55.22:529][  0]LogPlatformFile: Not using cached read wrapper
[2016.02.05-04.55.22:529][  0]LogInit:Display: RandInit(809410855) SRandInit(809410857).
[2016.02.05-04.55.22:529][  0]LogTaskGraph: Started task graph with 4 named threads and 7 total threads.
[2016.02.05-04.55.22:529][  0]LogStats: Stats thread started at 0.112727
[2016.02.05-04.55.22:529][  0]LogInit: Version: 4.10.2-2818068+++depot+UE4-Releases+4.10
[2016.02.05-04.55.22:529][  0]LogInit: API Version: 2758231
[2016.02.05-04.55.22:529][  0]LogInit: Compiled (64-bit): Jan  6 2016 17:36:42
[2016.02.05-04.55.22:529][  0]LogInit: Compiled with Visual C++: 19.00.23026.00
[2016.02.05-04.55.22:529][  0]LogInit: Build Configuration: Development
[2016.02.05-04.55.22:529][  0]LogInit: Branch Name: ++depot+UE4-Releases+4.10
[2016.02.05-04.55.22:529][  0]LogInit: Command line:  /Temp/Autosaves/Game/ThirdPersonBP/Maps/UEDPCThirdPersonExampleMap -game -PIEVIACONSOLE -ResX=1280 -ResY=720  -Multiprocess 
[2016.02.05-04.55.22:529][  0]LogInit: Base directory: C:/Program Files/Epic Games/4.10/Engine/Binaries/Win64/
[2016.02.05-04.55.22:529][  0]LogInit: Rocket: 1
[2016.02.05-04.55.22:537][  0]LogInit: Using libcurl 7.41.0
[2016.02.05-04.55.22:537][  0]LogInit:  - built for x86_64-pc-win32
[2016.02.05-04.55.22:537][  0]LogInit:  - supports SSL with WinSSL
[2016.02.05-04.55.22:537][  0]LogInit:  - other features:
[2016.02.05-04.55.22:537][  0]LogInit:      CURL_VERSION_SSL
[2016.02.05-04.55.22:537][  0]LogInit:      CURL_VERSION_IPV6
[2016.02.05-04.55.22:537][  0]LogInit:      CURL_VERSION_ASYNCHDNS
[2016.02.05-04.55.22:537][  0]LogInit:      CURL_VERSION_LARGEFILE
[2016.02.05-04.55.22:537][  0]LogInit:      CURL_VERSION_IDN
[2016.02.05-04.55.22:537][  0]LogInit:  CurlRequestOptions (configurable via config and command line):
[2016.02.05-04.55.22:537][  0]LogInit:  - bVerifyPeer = true  - Libcurl will verify peer certificate
[2016.02.05-04.55.22:537][  0]LogInit:  - bUseHttpProxy = false  - Libcurl will NOT use HTTP proxy
[2016.02.05-04.55.22:537][  0]LogInit:  - bDontReuseConnections = false  - Libcurl will reuse connections
[2016.02.05-04.55.22:537][  0]LogInit:  - CertBundlePath = nullptr  - Libcurl will use whatever was configured at build time.
[2016.02.05-04.55.22:544][  0]LogInit: Presizing for 0 objects not considered by GC, pre-allocating 0 bytes.
[2016.02.05-04.55.22:550][  0]LogInit: Object subsystem initialized
[2016.02.05-04.55.22:550][  0]LogInit: Selected Device Profile: [Windows]
[2016.02.05-04.55.22:550][  0]LogInit: Applying CVar settings loaded from the selected device profile: [Windows]
[2016.02.05-04.55.22:553][  0]LogInit: Computer: BEN-PC
[2016.02.05-04.55.22:554][  0]LogInit: User: Ben
[2016.02.05-04.55.22:554][  0]LogInit: CPU Page size=4096, Cores=4
[2016.02.05-04.55.22:554][  0]LogInit: High frequency timer resolution =3.417987 MHz
[2016.02.05-04.55.22:554][  0]LogMemory: Memory total: Physical=16.0GB (16GB approx)
[2016.02.05-04.55.22:554][  0]LogMemory: Platform Memory Stats for Windows
[2016.02.05-04.55.22:554][  0]LogMemory: Process Physical Memory: 55.88 MB used, 55.88 MB peak
[2016.02.05-04.55.22:554][  0]LogMemory: Process Virtual Memory: 59.02 MB used, 59.02 MB peak
[2016.02.05-04.55.22:554][  0]LogMemory: Physical Memory: 11765.03 MB used, 16333.38 MB total
[2016.02.05-04.55.22:554][  0]LogMemory: Virtual Memory: 367.31 MB used, 134217728.00 MB total
[2016.02.05-04.55.22:602][  0]LogTextLocalizationManager: No specific translations for ('en-US') exist, so ('en') translations will be used.
[2016.02.05-04.55.23:026][  0]LogD3D11RHI: Found D3D11 adapter 0: NVIDIA GeForce GTX 770 (Feature Level 11_0)
[2016.02.05-04.55.23:026][  0]LogD3D11RHI: Adapter has 1989MB of dedicated video memory, 0MB of dedicated system memory, and 8166MB of shared system memory, 3 output[s]
[2016.02.05-04.55.23:028][  0]LogD3D11RHI: Found D3D11 adapter 1: Microsoft Basic Render Driver (Feature Level 11_0)
[2016.02.05-04.55.23:028][  0]LogD3D11RHI: Adapter has 0MB of dedicated video memory, 0MB of dedicated system memory, and 8166MB of shared system memory, 0 output[s]
[2016.02.05-04.55.23:028][  0]LogD3D11RHI: Chosen D3D11 Adapter Id = 0
[2016.02.05-04.55.23:033][  0]LogD3D11RHI: !Direct3DDevice
[2016.02.05-04.55.23:033][  0]LogRHI: Texture pool is 1361 MB (70% of 1945 MB)
[2016.02.05-04.55.23:047][  0]LogD3D11RHI: Async texture creation enabled
[2016.02.05-04.55.23:517][  0]LogShaderCompilers: Guid format shader working directory is -18 characters bigger than the processId version (../../../../../../Users/Ben/Documents/Unreal Projects/BardOTM/Intermediate/Shaders/WorkingDirectory/16304/).
[2016.02.05-04.55.23:517][  0]LogShaderCompilers: Cleaned the shader compiler working directory 'C:/Users/Ben/AppData/Local/Temp/UnrealShaderWorkingDir/37BC2F6B49390F9ED69D1C889C116FA6/'.
[2016.02.05-04.55.23:517][  0]LogShaderCompilers:Display: Using Local Shader Compiler.
[2016.02.05-04.55.24:883][  0]LogTemp:Display: Loaded TP AllDesktopTargetPlatform
[2016.02.05-04.55.24:889][  0]LogTemp:Display: Loaded TP WindowsClientTargetPlatform
[2016.02.05-04.55.24:895][  0]LogTemp:Display: Loaded TP WindowsNoEditorTargetPlatform
[2016.02.05-04.55.24:900][  0]LogTemp:Display: Loaded TP WindowsServerTargetPlatform
[2016.02.05-04.55.24:905][  0]LogTemp:Display: Loaded TP WindowsTargetPlatform
[2016.02.05-04.55.24:909][  0]LogTemp:Display: Loaded TP AndroidTargetPlatform
[2016.02.05-04.55.24:913][  0]LogTemp:Display: Loaded TP Android_ASTCTargetPlatform
[2016.02.05-04.55.24:916][  0]LogTemp:Display: Loaded TP Android_ATCTargetPlatform
[2016.02.05-04.55.24:920][  0]LogTemp:Display: Loaded TP Android_DXTTargetPlatform
[2016.02.05-04.55.24:923][  0]LogTemp:Display: Loaded TP Android_ETC1TargetPlatform
[2016.02.05-04.55.24:927][  0]LogTemp:Display: Loaded TP Android_ETC2TargetPlatform
[2016.02.05-04.55.24:935][  0]LogTemp:Display: Loaded TP Android_MultiTargetPlatform
[2016.02.05-04.55.24:935][  0]LogTemp:Display: Loaded TP Android_PVRTCTargetPlatform
[2016.02.05-04.55.24:936][  0]LogTemp:Display: Loaded TP HTML5TargetPlatform
[2016.02.05-04.55.24:954][  0]LogTemp:Display: Loaded TP IOSTargetPlatform
[2016.02.05-04.55.24:958][  0]LogTemp:Display: Loaded TP LinuxNoEditorTargetPlatform
[2016.02.05-04.55.24:961][  0]LogTemp:Display: Loaded TP LinuxServerTargetPlatform
[2016.02.05-04.55.24:965][  0]LogTemp:Display: Loaded TP LinuxTargetPlatform
[2016.02.05-04.55.24:965][  0]LogTargetPlatformManager:Display: Building Assets For Windows
[2016.02.05-04.55.25:087][  0]LogDerivedDataCache:Display: Max Cache Size: 512 MB
[2016.02.05-04.55.25:132][  0]LogDerivedDataCache: Loaded boot cache 0.04s 41MB C:/Users/Ben/AppData/Local/UnrealEngine/4.10/DerivedDataCache/Boot.ddc.
[2016.02.05-04.55.25:132][  0]LogDerivedDataCache:Display: Loaded Boot cache: C:/Users/Ben/AppData/Local/UnrealEngine/4.10/DerivedDataCache/Boot.ddc
[2016.02.05-04.55.25:132][  0]LogDerivedDataCache: FDerivedDataBackendGraph:  Pak pak cache file ../../../../../../Users/Ben/Documents/Unreal Projects/BardOTM/DerivedDataCache/DDC.ddp not found, will not use a pak cache.
[2016.02.05-04.55.25:132][  0]LogDerivedDataCache: Unable to find inner node Pak for hierarchical cache Hierarchy.
[2016.02.05-04.55.25:132][  0]LogDerivedDataCache: FDerivedDataBackendGraph:  CompressedPak pak cache file ../../../../../../Users/Ben/Documents/Unreal Projects/BardOTM/DerivedDataCache/Compressed.ddp not found, will not use a pak cache.
[2016.02.05-04.55.25:132][  0]LogDerivedDataCache: Unable to find inner node CompressedPak for hierarchical cache Hierarchy.
[2016.02.05-04.55.25:181][  0]LogDerivedDataCache:Display: Pak cache opened for reading ../../../Engine/DerivedDataCache/Compressed.ddp.
[2016.02.05-04.55.25:193][  0]LogDerivedDataCache: Using Local data cache path C:/Users/Ben/AppData/Local/UnrealEngine/Common/DerivedDataCache: Writable
[2016.02.05-04.55.25:431][  0]LogInit: Selected Device Profile: [Windows]
[2016.02.05-04.55.25:433][  0]LogContentStreaming: Texture pool size is 1000.000000MB
[2016.02.05-04.55.25:536][  0]LogMeshUtilities: No automatic mesh reduction module available
[2016.02.05-04.55.25:536][  0]LogMeshUtilities: No automatic mesh merging module available
[2016.02.05-04.55.25:761][  0]LogInit: WinSock: version 1.1 (2.2), MaxSocks=32767, MaxUdp=65467
[2016.02.05-04.55.26:021][  0]LogWindowsMoviePlayer: Unable to load movie: ../../../../../../Users/Ben/Documents/Unreal Projects/BardOTM/Content/Movies/Default_Startup.mp4
[2016.02.05-04.55.26:131][  0]SourceControl: Info Source control is disabled
[2016.02.05-04.55.26:131][  0]SourceControl: Info Source control is disabled
[2016.02.05-04.55.26:146][  0]SourceControl: Info Source control is disabled
[2016.02.05-04.55.26:383][  0]LogObj: 27935 objects as part of root set at end of initial load.
[2016.02.05-04.55.26:383][  0]LogUObjectAllocator: 5830072 out of 0 bytes used by permanent object pool.
[2016.02.05-04.55.26:437][  0]LogEngine: Initializing Engine...
[2016.02.05-04.55.26:447][  0]LogHMD: Can't find Oculus library dev build: is proper Runtime installed? Version: 0.8.0.0
[2016.02.05-04.55.26:447][  0]LogHMD: SteamVR failed to initialize.  Err: 110
[2016.02.05-04.55.26:576][  0]LogInit: XAudio2 using 'Speakers (Realtek High Definition Audio)' : 2 channels at 48 kHz using 32 bits per sample (channel mask 0x3)
[2016.02.05-04.55.26:583][  0]LogInit: FAudioDevice initialized.
[2016.02.05-04.55.26:586][  0]LogInit: Texture streaming: Enabled
[2016.02.05-04.55.26:652][  0]LogNet: Browse: /Temp/Autosaves/Game/ThirdPersonBP/Maps/UEDPCThirdPersonExampleMap?Name=Player
[2016.02.05-04.55.26:652][  0]LogLoad: LoadMap: /Temp/Autosaves/Game/ThirdPersonBP/Maps/UEDPCThirdPersonExampleMap?Name=Player
[2016.02.05-04.55.26:662][  0]LogParticles: Destroying 0 GPU particle simulations for FXSystem 0x0000006D33D96C00
[2016.02.05-04.55.26:671][  0]LogMemory: Platform Memory Stats for Windows
[2016.02.05-04.55.26:671][  0]LogMemory: Process Physical Memory: 412.92 MB used, 412.92 MB peak
[2016.02.05-04.55.26:671][  0]LogMemory: Process Virtual Memory: 460.98 MB used, 461.20 MB peak
[2016.02.05-04.55.26:671][  0]LogMemory: Physical Memory: 12064.75 MB used, 16333.38 MB total
[2016.02.05-04.55.26:671][  0]LogMemory: Virtual Memory: 997.52 MB used, 134217728.00 MB total
[2016.02.05-04.55.26:671][  0]LogMemory: 
[2016.02.05-04.55.26:671][  0]Allocator Stats for TBB: (not implemented)
[2016.02.05-04.55.26:783][  0]LogLinker:Warning: Asset '../../../../../../Users/Ben/Documents/Unreal Projects/BardOTM/Content/Mannequin/Animations/ThirdPerson_AnimBP.uasset' has been saved with empty engine version. The asset will be loaded but may be incompatible.
[2016.02.05-04.55.26:784][  0]LogLinker:Warning: Asset '../../../../../../Users/Ben/Documents/Unreal Projects/BardOTM/Content/Mannequin/Animations/ThirdPerson_Jump.uasset' has been saved with empty engine version. The asset will be loaded but may be incompatible.
[2016.02.05-04.55.26:785][  0]LogLinker:Warning: Asset '../../../../../../Users/Ben/Documents/Unreal Projects/BardOTM/Content/Mannequin/Animations/ThirdPersonJump_Loop.uasset' has been saved with empty engine version. The asset will be loaded but may be incompatible.
[2016.02.05-04.55.26:785][  0]LogLinker:Warning: Asset '../../../../../../Users/Ben/Documents/Unreal Projects/BardOTM/Content/Mannequin/Animations/ThirdPersonJump_Start.uasset' has been saved with empty engine version. The asset will be loaded but may be incompatible.
[2016.02.05-04.55.26:786][  0]LogLinker:Warning: Asset '../../../../../../Users/Ben/Documents/Unreal Projects/BardOTM/Content/Mannequin/Animations/ThirdPerson_IdleRun_2D.uasset' has been saved with empty engine version. The asset will be loaded but may be incompatible.
[2016.02.05-04.55.26:798][  0]LogLinker:Warning: Asset '../../../../../../Users/Ben/Documents/Unreal Projects/BardOTM/Content/Mannequin/Animations/ThirdPersonIdle.uasset' has been saved with empty engine version. The asset will be loaded but may be incompatible.
[2016.02.05-04.