[2016.02.05-02.13.45:419][  0]Log file open, 02/05/16 02:13:45
[2016.02.05-02.13.45:419][  0]LogInit:Display: Running engine for game: ShakespereGliding
[2016.02.05-02.13.45:419][  0]LogPlatformFile: Not using cached read wrapper
[2016.02.05-02.13.45:419][  0]LogInit:Display: RandInit(2022144829) SRandInit(2022144830).
[2016.02.05-02.13.45:419][  0]LogTaskGraph: Started task graph with 4 named threads and 7 total threads.
[2016.02.05-02.13.45:419][  0]LogStats: Stats thread started at 0.250573
[2016.02.05-02.13.45:419][  0]LogInit: Version: 4.10.2-2818068+++depot+UE4-Releases+4.10
[2016.02.05-02.13.45:419][  0]LogInit: API Version: 2758231
[2016.02.05-02.13.45:419][  0]LogInit: Compiled (64-bit): Jan  6 2016 17:36:42
[2016.02.05-02.13.45:419][  0]LogInit: Compiled with Visual C++: 19.00.23026.00
[2016.02.05-02.13.45:419][  0]LogInit: Build Configuration: Development
[2016.02.05-02.13.45:419][  0]LogInit: Branch Name: ++depot+UE4-Releases+4.10
[2016.02.05-02.13.45:419][  0]LogInit: Command line: 
[2016.02.05-02.13.45:419][  0]LogInit: Base directory: C:/Program Files/Epic Games/4.10/Engine/Binaries/Win64/
[2016.02.05-02.13.45:419][  0]LogInit: Rocket: 1
[2016.02.05-02.13.45:429][  0]LogInit: Using libcurl 7.41.0
[2016.02.05-02.13.45:429][  0]LogInit:  - built for x86_64-pc-win32
[2016.02.05-02.13.45:429][  0]LogInit:  - supports SSL with WinSSL
[2016.02.05-02.13.45:429][  0]LogInit:  - other features:
[2016.02.05-02.13.45:429][  0]LogInit:      CURL_VERSION_SSL
[2016.02.05-02.13.45:429][  0]LogInit:      CURL_VERSION_IPV6
[2016.02.05-02.13.45:429][  0]LogInit:      CURL_VERSION_ASYNCHDNS
[2016.02.05-02.13.45:429][  0]LogInit:      CURL_VERSION_LARGEFILE
[2016.02.05-02.13.45:429][  0]LogInit:      CURL_VERSION_IDN
[2016.02.05-02.13.45:429][  0]LogInit:  CurlRequestOptions (configurable via config and command line):
[2016.02.05-02.13.45:429][  0]LogInit:  - bVerifyPeer = true  - Libcurl will verify peer certificate
[2016.02.05-02.13.45:429][  0]LogInit:  - bUseHttpProxy = false  - Libcurl will NOT use HTTP proxy
[2016.02.05-02.13.45:429][  0]LogInit:  - bDontReuseConnections = false  - Libcurl will reuse connections
[2016.02.05-02.13.45:429][  0]LogInit:  - CertBundlePath = nullptr  - Libcurl will use whatever was configured at build time.
[2016.02.05-02.13.45:436][  0]LogInit: Presizing for 0 objects not considered by GC, pre-allocating 0 bytes.
[2016.02.05-02.13.45:440][  0]LogInit: Object subsystem initialized
[2016.02.05-02.13.45:441][  0]LogInit: Selected Device Profile: [Windows]
[2016.02.05-02.13.45:441][  0]LogInit: Applying CVar settings loaded from the selected device profile: [Windows]
[2016.02.05-02.13.45:472][  0]LogInit: Computer: BEN-PC
[2016.02.05-02.13.45:472][  0]LogInit: User: Ben
[2016.02.05-02.13.45:472][  0]LogInit: CPU Page size=4096, Cores=4
[2016.02.05-02.13.45:472][  0]LogInit: High frequency timer resolution =3.417987 MHz
[2016.02.05-02.13.45:472][  0]LogMemory: Memory total: Physical=16.0GB (16GB approx)
[2016.02.05-02.13.45:472][  0]LogMemory: Platform Memory Stats for Windows
[2016.02.05-02.13.45:472][  0]LogMemory: Process Physical Memory: 56.25 MB used, 56.25 MB peak
[2016.02.05-02.13.45:472][  0]LogMemory: Process Virtual Memory: 57.04 MB used, 57.04 MB peak
[2016.02.05-02.13.45:472][  0]LogMemory: Physical Memory: 10003.39 MB used, 16333.38 MB total
[2016.02.05-02.13.45:472][  0]LogMemory: Virtual Memory: 365.37 MB used, 134217728.00 MB total
[2016.02.05-02.13.45:517][  0]LogTextLocalizationManager: No specific translations for ('en-US') exist, so ('en') translations will be used.
[2016.02.05-02.13.45:907][  0]LogD3D11RHI: Found D3D11 adapter 0: NVIDIA GeForce GTX 770 (Feature Level 11_0)
[2016.02.05-02.13.45:907][  0]LogD3D11RHI: Adapter has 1989MB of dedicated video memory, 0MB of dedicated system memory, and 8166MB of shared system memory, 3 output[s]
[2016.02.05-02.13.45:908][  0]LogD3D11RHI: Found D3D11 adapter 1: Microsoft Basic Render Driver (Feature Level 11_0)
[2016.02.05-02.13.45:908][  0]LogD3D11RHI: Adapter has 0MB of dedicated video memory, 0MB of dedicated system memory, and 8166MB of shared system memory, 0 output[s]
[2016.02.05-02.13.45:908][  0]LogD3D11RHI: Chosen D3D11 Adapter Id = 0
[2016.02.05-02.13.45:914][  0]LogD3D11RHI: !Direct3DDevice
[2016.02.05-02.13.45:914][  0]LogRHI: Texture pool is 1361 MB (70% of 1945 MB)
[2016.02.05-02.13.45:926][  0]LogD3D11RHI: Async texture creation enabled
[2016.02.05-02.13.46:392][  0]LogShaderCompilers: Guid format shader working directory is -32 characters bigger than the processId version (../../../../../../Users/Ben/Documents/Unreal Projects/ShakespereGliding 4.10/Intermediate/Shaders/WorkingDirectory/1732/).
[2016.02.05-02.13.46:392][  0]LogShaderCompilers: Cleaned the shader compiler working directory 'C:/Users/Ben/AppData/Local/Temp/UnrealShaderWorkingDir/877DF85F4A75E878F325D6A03B704710/'.
[2016.02.05-02.13.46:392][  0]LogShaderCompilers:Display: Using Local Shader Compiler.
[2016.02.05-02.13.47:742][  0]LogTemp:Display: Loaded TP AllDesktopTargetPlatform
[2016.02.05-02.13.47:747][  0]LogTemp:Display: Loaded TP WindowsClientTargetPlatform
[2016.02.05-02.13.47:752][  0]LogTemp:Display: Loaded TP WindowsNoEditorTargetPlatform
[2016.02.05-02.13.47:757][  0]LogTemp:Display: Loaded TP WindowsServerTargetPlatform
[2016.02.05-02.13.47:762][  0]LogTemp:Display: Loaded TP WindowsTargetPlatform
[2016.02.05-02.13.47:765][  0]LogTemp:Display: Loaded TP AndroidTargetPlatform
[2016.02.05-02.13.47:768][  0]LogTemp:Display: Loaded TP Android_ASTCTargetPlatform
[2016.02.05-02.13.47:771][  0]LogTemp:Display: Loaded TP Android_ATCTargetPlatform
[2016.02.05-02.13.47:774][  0]LogTemp:Display: Loaded TP Android_DXTTargetPlatform
[2016.02.05-02.13.47:778][  0]LogTemp:Display: Loaded TP Android_ETC1TargetPlatform
[2016.02.05-02.13.47:781][  0]LogTemp:Display: Loaded TP Android_ETC2TargetPlatform
[2016.02.05-02.13.47:788][  0]LogTemp:Display: Loaded TP Android_MultiTargetPlatform
[2016.02.05-02.13.47:788][  0]LogTemp:Display: Loaded TP Android_PVRTCTargetPlatform
[2016.02.05-02.13.47:789][  0]LogTemp:Display: Loaded TP HTML5TargetPlatform
[2016.02.05-02.13.47:806][  0]LogTemp:Display: Loaded TP IOSTargetPlatform
[2016.02.05-02.13.47:810][  0]LogTemp:Display: Loaded TP LinuxNoEditorTargetPlatform
[2016.02.05-02.13.47:813][  0]LogTemp:Display: Loaded TP LinuxServerTargetPlatform
[2016.02.05-02.13.47:817][  0]LogTemp:Display: Loaded TP LinuxTargetPlatform
[2016.02.05-02.13.47:817][  0]LogTargetPlatformManager:Display: Building Assets For Windows
[2016.02.05-02.13.47:915][  0]LogDerivedDataCache:Display: Max Cache Size: 512 MB
[2016.02.05-02.13.47:960][  0]LogDerivedDataCache: Loaded boot cache 0.04s 41MB C:/Users/Ben/AppData/Local/UnrealEngine/4.10/DerivedDataCache/Boot.ddc.
[2016.02.05-02.13.47:960][  0]LogDerivedDataCache:Display: Loaded Boot cache: C:/Users/Ben/AppData/Local/UnrealEngine/4.10/DerivedDataCache/Boot.ddc
[2016.02.05-02.13.47:960][  0]LogDerivedDataCache: FDerivedDataBackendGraph:  Pak pak cache file ../../../../../../Users/Ben/Documents/Unreal Projects/ShakespereGliding 4.10/DerivedDataCache/DDC.ddp not found, will not use a pak cache.
[2016.02.05-02.13.47:960][  0]LogDerivedDataCache: Unable to find inner node Pak for hierarchical cache Hierarchy.
[2016.02.05-02.13.47:960][  0]LogDerivedDataCache: FDerivedDataBackendGraph:  CompressedPak pak cache file ../../../../../../Users/Ben/Documents/Unreal Projects/ShakespereGliding 4.10/DerivedDataCache/Compressed.ddp not found, will not use a pak cache.
[2016.02.05-02.13.47:960][  0]LogDerivedDataCache: Unable to find inner node CompressedPak for hierarchical cache Hierarchy.
[2016.02.05-02.13.48:026][  0]LogDerivedDataCache:Display: Pak cache opened for reading ../../../Engine/DerivedDataCache/Compressed.ddp.
[2016.02.05-02.13.48:038][  0]LogDerivedDataCache: Using Local data cache path C:/Users/Ben/AppData/Local/UnrealEngine/Common/DerivedDataCache: Writable
[2016.02.05-02.13.48:215][  0]LogInit: Selected Device Profile: [Windows]
[2016.02.05-02.13.48:217][  0]LogContentStreaming: Texture pool size is 0.000000MB
[2016.02.05-02.13.48:385][  0]LogMeshUtilities: No automatic mesh reduction module available
[2016.02.05-02.13.48:385][  0]LogMeshUtilities: No automatic mesh merging module available
[2016.02.05-02.13.48:593][  0]LogInit: WinSock: version 1.1 (2.2), MaxSocks=32767, MaxUdp=65467
[2016.02.05-02.13.49:362][  0]UdpMessaging: Initializing bridge on interface 0.0.0.0:0 to multicast group 230.0.0.1:6666.
[2016.02.05-02.13.49:460][  0]LogAssetRegistry: FAssetRegistry took 0.0114 seconds to start up
[2016.02.05-02.13.50:304][  0]SourceControl: Info Source control is disabled
[2016.02.05-02.13.50:306][  0]SourceControl: Info Source control is disabled
[2016.02.05-02.13.50:319][  0]SourceControl: Info Source control is disabled
[2016.02.05-02.13.50:334][  0]SourceControl: Info Source control is disabled
[2016.02.05-02.13.50:611][  0]LogObj: 28633 objects as part of root set at end of initial load.
[2016.02.05-02.13.50:611][  0]LogUObjectAllocator: 6099744 out of 0 bytes used by permanent object pool.
[2016.02.05-02.13.50:661][  0]LogEngine: Initializing Engine...
[2016.02.05-02.13.50:668][  0]LogHMD: Can't find Oculus library dev build: is proper Runtime installed? Version: 0.8.0.0
[2016.02.05-02.13.50:668][  0]LogHMD: SteamVR failed to initialize.  Err: 110
[2016.02.05-02.13.50:771][  0]LogAIModule: Creating AISystem for world NewWorld
[2016.02.05-02.13.50:782][  0]LogInit: XAudio2 using 'Speakers (Realtek High Definition Audio)' : 2 channels at 48 kHz using 32 bits per sample (channel mask 0x3)
[2016.02.05-02.13.50:800][  0]LogInit: FAudioDevice initialized.
[2016.02.05-02.13.50:820][  0]LogDerivedDataCache: Saved boot cache 0.02s 41MB C:/Users/Ben/AppData/Local/UnrealEngine/4.10/DerivedDataCache/Boot.ddc.
[2016.02.05-02.13.50:822][  0]LogInit: Texture streaming: Enabled
[2016.02.05-02.13.50:828][  0]LogAnalytics: Creating configured Analytics provider AnalyticsET
[2016.02.05-02.13.50:828][  0]LogAnalytics: [UEEditor.Rocket.Release] APIServer = http://et2.epicgames.com/ET2/. AppVersion = 4.10.2-2818068+++depot+UE4-Releases+4.10
[2016.02.05-02.13.50:828][  0]LogAnalytics: [UEEditor.Rocket.Release] SetUserId cb136a184ef8ff638330d19266871943|8e31a6e3027a48b980d8b94b5dab7277|88817e22-b3e5-4950-af40-b637fca33a6c
[2016.02.05-02.13.50:828][  0]LogAnalytics: [UEEditor.Rocket.Release] AnalyticsET::StartSession
[2016.02.05-02.13.50:838][  0]LogInit: Transaction tracking system initialized
[2016.02.05-02.13.50:870][  0]BlueprintLog: New page: Editor Load
[2016.02.05-02.13.50:993][  0]LocalizationService: Info Localization service is disabled
[2016.02.05-02.13.51:072][  0]LogConsoleResponse:Display: 
[2016.02.05-02.13.51:410][  0]LogCook:Display: Done creating registry. It took  0.00s.
[2016.02.05-02.13.51:472][  0]LogFileCache: Scanning file cache for directory 'C:/Users/Ben/Documents/Unreal Projects/ShakespereGliding 4.10/Content/' took 0.15s
[2016.02.05-02.13.51:472][  0]SourceControl: Info Source control is disabled
[2016.02.05-02.13.51:472][  0]Cmd: MAP LOAD FILE="../../../../../../Users/Ben/Documents/Unreal Projects/ShakespereGliding 4.10/Content/ThirdPersonBP/Maps/ThirdPersonExampleMap.umap" TEMPLATE=0 SHOWPROGRESS=1 FEATURELEVEL=3
[2016.02.05-02.13.51:638][  0]LightingResults: New page: Lighting Build
[2016.02.05-02.13.51:641][  0]MapCheck: New page: Map Check
[2016.02.05-02.13.51:641][  0]LightingResults: New page: Lighting Build
[2016.02.05-02.13.51:651][  0]LogParticles: Destroying 0 GPU particle simulations for FXSystem 0x0000007F247F3B00
[2016.02.05-02.13.51:718][  0]LogLinker:Warning: Asset '../../../../../../Users/Ben/Documents/Unreal Projects/ShakespereGliding 4.10/Content/Mannequin/Animations/ThirdPerson_AnimBP.uasset' has been saved with empty engine version. The asset will be loaded but may be incompatible.
[2016.02.05-02.13.51:737][  0]LogLinker:Warning: Asset '../../../../../../Users/Ben/Documents/Unreal Projects/ShakespereGliding 4.10/Content/Mannequin/Animations/ThirdPerson_Jump.uasset' has been saved with empty engine version. The asset will be loaded but may be incompatible.
[2016.02.05-02.13.51:819][  0]LogLinker:Warning: Asset '../../../../../../Users/Ben/Documents/Unreal Projects/ShakespereGliding 4.10/Content/Mannequin/Animations/ThirdPersonJump_Loop.uasset' has been saved with empty engine version. The asset will be loaded but may be incompatible.
[2016.02.05-02.13.51:836][  0]LogLinker:Warning: Asset '../../../../../../Users/Ben/Documents/Unreal Projects/ShakespereGliding 4.10/Content/Mannequin/Animations/ThirdPersonJump_Start.uasset' has been saved with empty engine version. The asset will be loaded but may be incompatible.
[2016.02.05-02.13.51:845][  0]LogLinker:Warning: Asset '../../../../../../Users/Ben/Documents/Unreal Projects/ShakespereGliding 4.10/Content/Mannequin/Animations/ThirdPerson_IdleRun_2D.uasset' has been saved with empty engine version. The asset will be loaded but may be incompatible.
[2016.02.05-02.13.51:860][  0]LogLinker:Warning: Asset '../../../../../../Users/Ben/Documents/Unreal Projects/ShakespereGliding 4.10/Content/Mannequin/Animations/ThirdPersonIdle.uasset' has been saved with empty engine version. The asset will be loaded but may be incompatible.
[2016.02.05-02.13.51:933][  0]LogLinker:Warning: Asset '../../../../../../Users/Ben/Documents/Unreal Projects/ShakespereGliding 4.10/Content/Mannequin/Animations/ThirdPersonRun.uasset' has been saved with empty engine version. The asset will be loaded but may be incompatible.
[2016.02.05-02.13.51:959][  0]LogLinker:Warning: Asset '../../../../../../Users/Ben/Documents/Unreal Projects/ShakespereGliding 4.10/Content/Mannequin/Animations/ThirdPersonWalk.uasset' has been saved with empty engine version. The asset will be loaded but may be incompatible.
[2016.02.05-02.14.00:209][  0]LogAIModule: Creating AISystem for world ThirdPersonExampleMap
[2016.02.05-02.14.00:278][  0]LogEditorServer: Finished looking for orphan Actors (0.000 secs)
[2016.02.05-02.14.00:279][  0]Cmd: MAP CHECKDEP NOCLEARLOG
[2016.02.05-02.14.00:360][  0]MapCheck:Warning: Warning ThirdPerson_AnimBP_C_0 ThirdPerson_AnimBP_C /Game/ThirdPersonBP/Maps/ThirdPersonExampleMap.ThirdPersonExampleMap:PersistentLevel.ThirdPersonCharacter_167.CharacterMesh0.ThirdPerson_AnimBP_C_0 : Externally referenced 
[2016.02.05-02.14.00:360][  0]MapCheck:Warning: Warning ThirdPerson_AnimBP_C_0 ThirdPerson_AnimBP_C /Game/ThirdPersonBP/Maps/ThirdPersonExampleMap.ThirdPersonExampleMap:PersistentLevel.ThirdPersonCharacter_167.CharacterMesh0.ThirdPerson_AnimBP_C_0 : Externally referenced 
[2016.02.05-02.14.00:360][  0]MapCheck:Warning: Warning ThirdPerson_AnimBP_C_0 ThirdPerson_AnimBP_C /Game/ThirdPersonBP/Maps/ThirdPersonExampleMap.ThirdPersonExampleMap:PersistentLevel.ThirdPersonCharacter_167.CharacterMesh0.ThirdPerson_AnimBP_C_0 : Externally referenced 
[2016.02.05-02.14.00:360][  0]MapCheck:Warning: Warning ThirdPerson_AnimBP_C_0 ThirdPerson_AnimBP_C /Game/ThirdPersonBP/Maps/ThirdPersonExampleMap.ThirdPersonExampleMap:PersistentLevel.ThirdPersonCharacter_167.CharacterMesh0.ThirdPerson_AnimBP_C_0 : Externally referenced 
[2016.02.05-02.14.00:360][  0]MapCheck:Warning: Warning ThirdPerson_AnimBP_C_0 ThirdPerson_AnimBP_C /Game/ThirdPersonBP/Maps/ThirdPersonExampleMap.ThirdPersonExampleMap:PersistentLevel.ThirdPersonCharacter_167.CharacterMesh0.ThirdPerson_AnimBP_C_0 : Externally referenced 
[2016.02.05-02.14.00:360][  0]MapCheck:Warning: Warning CharacterMesh0 SkeletalMeshComponent /Game/ThirdPersonBP/Maps/ThirdPersonExampleMap.ThirdPersonExampleMap:PersistentLevel.ThirdPersonCharacter_167.CharacterMesh0 : Externally referenced 
[2016.02.05-02.14.00:360][  0]MapCheck:Warning: Warning StaticMeshComponent0 StaticMeshComponent /Game/ThirdPersonBP/Maps/ThirdPersonExampleMap.ThirdPersonExampleMap:PersistentLevel.Wall5_2.StaticMeshComponent0 : Externally referenced 
[2016.02.05-02.14.00:360][  0]MapCheck:Warning: Warning StaticMeshComponent0 StaticMeshComponent /Game/ThirdPersonBP/Maps/ThirdPersonExampleMap.ThirdPersonExampleMap:PersistentLevel.Wall6_3.StaticMeshComponent0 : Externally referenced 
[2016.02.05-02.14.00:360][  0]MapCheck:Warning: Warning StaticMeshComponent0 StaticMeshComponent /Game/ThirdPersonBP/Maps/ThirdPersonExampleMap.ThirdPersonExampleMap:PersistentLevel.Wall7_4.StaticMeshComponent0 : Externally referenced 
[2016.02.05-02.14.00:360][  0]MapCheck:Warning: Warning StaticMeshComponent0 StaticMeshComponent /Game/ThirdPersonBP/Maps/ThirdPersonExampleMap.ThirdPersonExampleMap:PersistentLevel.Wall8_5.StaticMeshComponent0 : Externally referenced 
[2016.02.05-02.14.00:360][  0]MapCheck:Warning: Warning StaticMeshComponent0 StaticMeshComponent /Game/ThirdPersonBP/Maps/ThirdPersonExampleMap.ThirdPersonExampleMap:PersistentLevel.CubeMesh_5.StaticMeshComponent0 : Externally referenced 
[2016.02.05-02.14.00:360][  0]MapCheck:Warning: Warning StaticMeshComponent0 StaticMeshComponent /Game/ThirdPersonBP/Maps/ThirdPersonExampleMap.ThirdPersonExampleMap:PersistentLevel.Floor_1.StaticMeshComponent0 : Externally referenced 
[2016.02.05-02.14.00:360][  0]MapCheck:Warning: Warning StaticMeshComponent0 StaticMeshComponent /Game/ThirdPersonBP/Maps/ThirdPersonExampleMap.ThirdPersonExampleMap:PersistentLevel.Bump_StaticMesh.StaticMeshComponent0 : Externally referenced 
[2016.02.05-02.14.00:360][  0]MapCheck:Warning: Warning StaticMeshComponent0 StaticMeshComponent /Game/ThirdPersonBP/Maps/ThirdPersonExampleMap.ThirdPersonExampleMap:PersistentLevel.LeftArm_StaticMesh.StaticMeshComponent0 : Externally referenced 
[2016.02.05-02.14.00:360][  0]MapCheck:Warning: Warning StaticMeshComponent0 StaticMeshComponent /Game/ThirdPersonBP/Maps/ThirdPersonExampleMap.ThirdPersonExampleMap:PersistentLevel.Linear_Stair_StaticMesh.StaticMeshComponent0 : Externally referenced 
[2016.02.05-02.14.00:360][  0]MapCheck:Warning: Warning StaticMeshComponent0 StaticMeshComponent /Game/ThirdPersonBP/Maps/ThirdPersonExampleMap.ThirdPersonExampleMap:PersistentLevel.Ramp_StaticMesh.StaticMeshComponent0 : Externally referenced 
[2016.02.05-02.14.00:360][  0]MapCheck:Warning: Warning StaticMeshComponent0 StaticMeshComponent /Game/ThirdPersonBP/Maps/ThirdPersonExampleMap.ThirdPersonExampleMap:PersistentLevel.RightArm_StaticMesh.StaticMeshComponent0 : Externally referenced 
[2016.02.05-02.14.00:360][  0]MapCheck: Info Map check complete: 0 Error(s), 17 Warning(s), took 80.835ms to complete.
[2016.02.05-02.14.00:392][  0]LogFileHelpers: Loading map 'ThirdPersonExampleMap' took 8.921
[2016.02.05-02.14.00:620][  0]LogCollectionManager: Loaded 0 collections in 0.111269 seconds
[2016.02.05-02.14.00:668][  0]LogFileCache: Scanning file cache for directory 'C:/Users/Ben/Documents/Unreal Projects/ShakespereGliding 4.10/Saved/Collections/' took 0.01s
[2016.02.05-02.14.00:668][  0]LogFileCache: Scanning file cache for directory 'C:/Users/Ben/Documents/Unreal Projects/ShakespereGliding 4.10/Content/Developers/Ben/Collections/' took 0.01s
[2016.02.05-02.14.00:668][  0]LogFileCache: Scanning file cache for directory 'C:/Users/Ben/Documents/Unreal Projects/ShakespereGliding 4.10/Content/Collections/' took 0.01s
[2016.02.05-02.14.00:668][  0]LogCollectionManager: Rebuilt the GUID cache for 0 collections in 0.000001 seconds
[2016.02.05-02.14.00:674][  0]LogContentBrowser: Native class hierarchy populated in 0.0059 seconds. Added 1893 classes and 338 folders.
[2016.02.05-02.14.00:681][  0]LogContentBrowser: Native class hierarchy updated for 'WidgetCarousel' in 0.0004 seconds. Added 0 classes and 0 folders.
[2016.02.05-02.14.00:731][  0]LogContentBrowser: Native class hierarchy updated for 'AddContentDialog' in 0.0004 seconds. Added 0 classes and 0 folders.
[2016.02.05-02.14.00:735][  0]LogContentBrowser: Native class hierarchy updated for 'SceneOutliner' in 0.0004 seconds. Added 1 classes and 2 folders.
[2016.02.05-02.14.00:837][  0]LogCrashTracker: Crashtracker disabled due to settings.
[2016.02.05-02.14.00:849][  0]LogWindowsTextInputMethodSystem:Display: IME system now deactivated.
[2016.02.05-02.14.00:856][  0]LogUObjectGlobals:Warning: Failed to find object 'Class None.'
[2016.02.05-02.14.00:881][  0]LogLoad: Full Startup: 16.74 seconds (BP compile: 0.27 seconds)
[2016.02.05-02.14.00:899][  0]LogOcInput: Can't find Oculus library dev build: is proper Runtime installed? Version: 0.8.0.0
[2016.02.05-02.14.01:231][  0]LogContentStreaming: Texture pool size now 1000 MB
[2016.02.05-02.14.01:338][  0]LogRenderer: Reallocating scene render targets to support 1208x580 (Frame:2).
[2016.02.05-02.14.01:624][  3]LogAssetRegistry: Asset discovery search completed in 12.1749 seconds
[2016.02.05-02.14.01:624][  3]LogCollectionManager: Rebuilt the object cache for 0 collections in 0.000001 seconds (found 0 objects)
[2016.02.05-02.14.01:624][  3]LogCollectionManager: Fixed up redirectors for 0 collections in 0.000015 seconds (updated 0 objects)
[2016.02.05-02.14.05:105][342]LogBlueprintUserMessages: Early PlayInEditor Detection: Level '/Game/ThirdPersonBP/Maps/ThirdPersonExampleMap.ThirdPersonExampleMap:PersistentLevel' has LevelScriptBlueprint '/Game/ThirdPersonBP/Maps/ThirdPersonExampleMap.ThirdPersonExampleMap:PersistentLevel.ThirdPersonExampleMap' with GeneratedClass '/Game/ThirdPersonBP/Maps/ThirdPersonExampleMap.ThirdPersonExampleMap_C' with ClassGeneratedBy '/Game/ThirdPersonBP/Maps/ThirdPersonExampleMap.ThirdPersonExampleMap:PersistentLevel.ThirdPersonExampleMap'
[2016.02.05-02.14.05:105][342]LogPlayLevel: PlayLevel: No blueprints needed recompiling
[2016.02.05-02.14.05:106][342]PIE: New page: PIE session: ThirdPersonExampleMap (Feb 5, 2016, 2:14:05 AM)
[2016.02.05-02.14.05:106][342]LogPlayLevel: Creating play world package: /Game/ThirdPersonBP/Maps/UEDPIE_0_ThirdPersonExampleMap
[2016.02.05-02.14.05:173][342]LogPlayLevel: PIE: StaticDuplicateObject took: (0.067455s)
[2016.02.05-02.14.05:174][342]LogAIModule: Creating AISystem for world ThirdPersonExampleMap
[2016.02.05-02.14.05:174][342]LogPlayLevel: PIE: World Init took: (0.000843s)
[2016.02.05-02.14.05:174][342]LogPlayLevel: PIE: Created PIE world by copying editor world from /Game/ThirdPersonBP/Maps/ThirdPersonExampleMap.ThirdPersonExampleMap to /Game/ThirdPersonBP/Maps/UEDPIE_0_ThirdPersonExampleMap.ThirdPersonExampleMap (0.068581s)
[2016.02.05-02.14.05:202][342]LogInit: XAudio2 using 'Speakers (Realtek High Definition Audio)' : 2 channels at 48 kHz using 32 bits per sample (channel mask 0x3)
[2016.02.05-02.14.05:206][342]LogInit: FAudioDevice initialized.
[2016.02.05-02.14.05:282][342]LogWorld: Game class is 'ThirdPersonGameMode_C'
[2016.02.05-02.14.05:289][342]LogWorld: Bringing World /Game/ThirdPersonBP/Maps/UEDPIE_0_ThirdPersonExampleMap.ThirdPersonExampleMap up for play (max tick rate 0) at 2016.02.05-02.14.05
[2016.02.05-02.14.05:289][342]LogActor:Warning: GameSession /Game/ThirdPersonBP/Maps/UEDPIE_0_ThirdPersonExampleMap.ThirdPersonExampleMap:PersistentLevel.GameSession_0 has natively added scene component(s), but none of them were set as the actor's RootComponent - picking one arbitrarily
[2016.02.05-02.14.05:289][342]LogActor:Warning: GameNetworkManager /Game/ThirdPersonBP/Maps/UEDPIE_0_ThirdPersonExampleMap.ThirdPersonExampleMap:PersistentLevel.GameNetworkManager_0 has natively added scene component(s), but none of them were set as the actor's RootComponent - picking one arbitrarily
[2016.02.05-02.14.05:290][342]LogWorld: Bringing up level for play took: 0.006185
[2016.02.05-02.14.05:291][342]PIE: Info Play in editor start time for /Game/ThirdPersonBP/Maps/UEDPIE_0_ThirdPersonExampleMap 0.976
[2016.02.05-02.14.05:291][342]LogBlueprintUserMessages: Late PlayInEditor Detection: Level '/Game/ThirdPersonBP/Maps/ThirdPersonExampleMap.ThirdPersonExampleMap:PersistentLevel' has LevelScriptBlueprint '/Game/ThirdPersonBP/Maps/ThirdPersonExampleMap.ThirdPersonExampleMap:PersistentLevel.ThirdPersonExampleMap' with GeneratedClass '/Game/ThirdPersonBP/Maps/ThirdPersonExampleMap.ThirdPersonExampleMap_C' with ClassGeneratedBy '/Game/ThirdPersonBP/Maps/ThirdPersonExampleMap.ThirdPersonExampleMap:PersistentLevel.ThirdPersonExampleMap'
[2016.02.05-02.14.54:595][237]LogBlueprintUserMessages: Early EndPlayMap Detection: Level '/Game/ThirdPersonBP/Maps/ThirdPersonExampleMap.ThirdPersonExampleMap:PersistentLevel' has LevelScriptBlueprint '/Game/ThirdPersonBP/Maps/ThirdPersonExampleMap.ThirdPersonExampleMap:PersistentLevel.ThirdPersonExampleMap' with GeneratedClass '/Game/ThirdPersonBP/Maps/ThirdPersonExampleMap.ThirdPersonExampleMap_C' with ClassGeneratedBy '/Game/ThirdPersonBP/Maps/ThirdPersonExampleMap.ThirdPersonExampleMap:PersistentLevel.ThirdPersonExampleMap'
[2016.02.05-02.14.54:631][237]LogBlueprintUserMessages: Late EndPlayMap Detection: Level '/Game/ThirdPersonBP/Maps/ThirdPersonExampleMap.ThirdPersonExampleMap:PersistentLevel' has LevelScriptBlueprint '/Game/ThirdPersonBP/Maps/ThirdPersonExampleMap.ThirdPersonExampleMap:PersistentLevel.ThirdPersonExampleMap' with GeneratedClass '/Game/ThirdPersonBP/Maps/ThirdPersonExampleMap.ThirdPersonExampleMap_C' with ClassGeneratedBy '/Game/ThirdPersonBP/Maps/ThirdPersonExampleMap.ThirdPersonExampleMap:PersistentLevel.ThirdPersonExampleMap'
[2016.02.05-02.14.54:642][237]LogParticles: Destroying 0 GPU particle simulations for FXSystem 0x0000007F2F6D8180
[2016.02.05-02.23.32:913][559]LogLinker:Warning: Asset '../../../Engine/Content/ArtTools/RenderToTexture/Macros/RenderToTextureMacros.uasset' has been saved with empty engine version. The asset will be loaded but may be incompatible.
[2016.02.05-02.23.34:462][559]LogContentBrowser: Native class hierarchy updated for 'BlueprintGraph' in 0.0112 seconds. Added 107 classes and 0 folders.
[2016.02.05-02.23.51:940][938]BlueprintLog: New page: Compile ThirdPersonExampleMap
[2016.02.05-02.23.52:582][938]LogActorComponent: UnregisterComponent: (/Engine/Transient.CharMoveComp) Not registered. Aborting.
[2016.02.05-02.23.52:693][938]BlueprintEditorCompileResults: Info [0608.54] Compile of ThirdPersonExampleMap successful! [in 739 ms]
[2016.02.05-02.23.53:368][  2]LogBlueprintUserMessages: Early PlayInEditor Detection: Level '/Game/ThirdPersonBP/Maps/ThirdPersonExampleMap.ThirdPersonExampleMap:PersistentLevel' has LevelScriptBlueprint '/Game/ThirdPersonBP/Maps/ThirdPersonExampleMap.ThirdPersonExampleMap:PersistentLevel.ThirdPersonExampleMap' with GeneratedClass '/Game/ThirdPersonBP/Maps/ThirdPersonExampleMap.ThirdPersonExampleMap_C' with ClassGeneratedBy '/Game/ThirdPersonBP/Maps/ThirdPersonExampleMap.ThirdPersonExampleMap:PersistentLevel.ThirdPersonExampleMap'
[2016.02.05-02.23.53:368][  2]LogPlayLevel: PlayLevel: No blueprints needed recompiling
[2016.02.05-02.23.53:369][  2]PIE: New page: PIE session: ThirdPersonExampleMap (Feb 5, 2016, 2:23:53 AM)
[2016.02.05-02.23.53:369][  2]LogPlayLevel: Creating play world package: /Game/ThirdPersonBP/Maps/UEDPIE_0_ThirdPersonExampleMap
[2016.02.05-02.23.54:379][  2]LogPlayLevel: PIE: StaticDuplicateObject took: (1.010538s)
[2016.02.05-02.23.54:380][  2]LogAIModule: Creating AISystem for world ThirdPersonExampleMap
[2016.02.05-02.23.54:380][  2]LogPlayLevel: PIE: World Init took: (0.000854s)
[2016.02.05-02.23.54:380][  2]LogPlayLevel: PIE: Created PIE world by copying editor world from /Game/ThirdPersonBP/Maps/ThirdPersonExampleMap.ThirdPersonExampleMap to /Game/ThirdPersonBP/Maps/UEDPIE_0_ThirdPersonExampleMap.ThirdPersonExampleMap (1.011560s)
[2016.02.05-02.23.54:411][  2]LogInit: XAudio2 using 'Speakers (Realtek High Definition Audio)' : 2 channels at 48 kHz using 32 bits per sample (channel mask 0x3)
[2016.02.05-02.23.54:415][  2]LogInit: FAudioDevice initialized.
[2016.02.05-02.23.54:597][  2]LogWorld: Game class is 'ThirdPersonGameMode_C'
[2016.02.05-02.23.54:604][  2]LogWorld: Bringing World /Game/ThirdPersonBP/Maps/UEDPIE_0_ThirdPersonExampleMap.ThirdPersonExampleMap up for play (max tick rate 0) at 2016.02.05-02.23.54
[2016.02.05-02.23.54:604][  2]LogActor:Warning: GameSession /Game/ThirdPersonBP/Maps/UEDPIE_0_ThirdPersonExampleMap.ThirdPersonExampleMap:PersistentLevel.GameSession_1 has natively added scene component(s), but none of them were set as the actor's RootComponent - picking one arbitrarily
[2016.02.05-02.23.54:604][  2]LogActor:Warning: GameNetworkManager /Game/ThirdPersonBP/Maps/UEDPIE_0_ThirdPersonExampleMap.ThirdPersonExampleMap:PersistentLevel.GameNetworkManager_1 has natively added scene component(s), but none of them were set as the actor's RootComponent - picking one arbitrarily
[2016.02.05-02.23.54:605][  2]LogWorld: Bringing up level for play took: 0.006463
[2016.02.05-02.23.54:634][  2]PIE: Info Play in editor start time for /Game/ThirdPersonBP/Maps/UEDPIE_0_ThirdPersonExampleMap 0.32
[2016.02.05-02.23.54:634][  2]LogBlueprintUserMessages: Late PlayInEditor Detection: Level '/Game/ThirdPersonBP/Maps/ThirdPersonExampleMap.ThirdPersonExampleMap:PersistentLevel' has LevelScriptBlueprint '/Game/ThirdPersonBP/Maps/ThirdPersonExampleMap.ThirdPersonExampleMap:PersistentLevel.ThirdPersonExampleMap' with GeneratedClass '/Game/ThirdPersonBP/Maps/ThirdPersonExampleMap.ThirdPersonExampleMap_C' with ClassGeneratedBy '/Game/ThirdPersonBP/Maps/ThirdPersonExampleMap.ThirdPersonExampleMap:PersistentLevel.ThirdPersonExampleMap'
[2016.02.05-02.24.24:602][593]LogBlueprintUserMessages: Early EndPlayMap Detection: Level '/Game/ThirdPersonBP/Maps/ThirdPersonExampleMap.ThirdPersonExampleMap:PersistentLevel' has LevelScriptBlueprint '/Game/ThirdPersonBP/Maps/ThirdPersonExampleMap.ThirdPersonExampleMap:PersistentLevel.ThirdPersonExampleMap' with GeneratedClass '/Game/ThirdPersonBP/Maps/ThirdPersonExampleMap.ThirdPersonExampleMap_C' with ClassGeneratedBy '/Game/ThirdPersonBP/Maps/ThirdPersonExampleMap.ThirdPersonExampleMap:PersistentLevel.ThirdPersonExampleMap'
[2016.02.05-02.24.24:638][593]LogBlueprintUserMessages: Late EndPlayMap Detection: Level '/Game/ThirdPersonBP/Maps/ThirdPersonExampleMap.ThirdPersonExampleMap:PersistentLevel' has LevelScriptBlueprint '/Game/ThirdPersonBP/Maps/ThirdPersonExampleMap.ThirdPersonExampleMap:PersistentLevel.ThirdPersonExampleMap' with GeneratedClass '/Game/ThirdPersonBP/Maps/ThirdPersonExampleMap.ThirdPersonExampleMap_C' with ClassGeneratedBy '/Game/ThirdPersonBP/Maps/ThirdPersonExampleMap.ThirdPersonExampleMap:PersistentLevel.ThirdPersonExampleMap'
[2016.02.05-02.24.24:692][594]LogParticles: Destroying 0 GPU particle simulations for FXSystem 0x0000007F1328C680
[2016.02.05-02.24.35:573][702]LogBlueprintUserMessages: Early PlayInEditor Detection: Level '/Game/ThirdPersonBP/Maps/ThirdPersonExampleMap.ThirdPersonExampleMap:PersistentLevel' has LevelScriptBlueprint '/Game/ThirdPersonBP/Maps/ThirdPersonExampleMap.ThirdPersonExampleMap:PersistentLevel.ThirdPersonExampleMap' with GeneratedClass '/Game/ThirdPersonBP/Maps/ThirdPersonExampleMap.ThirdPersonExampleMap_C' with ClassGeneratedBy '/Game/ThirdPersonBP/Maps/ThirdPersonExampleMap.ThirdPersonExampleMap:PersistentLevel.ThirdPersonExampleMap'
[2016.02.05-02.24.35:573][702]LogPlayLevel: PlayLevel: No blueprints needed recompiling
[2016.02.05-02.24.35:573][702]PIE: New page: PIE session: ThirdPersonExampleMap (Feb 5, 2016, 2:24:35 AM)
[2016.02.05-02.24.35:573][702]LogPlayLevel: Creating play world package: /Game/ThirdPersonBP/Maps/UEDPIE_0_ThirdPersonExampleMap
[2016.02.05-02.24.35:593][702]LogPlayLevel: PIE: StaticDuplicateObject took: (0.019981s)
[2016.02.05-02.24.35:594][702]LogAIModule: Creating AISystem for world ThirdPersonExampleMap
[2016.02.05-02.24.35:594][702]LogPlayLevel: PIE: World Init took: (0.000784s)
[2016.02.05-02.24.35:594][702]LogPlayLevel: PIE: Created PIE world by copying editor world from /Game/ThirdPersonBP/Maps/ThirdPersonExampleMap.ThirdPersonExampleMap to /Game/ThirdPersonBP/Maps/UEDPIE_0_ThirdPersonExampleMap.ThirdPersonExampleMap (0.020957s)
[2016.02.05-02.24.35:710][702]LogInit: XAudio2 using 'Speakers (Realtek High Definition Audio)' : 2 channels at 48 kHz using 32 bits per sample (channel mask 0x3)
[2016.02.05-02.24.35:714][702]LogInit: FAudioDevice initialized.
[2016.02.05-02.24.35:747][702]LogWorld: Game class is 'ThirdPersonGameMode_C'
[2016.02.05-02.24.35:755][702]LogWorld: Bringing World /Game/ThirdPersonBP/Maps/UEDPIE_0_ThirdPersonExampleMap.ThirdPersonExampleMap up for play (max tick rate 0) at 2016.02.05-02.24.35
[2016.02.05-02.24.35:755][702]LogActor:Warning: GameSession /Game/ThirdPersonBP/Maps/UEDPIE_0_ThirdPersonExampleMap.ThirdPersonExampleMap:PersistentLevel.GameSession_2 has natively added scene component(s), but none of them were set as the actor's RootComponent - picking one arbitrarily
[2016.02.05-02.24.35:755][702]LogActor:Warning: GameNetworkManager /Game/ThirdPersonBP/Maps/UEDPIE_0_ThirdPersonExampleMap.ThirdPersonExampleMap:PersistentLevel.GameNetworkManager_2 has natively added scene component(s), but none of them were set as the actor's RootComponent - picking one arbitrarily
[2016.02.05-02.24.35:755][702]LogWorld: Bringing up level for play took: 0.006867
[2016.02.05-02.24.35:757][702]PIE: Info Play in editor start time for /Game/ThirdPersonBP/Maps/UEDPIE_0_ThirdPersonExampleMap -0.558
[2016.02.05-02.24.35:757][702]LogBlueprintUserMessages: Late PlayInEditor Detection: Level '/Game/ThirdPersonBP/Maps/ThirdPersonExampleMap.ThirdPersonExampleMap:PersistentLevel' has LevelScriptBlueprint '/Game/ThirdPersonBP/Maps/ThirdPersonExampleMap.ThirdPersonExampleMap:PersistentLevel.ThirdPersonExampleMap' with GeneratedClass '/Game/ThirdPersonBP/Maps/ThirdPersonExampleMap.ThirdPersonExampleMap_C' with ClassGeneratedBy '/Game/ThirdPersonBP/Maps/ThirdPersonExampleMap.ThirdPersonExampleMap:PersistentLevel.ThirdPersonExampleMap'
[2016.02.05-02.24.50:108][416]LogBlueprintUserMessages: Early EndPlayMap Detection: Level '/Game/ThirdPersonBP/Maps/ThirdPersonExampleMap.ThirdPersonExampleMap:PersistentLevel' has LevelScriptBlueprint '/Game/ThirdPersonBP/Maps/ThirdPersonExampleMap.ThirdPersonExampleMap:PersistentLevel.ThirdPersonExampleMap' with GeneratedClass '/Game/ThirdPersonBP/Maps/ThirdPersonExampleMap.ThirdPersonExampleMap_C' with ClassGeneratedBy '/Game/ThirdPersonBP/Maps/ThirdPersonExampleMap.ThirdPersonExampleMap:PersistentLevel.ThirdPersonExampleMap'
[2016.02.05-02.24.50:246][416]LogBlueprintUserMessages: Late EndPlayMap Detection: Level '/Game/ThirdPersonBP/Maps/ThirdPersonExampleMap.ThirdPersonExampleMap:PersistentLevel' has LevelScriptBlueprint '/Game/ThirdPersonBP/Maps/ThirdPersonExampleMap.ThirdPersonExampleMap:PersistentLevel.ThirdPersonExampleMap' with GeneratedClass '/Game/ThirdPersonBP/Maps/ThirdPersonExampleMap.ThirdPersonExampleMap_C' with ClassGeneratedBy '/Game/ThirdPersonBP/Maps/ThirdPersonExampleMap.ThirdPersonExampleMap:PersistentLevel.ThirdPersonExampleMap'
[2016.02.05-02.24.50:361][417]LogParticles: Destroying 0 GPU particle simulations for FXSystem 0x0000007F5AAC7600
[2016.02.05-02.25.04:736][ 59]LogEditorViewport: Clicking on Actor (context menu): ThirdPersonCharacter_C (ThirdPersonCharacter)
[2016.02.05-02.25.05:595][ 59]LogEditorViewport: Clicking on Actor (context menu): ThirdPersonCharacter_C (ThirdPersonCharacter)
[2016.02.05-02.25.09:678][440]LogBlueprintUserMessages: Early PlayInEditor Detection: Level '/Game/ThirdPersonBP/Maps/ThirdPersonExampleMap.ThirdPersonExampleMap:PersistentLevel' has LevelScriptBlueprint '/Game/ThirdPersonBP/Maps/ThirdPersonExampleMap.ThirdPersonExampleMap:PersistentLevel.ThirdPersonExampleMap' with GeneratedClass '/Game/ThirdPersonBP/Maps/ThirdPersonExampleMap.ThirdPersonExampleMap_C' with ClassGeneratedBy '/Game/ThirdPersonBP/Maps/ThirdPersonExampleMap.ThirdPersonExampleMap:PersistentLevel.ThirdPersonExampleMap'
[2016.02.05-02.25.09:678][440]LogPlayLevel: PlayLevel: No blueprints needed recompiling
[2016.02.05-02.25.09:678][440]PIE: New page: PIE session: ThirdPersonExampleMap (Feb 5, 2016, 2:25:09 AM)
[2016.02.05-02.25.09:678][440]LogPlayLevel: Creating play world package: /Game/ThirdPersonBP/Maps/UEDPIE_0_ThirdPersonExampleMap
[2016.02.05-02.25.09:696][440]LogPlayLevel: PIE: StaticDuplicateObject took: (0.018304s)
[2016.02.05-02.25.09:697][440]LogAIModule: Creating AISystem for world ThirdPersonExampleMap
[2016.02.05-02.25.09:697][440]LogPlayLevel: PIE: World Init took: (0.000762s)
[2016.02.05-02.25.09:697][440]LogPlayLevel: PIE: Created PIE world by copying editor world from /Game/ThirdPersonBP/Maps/ThirdPersonExampleMap.ThirdPersonExampleMap to /Game/ThirdPersonBP/Maps/UEDPIE_0_ThirdPersonExampleMap.ThirdPersonExampleMap (0.019268s)
[2016.02.05-02.25.09:799][440]LogInit: XAudio2 using 'Speakers (Realtek High Definition Audio)' : 2 channels at 48 kHz using 32 bits per sample (channel mask 0x3)
[2016.02.05-02.25.09:803][440]LogInit: FAudioDevice initialized.
[2016.02.05-02.25.09:837][440]LogWorld: Game class is 'ThirdPersonGameMode_C'
[2016.02.05-02.25.09:843][440]LogWorld: Bringing World /Game/ThirdPersonBP/Maps/UEDPIE_0_ThirdPersonExampleMap.ThirdPersonExampleMap up for play (max tick rate 0) at 2016.02.05-02.25.09
[2016.02.05-02.25.09:843][440]LogActor:Warning: GameSession /Game/ThirdPersonBP/Maps/UEDPIE_0_ThirdPersonExampleMap.ThirdPersonExampleMap:PersistentLevel.GameSession_3 has natively added scene component(s), but none of them were set as the actor's RootComponent - picking one arbitrarily
[2016.02.05-02.25.09:844][440]LogActor:Warning: GameNetworkManager /Game/ThirdPersonBP/Maps/UEDPIE_0_ThirdPersonExampleMap.ThirdPersonExampleMap:PersistentLevel.GameNetworkManager_3 has natively added scene component(s), but none of them were set as the actor's RootComponent - picking one arbitrarily
[2016.02.05-02.25.09:844][440]LogWorld: Bringing up level for play took: 0.006406
[2016.02.05-02.25.09:845][440]PIE: Info Play in editor start time for /Game/ThirdPersonBP/Maps/UEDPIE_0_ThirdPersonExampleMap -0.469
[2016.02.05-02.25.09:845][440]LogBlueprintUserMessages: Late PlayInEditor Detection: Level '/Game/ThirdPersonBP/Maps/ThirdPersonExampleMap.ThirdPersonExampleMap:PersistentLevel' has LevelScriptBlueprint '/Game/ThirdPersonBP/Maps/ThirdPersonExampleMap.ThirdPersonExampleMap:PersistentLevel.ThirdPersonExampleMap' with GeneratedClass '/Game/ThirdPersonBP/Maps/ThirdPersonExampleMap.ThirdPersonExampleMap_C' with ClassGeneratedBy '/Game/ThirdPersonBP/Maps/ThirdPersonExampleMap.ThirdPersonExampleMap:PersistentLevel.ThirdPersonExampleMap'
[2016.02.05-02.30.10:763][439]LogBlueprintUserMessages: Early EndPlayMap Detection: Level '/Game/ThirdPersonBP/Maps/ThirdPersonExampleMap.ThirdPersonExampleMap:PersistentLevel' has LevelScriptBlueprint '/Game/ThirdPersonBP/Maps/ThirdPersonExampleMap.ThirdPersonExampleMap:PersistentLevel.ThirdPersonExampleMap' with GeneratedClass '/Game/ThirdPersonBP/Maps/ThirdPersonExampleMap.ThirdPersonExampleMap_C' with ClassGeneratedBy '/Game/ThirdPersonBP/Maps/ThirdPersonExampleMap.ThirdPersonExampleMap:PersistentLevel.ThirdPersonExampleMap'
[2016.02.05-02.30.10:823][439]LogBlueprintUserMessages: Late EndPlayMap Detection: Level '/Game/ThirdPersonBP/Maps/ThirdPersonExampleMap.ThirdPersonExampleMap:PersistentLevel' has LevelScriptBlueprint '/Game/ThirdPersonBP/Maps/ThirdPersonExampleMap.ThirdPersonExampleMap:PersistentLevel.ThirdPersonExampleMap' with GeneratedClass '/Game/ThirdPersonBP/Maps/ThirdPersonExampleMap.ThirdPersonExampleMap_C' with ClassGeneratedBy '/Game/ThirdPersonBP/Maps/ThirdPersonExampleMap.ThirdPersonExampleMap:PersistentLevel.ThirdPersonExampleMap'
[2016.02.05-02.30.10:845][439]LogParticles: Destroying 0 GPU particle simulations for FXSystem 0x0000007F6EBD3920
[2016.02.05-02.30.28:342][366]LogEditorViewport: Clicking on Actor (LMB): BP_Sky_Sphere_C (SkySphereBlueprint)
[2016.02.05-02.30.31:905][437]LogSavePackage: Save=428.762299ms
[2016.02.05-02.30.31:905][437]LogSavePackage: Moving '../../../../../../Users/Ben/Documents/Unreal Projects/ShakespereGliding 4.10/Saved/UEDPCThirdPersonExampleMapEEEAB95A4126AF373F1F08B6E38971AA.tmp' to '../../../../../../Users/Ben/Documents/Unreal Projects/ShakespereGliding 4.10/Saved/Autosaves/Game/ThirdPersonBP/Maps/UEDPCThirdPersonExampleMap.umap'
[2016.02.05-02.30.31:907][437]LogSavePackage: Total save time: 664.633892ms
[2016.02.05-02.30.31:907][437]LogSavePackage:Display: Finished SavePackage ../../../../../../Users/Ben/Documents/Unreal Projects/ShakespereGliding 4.10/Saved/Autosaves/Game/ThirdPersonBP/Maps/UEDPCThirdPersonExampleMap.umap
[2016.02.05-02.31.06:396][731]LogEditorViewport: Clicking on Actor (context menu): StaticMeshActor (Floor)
[2016.02.05-02.31.07:032][731]LogEditorViewport: Clicking on Actor (context menu): StaticMeshActor (Floor)
[2016.02.05-02.31.30:986][823]LogSavePackage: Save=213.688049ms
[2016.02.05-02.31.30:986][823]LogSavePackage: Moving '../../../../../../Users/Ben/Documents/Unreal Projects/ShakespereGliding 4.10/Saved/UEDPCThirdPersonExampleMap02CF49014031EA90BE2E839D22AABD8D.tmp' to '../../../../../../Users/Ben/Documents/Unreal Projects/ShakespereGliding 4.10/Saved/Autosaves/Game/ThirdPersonBP/Maps/UEDPCThirdPersonExampleMap.umap'
[2016.02.05-02.31.30:989][823]LogSavePackage: Total save time: 217.934705ms
[2016.02.05-02.31.30:989][823]LogSavePackage:Display: Finished SavePackage ../../../../../../Users/Ben/Documents/Unreal Projects/ShakespereGliding 4.10/Saved/Autosaves/Game/ThirdPersonBP/Maps/UEDPCThirdPersonExampleMap.umap
[2016.02.05-02.31.50:169][983]LogSavePackage: Save=318.322144ms
[2016.02.05-02.31.50:169][983]LogSavePackage: Moving '../../../../../../Users/Ben/Documents/Unreal Projects/ShakespereGliding 4.10/Saved/ThirdPersonExampleMap_Auto12E4CB7FF48664F82637BC382E8326898.tmp' to '../../../../../../Users/Ben/Documents/Unreal Projects/ShakespereGliding 4.10/Saved/Autosaves/Game/ThirdPersonBP/Maps/ThirdPersonExampleMap_Auto1.umap'
[2016.02.05-02.31.50:171][983]LogSavePackage: Total save time: 322.314274ms
[2016.02.05-02.31.50:171][983]LogSavePackage:Display: Finished SavePackage ../../../../../../Users/Ben/Documents/Unreal Projects/ShakespereGliding 4.10/Saved/Autosaves/Game/ThirdPersonBP/Maps/ThirdPersonExampleMap_Auto1.umap
[2016.02.05-02.31.50:172][983]LogFileHelpers: Editor autosave (incl. sublevels) for '/Game/ThirdPersonBP/Maps/ThirdPersonExampleMap' took 0.366
[2016.02.05-02.31.50:172][983]LogFileHelpers: Editor autosave (incl. sublevels) for all levels took 0.366
[2016.02.05-02.50.38:627][163]Cmd: OBJ SAVEPACKAGE PACKAGE="/Game/Maps/OTM" FILE="../../../../../../Users/Ben/Documents/Unreal Projects/ShakespereGliding 4.10/Content/Maps/OTM.umap" SILENT=true AUTOSAVING=false KEEPDIRTY=false
[2016.02.05-02.50.38:933][163]LogSavePackage: Save=280.316742ms
[2016.02.05-02.50.38:933][163]LogSavePackage: Moving '../../../../../../Users/Ben/Documents/Unreal Projects/ShakespereGliding 4.10/Saved/OTMD82C298C4BC3AEE719B9B6AA74B824D7.tmp' to '../../../../../../Users/Ben/Documents/Unreal Projects/ShakespereGliding 4.10/Content/Maps/OTM.umap'
[2016.02.05-02.50.38:936][163]LogSavePackage: Total save time: 284.158777ms
[2016.02.05-02.50.38:936][163]LogSavePackage:Display: Finished SavePackage ../../../../../../Users/Ben/Documents/Unreal Projects/ShakespereGliding 4.10/Content/Maps/OTM.umap
[2016.02.05-02.50.39:602][163]LogFileHelpers: Saving map 'OTM' took 24.408
[2016.02.05-02.51.52:967][797]LogWindowsTextInputMethodSystem:Display: IME system now deactivated.
[2016.02.05-02.51.54:415][798]Cmd: QUIT_EDITOR
[2016.02.05-02.51.57:021][798]LogExit: Preparing to exit.
[2016.02.05-02.52.00:244][798]LogExit: Editor shut down
[2016.02.05-02.52.00:245][798]LogExit: Transaction tracking system shut down
[2016.02.05-02.52.01:431][798]LogParticles: Destroying 0 GPU particle simulations for FXSystem 0x0000007F14D0CC20
[2016.02.05-02.52.01:431][798]LogParticles: Destroying 0 GPU particle simulations for FXSystem 0x0000007F15CF5D00
[2016.02.05-02.52.01:432][798]LogParticles: Destroying 0 GPU particle simulations for FXSystem 0x0000007F3535B920
[2016.02.05-02.52.01:433][798]LogParticles: Destroying 0 GPU particle simulations for FXSystem 0x0000007F1641FF60
[2016.02.05-02.52.01:434][798]LogParticles: Destroying 0 GPU particle simulations for FXSystem 0x0000007F15A400E0
[2016.02.05-02.52.01:437][798]LogParticles: Destroying 0 GPU particle simulations for FXSystem 0x0000007F56B4A480
[2016.02.05-02.52.08:711][798]LogParticles: Destroying 0 GPU particle simulations for FXSystem 0x0000007F56B4BC40
[2016.02.05-02.52.08:711][798]LogExit: Object subsystem successfully closed.
[2016.02.05-02.52.08:975][798]LogD3D11RHI: Shutdown
[2016.02.05-02.52.08:975][798]LogD3D11RHI: CleanupD3DDevice
[2016.02.05-02.52.09:103][798]LogD3D11RHI: ~FD3D11DynamicRHI
[2016.02.05-02.52.10:074][798]LogModuleManager: Shutting down and abandoning module CookingStats (200)
[2016.02.05-02.52.10:074][798]LogModuleManager: Shutting down and abandoning module BlueprintGraph (199)
[2016.02.05-02.52.10:074][798]LogModuleManager: Shutting down and abandoning module CrashTracker (198)
[2016.02.05-02.52.10:074][798]LogModuleManager: Shutting down and abandoning module SceneOutliner (197)
[2016.02.05-02.52.10:074][798]LogModuleManager: Shutting down and abandoning module SuperSearch (196)
[2016.02.05-02.52.10:074][798]LogModuleManager: Shutting down and abandoning module WidgetCarousel (195)
[2016.02.05-02.52.10:119][798]LogModuleManager: Shutting down and abandoning module AddContentDialog (194)
[2016.02.05-02.52.10:188][798]LogModuleManager: Shutting down and abandoning module EditorWidgets (193)
[2016.02.05-02.52.10:188][798]LogModuleManager: Shutting down and abandoning module CollectionManager (192)
[2016.02.05-02.52.10:252][798]LogModuleManager: Shutting down and abandoning module StatsViewer (191)
[2016.02.05-02.52.10:281][798]LogModuleManager: Shutting down and abandoning module FoliageEdit (190)
[2016.02.05-02.52.10:282][798]LogModuleManager: Shutting down and abandoning module LandscapeEditor (189)
[2016.02.05-02.52.10:332][798]LogModuleManager: Shutting down and abandoning module ActorPickerMode (188)
[2016.02.05-02.52.10:332][798]LogModuleManager: Shutting down and abandoning module GeometryMode (187)
[2016.02.05-02.52.10:332][798]LogModuleManager: Shutting down and abandoning module TextureAlignMode (186)
[2016.02.05-02.52.10:332][798]LogModuleManager: Shutting down and abandoning module BspMode (185)
[2016.02.05-02.52.10:332][798]LogModuleManager: Shutting down and abandoning module PlacementMode (184)
[2016.02.05-02.52.10:332][798]LogModuleManager: Shutting down and abandoning module AutomationWorker (183)
[2016.02.05-02.52.10:332][798]LogModuleManager: Shutting down and abandoning module CharacterAI (182)
[2016.02.05-02.52.10:332][798]LogModuleManager: Shutting down and abandoning module SmartSnapping (181)
[2016.02.05-02.52.10:332][798]LogModuleManager: Shutting down and abandoning module ViewportSnapping (180)
[2016.02.05-02.52.10:332][798]LogModuleManager: Shutting down and abandoning module LogVisualizer (179)
[2016.02.05-02.52.10:356][798]LogModuleManager: Shutting down and abandoning module GameProjectGeneration (178)
[2016.02.05-02.52.10:501][798]LogModuleManager: Shutting down and abandoning module IntroTutorials (177)
[2016.02.05-02.52.10:543][798]LogModuleManager: Shutting down and abandoning module EditorLiveStreaming (176)
[2016.02.05-02.52.10:543][798]LogModuleManager: Shutting down and abandoning module IOSPlatformEditor (175)
[2016.02.05-02.52.10:556][798]LogModuleManager: Shutting down and abandoning module HTML5PlatformEditor (174)
[2016.02.05-02.52.10:556][798]LogModuleManager: Shutting down and abandoning module AndroidDeviceDetection (173)
[2016.02.05-02.52.11:211][798]LogModuleManager: Shutting down and abandoning module AndroidPlatformEditor (172)
[2016.02.05-02.52.11:211][798]LogModuleManager: Shutting down and abandoning module IOSRuntimeSettings (171)
[2016.02.05-02.52.11:211][798]LogModuleManager: Shutting down and abandoning module AndroidRuntimeSettings (170)
[2016.02.05-02.52.11:211][798]LogModuleManager: Shutting down and abandoning module MergeActors (169)
[2016.02.05-02.52.11:257][798]LogModuleManager: Shutting down and abandoning module SizeMap (168)
[2016.02.05-02.52.11:257][798]LogModuleManager: Shutting down and abandoning module TreeMap (167)
[2016.02.05-02.52.11:378][798]LogModuleManager: Shutting down and abandoning module ReferenceViewer (166)
[2016.02.05-02.52.11:413][798]LogModuleManager: Shutting down and abandoning module LocalizationService (165)
[2016.02.05-02.52.11:436][798]LogModuleManager: Shutting down and abandoning module LocalizationDashboard (164)
[2016.02.05-02.52.11:623][798]LogModuleManager: Shutting down and abandoning module HardwareTargeting (163)
[2016.02.05-02.52.11:653][798]LogModuleManager: Shutting down and abandoning module DeviceProfileEditor (162)
[2016.02.05-02.52.11:719][798]LogModuleManager: Shutting down and abandoning module UndoHistory (161)
[2016.02.05-02.52.11:760][798]LogModuleManager: Shutting down and abandoning module GameplayTagsEditor (160)
[2016.02.05-02.52.11:796][798]LogModuleManager: Shutting down and abandoning module UserFeedback (159)
[2016.02.05-02.52.11:796][798]LogModuleManager: Shutting down and abandoning module XmlParser (158)
[2016.02.05-02.52.11:830][798]LogModuleManager: Shutting down and abandoning module Blutility (157)
[2016.02.05-02.52.11:830][798]LogModuleManager: Shutting down and abandoning module ProjectTargetPlatformEditor (156)
[2016.02.05-02.52.11:831][798]LogModuleManager: Shutting down and abandoning module ProjectSettingsViewer (155)
[2016.02.05-02.52.11:831][798]LogModuleManager: Shutting down and abandoning module InputBindingEditor (154)
[2016.02.05-02.52.11:957][798]LogModuleManager: Shutting down and abandoning module EditorSettingsViewer (153)
[2016.02.05-02.52.11:957][798]LogModuleManager: Shutting down and abandoning module SettingsEditor (152)
[2016.02.05-02.52.12:229][798]LogModuleManager: Shutting down and abandoning module ProjectLauncher (151)
[2016.02.05-02.52.12:691][798]LogModuleManager: Shutting down and abandoning module SessionFrontend (150)
[2016.02.05-02.52.12:840][798]LogModuleManager: Shutting down and abandoning module ProfilerClient (149)
[2016.02.05-02.52.12:938][798]LogModuleManager: Shutting down and abandoning module TargetDeviceServices (148)
[2016.02.05-02.52.12:938][798]LogModuleManager: Shutting down and abandoning module DeviceManager (147)
[2016.02.05-02.52.12:996][798]LogModuleManager: Shutting down and abandoning module AutomationController (146)
[2016.02.05-02.52.13:138][798]LogModuleManager: Shutting down and abandoning module AutomationWindow (145)
[2016.02.05-02.52.13:257][798]LogModuleManager: Shutting down and abandoning module Layers (144)
[2016.02.05-02.52.13:557][798]LogModuleManager: Shutting down and abandoning module ComponentVisualizers (143)
[2016.02.05-02.52.13:557][798]LogModuleManager: Shutting down and abandoning module DetailCustomizations (142)
[2016.02.05-02.52.13:557][798]LogModuleManager: Shutting down and abandoning module PackagesDialog (141)
[2016.02.05-02.52.13:557][798]LogModuleManager: Shutting down and abandoning module Persona (140)
[2016.02.05-02.52.13:906][798]LogModuleManager: Shutting down and abandoning module Kismet (139)
[2016.02.05-02.52.13:948][798]LogModuleManager: Shutting down and abandoning module GraphEditor (138)
[2016.02.05-02.52.13:948][798]LogModuleManager: Shutting down and abandoning module ClassViewer (137)
[2016.02.05-02.52.13:989][798]LogModuleManager: Shutting down and abandoning module Toolbox (136)
[2016.02.05-02.52.13:989][798]LogModuleManager: Shutting down and abandoning module ModuleUI (135)
[2016.02.05-02.52.14:043][798]LogModuleManager: Shutting down and abandoning module MovieSceneTools (134)
[2016.02.05-02.52.14:122][798]LogModuleManager: Shutting down and abandoning module OutputLog (133)
[2016.02.05-02.52.14:122][798]LogModuleManager: Shutting down and abandoning module GammaUI (132)
[2016.02.05-02.52.14:159][798]LogModuleManager: Shutting down and abandoning module Documentation (131)
[2016.02.05-02.52.14:159][798]LogModuleManager: Shutting down and abandoning module GameLiveStreaming (130)
[2016.02.05-02.52.14:199][798]LogModuleManager: Shutting down and abandoning module StreamingPauseRendering (129)
[2016.02.05-02.52.14:199][798]LogModuleManager: Shutting down and abandoning module AnalyticsET (128)
[2016.02.05-02.52.14:199][798]LogModuleManager: Shutting down and abandoning module Analytics (127)
[2016.02.05-02.52.14:199][798]LogModuleManager: Shutting down and abandoning module AITestSuite (126)
[2016.02.05-02.52.14:275][798]LogModuleManager: Shutting down and abandoning module GameplayDebugger (125)
[2016.02.05-02.52.14:320][798]LogModuleManager: Shutting down and abandoning module AIModule (124)
[2016.02.05-02.52.14:320][798]LogModuleManager: Shutting down and abandoning module ProfilerService (123)
[2016.02.05-02.52.14:557][798]LogModuleManager: Shutting down and abandoning module TaskGraph (122)
[2016.02.05-02.52.14:789][798]LogModuleManager: Shutting down and abandoning module SlateRemote (121)
[2016.02.05-02.52.14:789][798]LogModuleManager: Shutting down and abandoning module SteamVRController (120)
[2016.02.05-02.52.14:789][798]LogModuleManager: Shutting down and abandoning module SteamVR (119)
[2016.02.05-02.52.14:789][798]LogModuleManager: Shutting down and abandoning module ProceduralMeshComponent (118)
[2016.02.05-02.52.14:789][798]LogModuleManager: Shutting down and abandoning module OculusLibrary (117)
[2016.02.05-02.52.14:789][798]LogModuleManager: Shutting down and abandoning module OculusInput (116)
[2016.02.05-02.52.14:789][798]LogModuleManager: Shutting down and abandoning module LeapMotionController (115)
[2016.02.05-02.52.14:888][798]LogModuleManager: Shutting down and abandoning module CustomMeshComponent (114)
[2016.02.05-02.52.14:888][798]LogModuleManager: Shutting down and abandoning module CableComponent (113)
[2016.02.05-02.52.14:890][798]LogModuleManager: Shutting down and abandoning module ArchVisCharacter (112)
[2016.02.05-02.52.14:890][798]LogModuleManager: Shutting down and abandoning module MessagingDebugger (111)
[2016.02.05-02.52.15:118][798]LogModuleManager: Shutting down and abandoning module MediaPlayerEditor (110)
[2016.02.05-02.52.15:311][798]LogModuleManager: Shutting down and abandoning module HTML5Networking (109)
[2016.02.05-02.52.15:311][798]LogModuleManager: Shutting down and abandoning module SpeedTreeImporter (108)
[2016.02.05-02.52.15:311][798]LogModuleManager: Shutting down and abandoning module PluginBrowser (107)
[2016.02.05-02.52.15:424][798]LogModuleManager: Shutting down and abandoning module EpicSurvey (106)
[2016.02.05-02.52.15:480][798]LogModuleManager: Shutting down and abandoning module DesktopPlatform (105)
[2016.02.05-02.52.15:567][798]LogModuleManager: Shutting down and abandoning module VisualStudioSourceCodeAccess (104)
[2016.02.05-02.52.15:626][798]LogModuleManager: Shutting down and abandoning module UObjectPlugin (103)
[2016.02.05-02.52.15:626][798]LogModuleManager: Shutting down and abandoning module SubversionSourceControl (102)
[2016.02.05-02.52.15:718][798]LogModuleManager: Shutting down and abandoning module PerforceSourceControl (101)
[2016.02.05-02.52.16:244][798]LogModuleManager: Shutting down and abandoning module SourceControl (100)
[2016.02.05-02.52.16:516][798]LogModuleManager: Shutting down and abandoning module GitSourceControl (99)
[2016.02.05-02.52.16:663][798]LogModuleManager: Shutting down and abandoning module LightPropagationVolumeEditor (98)
[2016.02.05-02.52.16:663][798]LogModuleManager: Shutting down and abandoning module PaperTiledImporter (97)
[2016.02.05-02.52.16:690][798]LogModuleManager: Shutting down and abandoning module PaperSpriteSheetImporter (96)
[2016.02.05-02.52.16:690][798]LogModuleManager: Shutting down and abandoning module MeshPaint (95)
[2016.02.05-02.52.16:690][798]LogModuleManager: Shutting down and abandoning module SlateReflector (94)
[2016.02.05-02.52.16:953][798]LogModuleManager: Shutting down and abandoning module HotReload (93)
[2016.02.05-02.52.17:002][798]LogModuleManager: Shutting down and abandoning module MainFrame (92)
[2016.02.05-02.52.17:002][798]LogModuleManager: Shutting down and abandoning module LevelEditor (91)
[2016.02.05-02.52.17:258][798]LogModuleManager: Shutting down and abandoning module DirectoryWatcher (90)
[2016.02.05-02.52.17:262][798]LogModuleManager: Shutting down and abandoning module AssetRegistry (89)
[2016.02.05-02.52.17:328][798]LogModuleManager: Shutting down and abandoning module ContentBrowser (88)
[2016.02.05-02.52.17:330][798]LogModuleManager: Shutting down and abandoning module Paper2DEditor (87)
[2016.02.05-02.52.17:508][798]LogModuleManager: Shutting down and abandoning module UdpMessaging (86)
[2016.02.05-02.52.17:609][798]LogModuleManager: Shutting down and abandoning module LightPropagationVolumeRuntime (85)
[2016.02.05-02.52.17:609][798]LogModuleManager: Shutting down and abandoning module Paper2D (84)
[2016.02.05-02.52.17:851][798]LogModuleManager: Shutting down and abandoning module WindowsMoviePlayer (83)
[2016.02.05-02.52.17:916][798]LogModuleManager: Shutting down and abandoning module Media (82)
[2016.02.05-02.52.17:916][798]LogModuleManager: Shutting down and abandoning module WmfMedia (81)
[2016.02.05-02.52.17:966][798]LogModuleManager: Shutting down and abandoning module OnlineBlueprintSupport (80)
[2016.02.05-02.52.17:966][798]LogModuleManager: Shutting down and abandoning module GameplayTasksEditor (79)
[2016.02.05-02.52.17:966][798]LogModuleManager: Shutting down and abandoning module PropertyEditor (78)
[2016.02.05-02.52.17:966][798]LogModuleManager: Shutting down and abandoning module BehaviorTreeEditor (77)
[2016.02.05-02.52.18:202][798]LogModuleManager: Shutting down and abandoning module FunctionalTesting (76)
[2016.02.05-02.52.18:203][798]LogModuleManager: Shutting down and abandoning module CollisionAnalyzer (75)
[2016.02.05-02.52.18:274][798]LogModuleManager: Shutting down and abandoning module WorkspaceMenuStructure (74)
[2016.02.05-02.52.18:274][798]LogModuleManager: Shutting down and abandoning module MessageLog (73)
[2016.02.05-02.52.18:274][798]LogModuleManager: Shutting down and abandoning module Sequencer (72)
[2016.02.05-02.52.18:500][798]LogModuleManager: Shutting down and abandoning module AssetTools (71)
[2016.02.05-02.52.18:856][798]LogModuleManager: Shutting down and abandoning module UMGEditor (70)
[2016.02.05-02.52.19:078][798]LogModuleManager: Shutting down and abandoning module UMG (69)
[2016.02.05-02.52.19:218][798]LogModuleManager: Shutting down and abandoning module Slate (68)
[2016.02.05-02.52.19:218][798]LogModuleManager: Shutting down and abandoning module EditorStyle (67)
[2016.02.05-02.52.19:223][798]LogModuleManager: Shutting down and abandoning module SessionServices (66)
[2016.02.05-02.52.19:223][798]LogModuleManager: Shutting down and abandoning module SourceCodeAccess (65)
[2016.02.05-02.52.19:223][798]LogModuleManager: Shutting down and abandoning module HeadMountedDisplay (64)
[2016.02.05-02.52.19:223][798]LogModuleManager: Shutting down and abandoning module XAudio2 (63)
[2016.02.05-02.52.19:223][798]LogModuleManager: Shutting down and abandoning module Networking (61)
[2016.02.05-02.52.19:223][798]LogModuleManager: Shutting down and abandoning module Core (60)
[2016.02.05-02.52.19:223][798]LogModuleManager: Shutting down and abandoning module KismetCompiler (59)
[2016.02.05-02.52.19:223][798]LogModuleManager: Shutting down and abandoning module PhysXFormats (58)
[2016.02.05-02.52.19:262][798]LogModuleManager: Shutting down and abandoning module MeshUtilities (57)
[2016.02.05-02.52.19:395][798]LogModuleManager: Shutting down and abandoning module DerivedDataCache (56)
[2016.02.05-02.52.19:487][798]LogDerivedDataCache: Shutdown
[2016.02.05-02.52.19:487][798]LogModuleManager: Shutting down and abandoning module ShaderFormatOpenGL (55)
[2016.02.05-02.52.19:596][798]LogModuleManager: Shutting down and abandoning module ShaderFormatD3D (54)
[2016.02.05-02.52.19:645][798]LogModuleManager: Shutting down and abandoning module MetalShaderFormat (53)
[2016.02.05-02.52.19:732][798]LogModuleManager: Shutting down and abandoning module TextureFormatUncompressed (52)
[2016.02.05-02.52.19:732][798]LogModuleManager: Shutting down and abandoning module TextureFormatPVR (51)
[2016.02.05-02.52.19:766][798]LogModuleManager: Shutting down and abandoning module TextureFormatIntelISPCTexComp (50)
[2016.02.05-02.52.19:807][798]LogModuleManager: Shutting down and abandoning module TextureFormatDXT (49)
[2016.02.05-02.52.19:859][798]LogModuleManager: Shutting down and abandoning module ImageWrapper (48)
[2016.02.05-02.52.19:859][798]LogModuleManager: Shutting down and abandoning module TextureFormatASTC (47)
[2016.02.05-02.52.19:859][798]LogModuleManager: Shutting down and abandoning module TextureFormatAndroid (46)
[2016.02.05-02.52.19:859][798]LogModuleManager: Shutting down and abandoning module AudioFormatOpus (45)
[2016.02.05-02.52.19:911][798]LogModuleManager: Shutting down and abandoning module AudioFormatOgg (44)
[2016.02.05-02.52.19:941][798]LogModuleManager: Shutting down and abandoning module AudioFormatADPCM (43)
[2016.02.05-02.52.19:984][798]LogModuleManager: Shutting down and abandoning module LinuxTargetPlatform (42)
[2016.02.05-02.52.19:984][798]LogModuleManager: Shutting down and abandoning module LinuxServerTargetPlatform (41)
[2016.02.05-02.52.20:017][798]LogModuleManager: Shutting down and abandoning module LinuxNoEditorTargetPlatform (40)
[2016.02.05-02.52.20:063][798]LogModuleManager: Shutting down and abandoning module Messaging (39)
[2016.02.05-02.52.20:063][798]LogModuleManager: Shutting down and abandoning module IOSTargetPlatform (38)
[2016.02.05-02.52.20:063][798]LogModuleManager: Shutting down and abandoning module HTML5TargetPlatform (37)
[2016.02.05-02.52.20:063][798]LogModuleManager: Shutting down and abandoning module Android_PVRTCTargetPlatform (36)
[2016.02.05-02.52.20:063][798]LogModuleManager: Shutting down and abandoning module Android_MultiTargetPlatform (35)
[2016.02.05-02.52.20:063][798]LogModuleManager: Shutting down and abandoning module Android_ETC2TargetPlatform (34)
[2016.02.05-02.52.20:063][798]LogModuleManager: Shutting down and abandoning module Android_ETC1TargetPlatform (33)
[2016.02.05-02.52.20:063][798]LogModuleManager: Shutting down and abandoning module Android_DXTTargetPlatform (32)
[2016.02.05-02.52.20:063][798]LogModuleManager: Shutting down and abandoning module Android_ATCTargetPlatform (31)
[2016.02.05-02.52.20:063][798]LogModuleManager: Shutting down and abandoning module Android_ASTCTargetPlatform (30)
[2016.02.05-02.52.20:063][798]LogModuleManager: Shutting down and abandoning module AndroidTargetPlatform (29)
[2016.02.05-02.52.20:063][798]LogModuleManager: Shutting down and abandoning module WindowsTargetPlatform (28)
[2016.02.05-02.52.20:063][798]LogModuleManager: Shutting down and abandoning module WindowsServerTargetPlatform (27)
[2016.02.05-02.52.20:124][798]LogModuleManager: Shutting down and abandoning module WindowsNoEditorTargetPlatform (26)
[2016.02.05-02.52.20:174][798]LogModuleManager: Shutting down and abandoning module WindowsClientTargetPlatform (25)
[2016.02.05-02.52.20:231][798]LogModuleManager: Shutting down and abandoning module AllDesktopTargetPlatform (24)
[2016.02.05-02.52.20:231][798]LogModuleManager: Shutting down and abandoning module TargetPlatform (23)
[2016.02.05-02.52.20:231][798]LogModuleManager: Shutting down and abandoning module InputCore (22)
[2016.02.05-02.52.20:231][798]LogModuleManager: Shutting down and abandoning module Settings (21)
[2016.02.05-02.52.20:231][798]LogModuleManager: Shutting down and abandoning module OnlineSubsystem (19)
[2016.02.05-02.52.20:231][798]LogModuleManager: Shutting down and abandoning module HTTP (18)
[2016.02.05-02.52.22:234][798]LogModuleManager: Shutting down and abandoning module XMPP (17)
[2016.02.05-02.52.22:394][798]LogModuleManager: Shutting down and abandoning module OculusRift (16)
[2016.02.05-02.52.22:526][798]LogModuleManager: Shutting down and abandoning module ExampleDeviceProfileSelector (15)
[2016.02.05-02.52.22:526][798]LogModuleManager: Shutting down and abandoning module TextureCompressor (14)
[2016.02.05-02.52.22:623][798]LogModuleManager: Shutting down and abandoning module ShaderCore (13)
[2016.02.05-02.52.22:623][798]LogModuleManager: Shutting down and abandoning module Landscape (12)
[2016.02.05-02.52.22:623][798]LogModuleManager: Shutting down and abandoning module SlateRHIRenderer (11)
[2016.02.05-02.52.22:771][798]LogModuleManager: Shutting down and abandoning module OpenGLDrv (10)
[2016.02.05-02.52.22:966][798]LogModuleManager: Shutting down and abandoning module D3D11RHI (9)
[2016.02.05-02.52.22:966][798]LogModuleManager: Shutting down and abandoning module AnimGraphRuntime (8)
[2016.02.05-02.52.22:966][798]LogModuleManager: Shutting down and abandoning module Renderer (7)
[2016.02.05-02.52.22:966][798]LogModuleManager: Shutting down and abandoning module Engine (6)
[2016.02.05-02.52.22:966][798]LogModuleManager: Shutting down and abandoning module CoreUObject (5)
[2016.02.05-02.52.22:966][798]LogModuleManager: Shutting down and abandoning module NetworkFile (4)
[2016.02.05-02.52.23:272][798]LogModuleManager: Shutting down and abandoning module StreamingFile (3)
[2016.02.05-02.52.23:285][798]LogModuleManager: Shutting down and abandoning module SandboxFile (2)
[2016.02.05-02.52.23:407][798]LogModuleManager: Shutting down and abandoning module PakFile (1)
[2016.02.05-02.52.23:623][798]LogExit: Exiting.
[2016.02.05-02.52.23:670][798]Log file closed, 02/05/16 02:52:23
