[2016.02.05-04.14.57:825][  0]Log file open, 02/05/16 04:14:57
[2016.02.05-04.14.57:825][  0]LogInit:Display: Running engine for game: ShakespereGliding
[2016.02.05-04.14.57:825][  0]LogPlatformFile: Not using cached read wrapper
[2016.02.05-04.14.57:825][  0]LogInit:Display: RandInit(1110148307) SRandInit(1110148308).
[2016.02.05-04.14.57:825][  0]LogTaskGraph: Started task graph with 4 named threads and 7 total threads.
[2016.02.05-04.14.57:825][  0]LogStats: Stats thread started at 0.223209
[2016.02.05-04.14.57:825][  0]LogInit: Version: 4.10.2-2818068+++depot+UE4-Releases+4.10
[2016.02.05-04.14.57:825][  0]LogInit: API Version: 2758231
[2016.02.05-04.14.57:825][  0]LogInit: Compiled (64-bit): Jan  6 2016 17:36:42
[2016.02.05-04.14.57:825][  0]LogInit: Compiled with Visual C++: 19.00.23026.00
[2016.02.05-04.14.57:825][  0]LogInit: Build Configuration: Development
[2016.02.05-04.14.57:825][  0]LogInit: Branch Name: ++depot+UE4-Releases+4.10
[2016.02.05-04.14.57:825][  0]LogInit: Command line:  
[2016.02.05-04.14.57:825][  0]LogInit: Base directory: C:/Program Files/Epic Games/4.10/Engine/Binaries/Win64/
[2016.02.05-04.14.57:825][  0]LogInit: Rocket: 1
[2016.02.05-04.14.57:832][  0]LogInit: Using libcurl 7.41.0
[2016.02.05-04.14.57:832][  0]LogInit:  - built for x86_64-pc-win32
[2016.02.05-04.14.57:832][  0]LogInit:  - supports SSL with WinSSL
[2016.02.05-04.14.57:832][  0]LogInit:  - other features:
[2016.02.05-04.14.57:832][  0]LogInit:      CURL_VERSION_SSL
[2016.02.05-04.14.57:832][  0]LogInit:      CURL_VERSION_IPV6
[2016.02.05-04.14.57:832][  0]LogInit:      CURL_VERSION_ASYNCHDNS
[2016.02.05-04.14.57:832][  0]LogInit:      CURL_VERSION_LARGEFILE
[2016.02.05-04.14.57:832][  0]LogInit:      CURL_VERSION_IDN
[2016.02.05-04.14.57:832][  0]LogInit:  CurlRequestOptions (configurable via config and command line):
[2016.02.05-04.14.57:832][  0]LogInit:  - bVerifyPeer = true  - Libcurl will verify peer certificate
[2016.02.05-04.14.57:832][  0]LogInit:  - bUseHttpProxy = false  - Libcurl will NOT use HTTP proxy
[2016.02.05-04.14.57:832][  0]LogInit:  - bDontReuseConnections = false  - Libcurl will reuse connections
[2016.02.05-04.14.57:832][  0]LogInit:  - CertBundlePath = nullptr  - Libcurl will use whatever was configured at build time.
[2016.02.05-04.14.57:838][  0]LogInit: Presizing for 0 objects not considered by GC, pre-allocating 0 bytes.
[2016.02.05-04.14.57:842][  0]LogInit: Object subsystem initialized
[2016.02.05-04.14.57:870][  0]LogInit: Selected Device Profile: [Windows]
[2016.02.05-04.14.57:870][  0]LogInit: Applying CVar settings loaded from the selected device profile: [Windows]
[2016.02.05-04.14.57:903][  0]LogInit: Computer: BEN-PC
[2016.02.05-04.14.57:903][  0]LogInit: User: Ben
[2016.02.05-04.14.57:903][  0]LogInit: CPU Page size=4096, Cores=4
[2016.02.05-04.14.57:903][  0]LogInit: High frequency timer resolution =3.417987 MHz
[2016.02.05-04.14.57:903][  0]LogMemory: Memory total: Physical=16.0GB (16GB approx)
[2016.02.05-04.14.57:903][  0]LogMemory: Platform Memory Stats for Windows
[2016.02.05-04.14.57:903][  0]LogMemory: Process Physical Memory: 56.20 MB used, 56.20 MB peak
[2016.02.05-04.14.57:903][  0]LogMemory: Process Virtual Memory: 58.94 MB used, 58.94 MB peak
[2016.02.05-04.14.57:903][  0]LogMemory: Physical Memory: 9795.68 MB used, 16333.38 MB total
[2016.02.05-04.14.57:903][  0]LogMemory: Virtual Memory: 366.31 MB used, 134217728.00 MB total
[2016.02.05-04.14.57:989][  0]LogTextLocalizationManager: No specific translations for ('en-US') exist, so ('en') translations will be used.
[2016.02.05-04.14.58:542][  0]LogD3D11RHI: Found D3D11 adapter 0: NVIDIA GeForce GTX 770 (Feature Level 11_0)
[2016.02.05-04.14.58:542][  0]LogD3D11RHI: Adapter has 1989MB of dedicated video memory, 0MB of dedicated system memory, and 8166MB of shared system memory, 3 output[s]
[2016.02.05-04.14.58:543][  0]LogD3D11RHI: Found D3D11 adapter 1: Microsoft Basic Render Driver (Feature Level 11_0)
[2016.02.05-04.14.58:543][  0]LogD3D11RHI: Adapter has 0MB of dedicated video memory, 0MB of dedicated system memory, and 8166MB of shared system memory, 0 output[s]
[2016.02.05-04.14.58:543][  0]LogD3D11RHI: Chosen D3D11 Adapter Id = 0
[2016.02.05-04.14.58:548][  0]LogD3D11RHI: !Direct3DDevice
[2016.02.05-04.14.58:548][  0]LogRHI: Texture pool is 1361 MB (70% of 1945 MB)
[2016.02.05-04.14.58:561][  0]LogD3D11RHI: Async texture creation enabled
[2016.02.05-04.14.59:116][  0]LogShaderCompilers: Guid format shader working directory is -18 characters bigger than the processId version (../../../../../../Users/Ben/Documents/Unreal Projects/BardOTM/Intermediate/Shaders/WorkingDirectory/18608/).
[2016.02.05-04.14.59:117][  0]LogShaderCompilers: Cleaned the shader compiler working directory 'C:/Users/Ben/AppData/Local/Temp/UnrealShaderWorkingDir/E41E2C294412B2BB980BBCB43CABD3CD/'.
[2016.02.05-04.14.59:117][  0]LogShaderCompilers:Display: Using Local Shader Compiler.
[2016.02.05-04.15.00:046][  0]LogTemp:Display: Loaded TP AllDesktopTargetPlatform
[2016.02.05-04.15.00:050][  0]LogTemp:Display: Loaded TP WindowsClientTargetPlatform
[2016.02.05-04.15.00:058][  0]LogTemp:Display: Loaded TP WindowsNoEditorTargetPlatform
[2016.02.05-04.15.00:063][  0]LogTemp:Display: Loaded TP WindowsServerTargetPlatform
[2016.02.05-04.15.00:069][  0]LogTemp:Display: Loaded TP WindowsTargetPlatform
[2016.02.05-04.15.00:072][  0]LogTemp:Display: Loaded TP AndroidTargetPlatform
[2016.02.05-04.15.00:076][  0]LogTemp:Display: Loaded TP Android_ASTCTargetPlatform
[2016.02.05-04.15.00:079][  0]LogTemp:Display: Loaded TP Android_ATCTargetPlatform
[2016.02.05-04.15.00:082][  0]LogTemp:Display: Loaded TP Android_DXTTargetPlatform
[2016.02.05-04.15.00:086][  0]LogTemp:Display: Loaded TP Android_ETC1TargetPlatform
[2016.02.05-04.15.00:089][  0]LogTemp:Display: Loaded TP Android_ETC2TargetPlatform
[2016.02.05-04.15.00:096][  0]LogTemp:Display: Loaded TP Android_MultiTargetPlatform
[2016.02.05-04.15.00:096][  0]LogTemp:Display: Loaded TP Android_PVRTCTargetPlatform
[2016.02.05-04.15.00:097][  0]LogTemp:Display: Loaded TP HTML5TargetPlatform
[2016.02.05-04.15.00:115][  0]LogTemp:Display: Loaded TP IOSTargetPlatform
[2016.02.05-04.15.00:118][  0]LogTemp:Display: Loaded TP LinuxNoEditorTargetPlatform
[2016.02.05-04.15.00:121][  0]LogTemp:Display: Loaded TP LinuxServerTargetPlatform
[2016.02.05-04.15.00:124][  0]LogTemp:Display: Loaded TP LinuxTargetPlatform
[2016.02.05-04.15.00:124][  0]LogTargetPlatformManager:Display: Building Assets For Windows
[2016.02.05-04.15.00:214][  0]LogDerivedDataCache:Display: Max Cache Size: 512 MB
[2016.02.05-04.15.00:260][  0]LogDerivedDataCache: Loaded boot cache 0.05s 41MB C:/Users/Ben/AppData/Local/UnrealEngine/4.10/DerivedDataCache/Boot.ddc.
[2016.02.05-04.15.00:260][  0]LogDerivedDataCache:Display: Loaded Boot cache: C:/Users/Ben/AppData/Local/UnrealEngine/4.10/DerivedDataCache/Boot.ddc
[2016.02.05-04.15.00:260][  0]LogDerivedDataCache: FDerivedDataBackendGraph:  Pak pak cache file ../../../../../../Users/Ben/Documents/Unreal Projects/BardOTM/DerivedDataCache/DDC.ddp not found, will not use a pak cache.
[2016.02.05-04.15.00:260][  0]LogDerivedDataCache: Unable to find inner node Pak for hierarchical cache Hierarchy.
[2016.02.05-04.15.00:260][  0]LogDerivedDataCache: FDerivedDataBackendGraph:  CompressedPak pak cache file ../../../../../../Users/Ben/Documents/Unreal Projects/BardOTM/DerivedDataCache/Compressed.ddp not found, will not use a pak cache.
[2016.02.05-04.15.00:260][  0]LogDerivedDataCache: Unable to find inner node CompressedPak for hierarchical cache Hierarchy.
[2016.02.05-04.15.00:308][  0]LogDerivedDataCache:Display: Pak cache opened for reading ../../../Engine/DerivedDataCache/Compressed.ddp.
[2016.02.05-04.15.00:322][  0]LogDerivedDataCache: Using Local data cache path C:/Users/Ben/AppData/Local/UnrealEngine/Common/DerivedDataCache: Writable
[2016.02.05-04.15.00:489][  0]LogInit: Selected Device Profile: [Windows]
[2016.02.05-04.15.00:492][  0]LogContentStreaming: Texture pool size is 0.000000MB
[2016.02.05-04.15.00:591][  0]LogMeshUtilities: No automatic mesh reduction module available
[2016.02.05-04.15.00:597][  0]LogMeshUtilities: No automatic mesh merging module available
[2016.02.05-04.15.00:852][  0]LogInit: WinSock: version 1.1 (2.2), MaxSocks=32767, MaxUdp=65467
[2016.02.05-04.15.08:801][  0]UdpMessaging: Initializing bridge on interface 0.0.0.0:0 to multicast group 230.0.0.1:6666.
[2016.02.05-04.15.10:885][  0]LogAssetRegistry: FAssetRegistry took 0.0109 seconds to start up
[2016.02.05-04.15.14:278][  0]SourceControl: Info Source control is disabled
[2016.02.05-04.15.14:279][  0]SourceControl: Info Source control is disabled
[2016.02.05-04.15.14:557][  0]SourceControl: Info Source control is disabled
[2016.02.05-04.15.14:800][  0]SourceControl: Info Source control is disabled
[2016.02.05-04.15.21:340][  0]LogObj: 28633 objects as part of root set at end of initial load.
[2016.02.05-04.15.21:340][  0]LogUObjectAllocator: 6099752 out of 0 bytes used by permanent object pool.
[2016.02.05-04.15.23:762][  0]LogEngine: Initializing Engine...
[2016.02.05-04.15.23:769][  0]LogHMD: Can't find Oculus library dev build: is proper Runtime installed? Version: 0.8.0.0
[2016.02.05-04.15.23:978][  0]LogHMD: SteamVR failed to initialize.  Err: 110
[2016.02.05-04.15.24:183][  0]LogAIModule: Creating AISystem for world NewWorld
[2016.02.05-04.15.24:248][  0]LogInit: XAudio2 using 'Speakers (Realtek High Definition Audio)' : 2 channels at 48 kHz using 32 bits per sample (channel mask 0x3)
[2016.02.05-04.15.24:307][  0]LogInit: FAudioDevice initialized.
[2016.02.05-04.15.24:489][  0]LogDerivedDataCache: Saved boot cache 0.18s 41MB C:/Users/Ben/AppData/Local/UnrealEngine/4.10/DerivedDataCache/Boot.ddc.
[2016.02.05-04.15.24:493][  0]LogInit: Texture streaming: Enabled
[2016.02.05-04.15.25:337][  0]LogAnalytics: Creating configured Analytics provider AnalyticsET
[2016.02.05-04.15.25:337][  0]LogAnalytics: [UEEditor.Rocket.Release] APIServer = http://et2.epicgames.com/ET2/. AppVersion = 4.10.2-2818068+++depot+UE4-Releases+4.10
[2016.02.05-04.15.25:337][  0]LogAnalytics: [UEEditor.Rocket.Release] SetUserId cb136a184ef8ff638330d19266871943|8e31a6e3027a48b980d8b94b5dab7277|88817e22-b3e5-4950-af40-b637fca33a6c
[2016.02.05-04.15.25:338][  0]LogAnalytics: [UEEditor.Rocket.Release] AnalyticsET::StartSession
[2016.02.05-04.15.25:433][  0]LogInit: Transaction tracking system initialized
[2016.02.05-04.15.26:685][  0]BlueprintLog: New page: Editor Load
[2016.02.05-04.15.30:012][  0]LocalizationService: Info Localization service is disabled
[2016.02.05-04.15.31:657][  0]LogConsoleResponse:Display: 
[2016.02.05-04.15.35:052][  0]LogFileCache: Scanning file cache for directory 'C:/Users/Ben/Documents/Unreal Projects/BardOTM/Content/' took 0.01s
[2016.02.05-04.15.35:052][  0]LogCook:Display: Done creating registry. It took  0.00s.
[2016.02.05-04.15.37:552][  0]SourceControl: Info Source control is disabled
[2016.02.05-04.15.37:553][  0]Cmd: MAP LOAD FILE="../../../../../../Users/Ben/Documents/Unreal Projects/BardOTM/Content/ThirdPersonBP/Maps/ThirdPersonExampleMap.umap" TEMPLATE=0 SHOWPROGRESS=1 FEATURELEVEL=3
[2016.02.05-04.15.37:755][  0]LightingResults: New page: Lighting Build
[2016.02.05-04.15.37:758][  0]MapCheck: New page: Map Check
[2016.02.05-04.15.37:758][  0]LightingResults: New page: Lighting Build
[2016.02.05-04.15.37:767][  0]LogParticles: Destroying 0 GPU particle simulations for FXSystem 0x00000071619E7B00
[2016.02.05-04.15.38:279][  0]LogLinker:Warning: Asset '../../../../../../Users/Ben/Documents/Unreal Projects/BardOTM/Content/Mannequin/Animations/ThirdPerson_AnimBP.uasset' has been saved with empty engine version. The asset will be loaded but may be incompatible.
[2016.02.05-04.15.38:609][  0]LogLinker:Warning: Asset '../../../../../../Users/Ben/Documents/Unreal Projects/BardOTM/Content/Mannequin/Animations/ThirdPerson_Jump.uasset' has been saved with empty engine version. The asset will be loaded but may be incompatible.
[2016.02.05-04.15.38:870][  0]LogLinker:Warning: Asset '../../../../../../Users/Ben/Documents/Unreal Projects/BardOTM/Content/Mannequin/Animations/ThirdPersonJump_Loop.uasset' has been saved with empty engine version. The asset will be loaded but may be incompatible.
[2016.02.05-04.15.38:953][  0]LogLinker:Warning: Asset '../../../../../../Users/Ben/Documents/Unreal Projects/BardOTM/Content/Mannequin/Animations/ThirdPersonJump_Start.uasset' has been saved with empty engine version. The asset will be loaded but may be incompatible.
[2016.02.05-04.15.39:018][  0]LogLinker:Warning: Asset '../../../../../../Users/Ben/Documents/Unreal Projects/BardOTM/Content/Mannequin/Animations/ThirdPerson_IdleRun_2D.uasset' has been saved with empty engine version. The asset will be loaded but may be incompatible.
[2016.02.05-04.15.39:122][  0]LogLinker:Warning: Asset '../../../../../../Users/Ben/Documents/Unreal Projects/BardOTM/Content/Mannequin/Animations/ThirdPersonIdle.uasset' has been saved with empty engine version. The asset will be loaded but may be incompatible.
[2016.02.05-04.15.39:183][  0]LogLinker:Warning: Asset '../../../../../../Users/Ben/Documents/Unreal Projects/BardOTM/Content/Mannequin/Animations/ThirdPersonRun.uasset' has been saved with empty engine version. The asset will be loaded but may be incompatible.
[2016.02.05-04.15.39:265][  0]LogLinker:Warning: Asset '../../../../../../Users/Ben/Documents/Unreal Projects/BardOTM/Content/Mannequin/Animations/ThirdPersonWalk.uasset' has been saved with empty engine version. The asset will be loaded but may be incompatible.
[2016.02.05-04.15.57:728][  0]LogAIModule: Creating AISystem for world ThirdPersonExampleMap
[2016.02.05-04.15.57:751][  0]LogEditorServer: Finished looking for orphan Actors (0.000 secs)
[2016.02.05-04.15.57:752][  0]Cmd: MAP CHECKDEP NOCLEARLOG
[2016.02.05-04.15.57:826][  0]MapCheck: Info Map check complete: 0 Error(s), 0 Warning(s), took 73.444ms to complete.
[2016.02.05-04.15.57:826][  0]LogFileHelpers: Loading map 'ThirdPersonExampleMap' took 20.273
[2016.02.05-04.15.58:512][  0]LogCollectionManager: Loaded 0 collections in 0.002214 seconds
[2016.02.05-04.15.58:561][  0]LogFileCache: Scanning file cache for directory 'C:/Users/Ben/Documents/Unreal Projects/BardOTM/Saved/Collections/' took 0.01s
[2016.02.05-04.15.58:561][  0]LogFileCache: Scanning file cache for directory 'C:/Users/Ben/Documents/Unreal Projects/BardOTM/Content/Developers/Ben/Collections/' took 0.01s
[2016.02.05-04.15.58:561][  0]LogFileCache: Scanning file cache for directory 'C:/Users/Ben/Documents/Unreal Projects/BardOTM/Content/Collections/' took 0.01s
[2016.02.05-04.15.58:561][  0]LogCollectionManager: Rebuilt the GUID cache for 0 collections in 0.000001 seconds
[2016.02.05-04.15.58:567][  0]LogContentBrowser: Native class hierarchy populated in 0.0058 seconds. Added 1893 classes and 338 folders.
[2016.02.05-04.15.58:573][  0]LogContentBrowser: Native class hierarchy updated for 'WidgetCarousel' in 0.0004 seconds. Added 0 classes and 0 folders.
[2016.02.05-04.16.05:400][  0]LogContentBrowser: Native class hierarchy updated for 'AddContentDialog' in 0.0004 seconds. Added 0 classes and 0 folders.
[2016.02.05-04.16.05:422][  0]LogContentBrowser: Native class hierarchy updated for 'SceneOutliner' in 0.0005 seconds. Added 1 classes and 2 folders.
[2016.02.05-04.16.05:472][  0]LogCrashTracker: Crashtracker disabled due to settings.
[2016.02.05-04.16.05:491][  0]LogUObjectGlobals:Warning: Failed to find object 'Class None.'
[2016.02.05-04.16.05:518][  0]LogLoad: Full Startup: 68.70 seconds (BP compile: 0.10 seconds)
[2016.02.05-04.16.05:526][  0]LogWindowsTextInputMethodSystem:Display: IME system now deactivated.
[2016.02.05-04.16.05:534][  0]LogOcInput: Can't find Oculus library dev build: is proper Runtime installed? Version: 0.8.0.0
[2016.02.05-04.16.05:953][  0]LogContentStreaming: Texture pool size now 1000 MB
[2016.02.05-04.16.06:087][  0]LogRenderer: Reallocating scene render targets to support 1208x580 (Frame:2).
[2016.02.05-04.16.06:317][  3]LogAssetRegistry: Asset discovery search completed in 55.4436 seconds
[2016.02.05-04.16.06:317][  3]LogCollectionManager: Rebuilt the object cache for 0 collections in 0.000001 seconds (found 0 objects)
[2016.02.05-04.16.06:317][  3]LogCollectionManager: Fixed up redirectors for 0 collections in 0.000050 seconds (updated 0 objects)
[2016.02.05-04.16.58:588][178]LogEditorViewport: Clicking on Actor (LMB): ThirdPersonCharacter_C (ThirdPersonCharacter)
[2016.02.05-04.17.07:765][113]LogSavePackage: Save=269.860901ms
[2016.02.05-04.17.07:765][113]LogSavePackage: Moving '../../../../../../Users/Ben/Documents/Unreal Projects/BardOTM/Saved/UEDPCThirdPersonExampleMap927B452C461DC9813CB906ADE57B62E9.tmp' to '../../../../../../Users/Ben/Documents/Unreal Projects/BardOTM/Saved/Autosaves/Game/ThirdPersonBP/Maps/UEDPCThirdPersonExampleMap.umap'
[2016.02.05-04.17.07:766][113]LogSavePackage: Total save time: 356.799193ms
[2016.02.05-04.17.07:766][113]LogSavePackage:Display: Finished SavePackage ../../../../../../Users/Ben/Documents/Unreal Projects/BardOTM/Saved/Autosaves/Game/ThirdPersonBP/Maps/UEDPCThirdPersonExampleMap.umap
[2016.02.05-04.26.06:225][876]LogSavePackage: Save=476.076416ms
[2016.02.05-04.26.06:225][876]LogSavePackage: Moving '../../../../../../Users/Ben/Documents/Unreal Projects/BardOTM/Saved/ThirdPersonExampleMap_Auto1917A7DA84AB982C7F602A1AD867B16EA.tmp' to '../../../../../../Users/Ben/Documents/Unreal Projects/BardOTM/Saved/Autosaves/Game/ThirdPersonBP/Maps/ThirdPersonExampleMap_Auto1.umap'
[2016.02.05-04.26.06:227][876]LogSavePackage: Total save time: 493.927274ms
[2016.02.05-04.26.06:228][876]LogSavePackage:Display: Finished SavePackage ../../../../../../Users/Ben/Documents/Unreal Projects/BardOTM/Saved/Autosaves/Game/ThirdPersonBP/Maps/ThirdPersonExampleMap_Auto1.umap
[2016.02.05-04.26.06:232][876]LogFileHelpers: Editor autosave (incl. sublevels) for '/Game/ThirdPersonBP/Maps/ThirdPersonExampleMap' took 0.521
[2016.02.05-04.26.06:232][876]LogFileHelpers: Editor autosave (incl. sublevels) for all levels took 0.521
[2016.02.05-04.32.44:501][256]Cmd: SELECT NONE
[2016.02.05-04.33.56:228][102]LogEditorViewport: Clicking on Actor (LMB): ThirdPersonCharacter_C (ThirdPersonCharacter)
[2016.02.05-04.34.34:285][452]LogSavePackage: Save=212.335800ms
[2016.02.05-04.34.34:285][452]LogSavePackage: Moving '../../../../../../Users/Ben/Documents/Unreal Projects/BardOTM/Saved/UEDPCThirdPersonExampleMapB9984C2C4AC3077D0770358474053D3C.tmp' to '../../../../../../Users/Ben/Documents/Unreal Projects/BardOTM/Saved/Autosaves/Game/ThirdPersonBP/Maps/UEDPCThirdPersonExampleMap.umap'
[2016.02.05-04.34.34:287][452]LogSavePackage: Total save time: 224.631924ms
[2016.02.05-04.34.34:287][452]LogSavePackage:Display: Finished SavePackage ../../../../../../Users/Ben/Documents/Unreal Projects/BardOTM/Saved/Autosaves/Game/ThirdPersonBP/Maps/UEDPCThirdPersonExampleMap.umap
[2016.02.05-04.36.05:077][173]LogSavePackage: Save=195.925552ms
[2016.02.05-04.36.05:077][173]LogSavePackage: Moving '../../../../../../Users/Ben/Documents/Unreal Projects/BardOTM/Saved/UEDPCThirdPersonExampleMap21484CAF4408A01CCE066DA9C409B2AA.tmp' to '../../../../../../Users/Ben/Documents/Unreal Projects/BardOTM/Saved/Autosaves/Game/ThirdPersonBP/Maps/UEDPCThirdPersonExampleMap.umap'
[2016.02.05-04.36.05:079][173]LogSavePackage: Total save time: 200.344529ms
[2016.02.05-04.36.05:079][173]LogSavePackage:Display: Finished SavePackage ../../../../../../Users/Ben/Documents/Unreal Projects/BardOTM/Saved/Autosaves/Game/ThirdPersonBP/Maps/UEDPCThirdPersonExampleMap.umap
[2016.02.05-04.36.08:346][518]LogBlueprintUserMessages: Early PlayInEditor Detection: Level '/Game/ThirdPersonBP/Maps/ThirdPersonExampleMap.ThirdPersonExampleMap:PersistentLevel' has LevelScriptBlueprint '/Game/ThirdPersonBP/Maps/ThirdPersonExampleMap.ThirdPersonExampleMap:PersistentLevel.ThirdPersonExampleMap' with GeneratedClass '/Game/ThirdPersonBP/Maps/ThirdPersonExampleMap.ThirdPersonExampleMap_C' with ClassGeneratedBy '/Game/ThirdPersonBP/Maps/ThirdPersonExampleMap.ThirdPersonExampleMap:PersistentLevel.ThirdPersonExampleMap'
[2016.02.05-04.36.08:346][518]LogPlayLevel: PlayLevel: No blueprints needed recompiling
[2016.02.05-04.36.08:346][518]PIE: New page: PIE session: ThirdPersonExampleMap (Feb 5, 2016, 4:36:08 AM)
[2016.02.05-04.36.08:347][518]LogPlayLevel: Creating play world package: /Game/ThirdPersonBP/Maps/UEDPIE_0_ThirdPersonExampleMap
[2016.02.05-04.36.08:365][518]LogPlayLevel: PIE: StaticDuplicateObject took: (0.018469s)
[2016.02.05-04.36.08:366][518]LogAIModule: Creating AISystem for world ThirdPersonExampleMap
[2016.02.05-04.36.08:366][518]LogPlayLevel: PIE: World Init took: (0.001009s)
[2016.02.05-04.36.08:366][518]LogPlayLevel: PIE: Created PIE world by copying editor world from /Game/ThirdPersonBP/Maps/ThirdPersonExampleMap.ThirdPersonExampleMap to /Game/ThirdPersonBP/Maps/UEDPIE_0_ThirdPersonExampleMap.ThirdPersonExampleMap (0.019775s)
[2016.02.05-04.36.08:417][518]LogInit: XAudio2 using 'Speakers (Realtek High Definition Audio)' : 2 channels at 48 kHz using 32 bits per sample (channel mask 0x3)
[2016.02.05-04.36.08:421][518]LogInit: FAudioDevice initialized.
[2016.02.05-04.36.08:474][518]LogWorld: Game class is 'ThirdPersonGameMode_C'
[2016.02.05-04.36.08:481][518]LogWorld: Bringing World /Game/ThirdPersonBP/Maps/UEDPIE_0_ThirdPersonExampleMap.ThirdPersonExampleMap up for play (max tick rate 0) at 2016.02.05-04.36.08
[2016.02.05-04.36.08:481][518]LogActor:Warning: GameSession /Game/ThirdPersonBP/Maps/UEDPIE_0_ThirdPersonExampleMap.ThirdPersonExampleMap:PersistentLevel.GameSession_0 has natively added scene component(s), but none of them were set as the actor's RootComponent - picking one arbitrarily
[2016.02.05-04.36.08:481][518]LogActor:Warning: GameNetworkManager /Game/ThirdPersonBP/Maps/UEDPIE_0_ThirdPersonExampleMap.ThirdPersonExampleMap:PersistentLevel.GameNetworkManager_0 has natively added scene component(s), but none of them were set as the actor's RootComponent - picking one arbitrarily
[2016.02.05-04.36.08:482][518]LogWorld: Bringing up level for play took: 0.006466
[2016.02.05-04.36.08:483][518]PIE: Info Play in editor start time for /Game/ThirdPersonBP/Maps/UEDPIE_0_ThirdPersonExampleMap 0.169
[2016.02.05-04.36.08:483][518]LogBlueprintUserMessages: Late PlayInEditor Detection: Level '/Game/ThirdPersonBP/Maps/ThirdPersonExampleMap.ThirdPersonExampleMap:PersistentLevel' has LevelScriptBlueprint '/Game/ThirdPersonBP/Maps/ThirdPersonExampleMap.ThirdPersonExampleMap:PersistentLevel.ThirdPersonExampleMap' with GeneratedClass '/Game/ThirdPersonBP/Maps/ThirdPersonExampleMap.ThirdPersonExampleMap_C' with ClassGeneratedBy '/Game/ThirdPersonBP/Maps/ThirdPersonExampleMap.ThirdPersonExampleMap:PersistentLevel.ThirdPersonExampleMap'
[2016.02.05-04.36.15:630][364]LogBlueprintUserMessages: Early EndPlayMap Detection: Level '/Game/ThirdPersonBP/Maps/ThirdPersonExampleMap.ThirdPersonExampleMap:PersistentLevel' has LevelScriptBlueprint '/Game/ThirdPersonBP/Maps/ThirdPersonExampleMap.ThirdPersonExampleMap:PersistentLevel.ThirdPersonExampleMap' with GeneratedClass '/Game/ThirdPersonBP/Maps/ThirdPersonExampleMap.ThirdPersonExampleMap_C' with ClassGeneratedBy '/Game/ThirdPersonBP/Maps/ThirdPersonExampleMap.ThirdPersonExampleMap:PersistentLevel.ThirdPersonExampleMap'
[2016.02.05-04.36.15:687][364]LogBlueprintUserMessages: Late EndPlayMap Detection: Level '/Game/ThirdPersonBP/Maps/ThirdPersonExampleMap.ThirdPersonExampleMap:PersistentLevel' has LevelScriptBlueprint '/Game/ThirdPersonBP/Maps/ThirdPersonExampleMap.ThirdPersonExampleMap:PersistentLevel.ThirdPersonExampleMap' with GeneratedClass '/Game/ThirdPersonBP/Maps/ThirdPersonExampleMap.ThirdPersonExampleMap_C' with ClassGeneratedBy '/Game/ThirdPersonBP/Maps/ThirdPersonExampleMap.ThirdPersonExampleMap:PersistentLevel.ThirdPersonExampleMap'
[2016.02.05-04.36.15:698][364]LogParticles: Destroying 0 GPU particle simulations for FXSystem 0x000000710EFECFE0
[2016.02.05-04.36.17:858][558]LogSavePackage: Save=200.627151ms
[2016.02.05-04.36.17:858][558]LogSavePackage: Moving '../../../../../../Users/Ben/Documents/Unreal Projects/BardOTM/Saved/ThirdPersonExampleMapBD444FF04CEB695191D2DBBC512D3535.tmp' to '../../../../../../Users/Ben/Documents/Unreal Projects/BardOTM/Content/ThirdPersonBP/Maps/ThirdPersonExampleMap.umap'
[2016.02.05-04.36.17:862][558]LogSavePackage: Total save time: 207.263220ms
[2016.02.05-04.36.17:862][558]LogSavePackage:Display: Finished SavePackage ../../../../../../Users/Ben/Documents/Unreal Projects/BardOTM/Content/ThirdPersonBP/Maps/ThirdPersonExampleMap.umap
[2016.02.05-04.36.24:321][190]LogUProjectInfo: Found projects:
[2016.02.05-04.55.14:168][942]LogBlueprintUserMessages: Early PlayInEditor Detection: Level '/Game/ThirdPersonBP/Maps/ThirdPersonExampleMap.ThirdPersonExampleMap:PersistentLevel' has LevelScriptBlueprint '/Game/ThirdPersonBP/Maps/ThirdPersonExampleMap.ThirdPersonExampleMap:PersistentLevel.ThirdPersonExampleMap' with GeneratedClass '/Game/ThirdPersonBP/Maps/ThirdPersonExampleMap.ThirdPersonExampleMap_C' with ClassGeneratedBy '/Game/ThirdPersonBP/Maps/ThirdPersonExampleMap.ThirdPersonExampleMap:PersistentLevel.ThirdPersonExampleMap'
[2016.02.05-04.55.14:169][942]LogPlayLevel: PlayLevel: No blueprints needed recompiling
[2016.02.05-04.55.14:169][942]PIE: New page: PIE session: ThirdPersonExampleMap (Feb 5, 2016, 4:55:14 AM)
[2016.02.05-04.55.14:170][942]LogPlayLevel: Creating play world package: /Game/ThirdPersonBP/Maps/UEDPIE_0_ThirdPersonExampleMap
[2016.02.05-04.55.14:210][942]LogPlayLevel: PIE: StaticDuplicateObject took: (0.038827s)
[2016.02.05-04.55.14:213][942]LogAIModule: Creating AISystem for world ThirdPersonExampleMap
[2016.02.05-04.55.14:214][942]LogPlayLevel: PIE: World Init took: (0.004497s)
[2016.02.05-04.55.14:215][942]LogPlayLevel: PIE: Created PIE world by copying editor world from /Game/ThirdPersonBP/Maps/ThirdPersonExampleMap.ThirdPersonExampleMap to /Game/ThirdPersonBP/Maps/UEDPIE_0_ThirdPersonExampleMap.ThirdPersonExampleMap (0.044596s)
[2016.02.05-04.55.14:281][942]LogInit: XAudio2 using 'Speakers (Realtek High Definition Audio)' : 2 channels at 48 kHz using 32 bits per sample (channel mask 0x3)
[2016.02.05-04.55.14:288][942]LogInit: FAudioDevice initialized.
[2016.02.05-04.55.14:327][942]LogWorld: Game class is 'ThirdPersonGameMode_C'
[2016.02.05-04.55.14:335][942]LogWorld: Bringing World /Game/ThirdPersonBP/Maps/UEDPIE_0_ThirdPersonExampleMap.ThirdPersonExampleMap up for play (max tick rate 0) at 2016.02.05-04.55.14
[2016.02.05-04.55.14:335][942]LogActor:Warning: GameSession /Game/ThirdPersonBP/Maps/UEDPIE_0_ThirdPersonExampleMap.ThirdPersonExampleMap:PersistentLevel.GameSession_1 has natively added scene component(s), but none of them were set as the actor's RootComponent - picking one arbitrarily
[2016.02.05-04.55.14:335][942]LogActor:Warning: GameNetworkManager /Game/ThirdPersonBP/Maps/UEDPIE_0_ThirdPersonExampleMap.ThirdPersonExampleMap:PersistentLevel.GameNetworkManager_1 has natively added scene component(s), but none of them were set as the actor's RootComponent - picking one arbitrarily
[2016.02.05-04.55.14:335][942]LogWorld: Bringing up level for play took: 0.007469
[2016.02.05-04.55.14:337][942]PIE: Info Play in editor start time for /Game/ThirdPersonBP/Maps/UEDPIE_0_ThirdPersonExampleMap 0.023
[2016.02.05-04.55.14:337][942]LogBlueprintUserMessages: Late PlayInEditor Detection: Level '/Game/ThirdPersonBP/Maps/ThirdPersonExampleMap.ThirdPersonExampleMap:PersistentLevel' has LevelScriptBlueprint '/Game/ThirdPersonBP/Maps/ThirdPersonExampleMap.ThirdPersonExampleMap:PersistentLevel.ThirdPersonExampleMap' with GeneratedClass '/Game/ThirdPersonBP/Maps/ThirdPersonExampleMap.ThirdPersonExampleMap_C' with ClassGeneratedBy '/Game/ThirdPersonBP/Maps/ThirdPersonExampleMap.ThirdPersonExampleMap:PersistentLevel.ThirdPersonExampleMap'
[2016.02.05-04.55.18:325][409]LogBlueprintUserMessages: Early EndPlayMap Detection: Level '/Game/ThirdPersonBP/Maps/ThirdPersonExampleMap.ThirdPersonExampleMap:PersistentLevel' has LevelScriptBlueprint '/Game/ThirdPersonBP/Maps/ThirdPersonExampleMap.ThirdPersonExampleMap:PersistentLevel.ThirdPersonExampleMap' with GeneratedClass '/Game/ThirdPersonBP/Maps/ThirdPersonExampleMap.ThirdPersonExampleMap_C' with ClassGeneratedBy '/Game/ThirdPersonBP/Maps/ThirdPersonExampleMap.ThirdPersonExampleMap:PersistentLevel.ThirdPersonExampleMap'
[2016.02.05-04.55.18:381][409]LogBlueprintUserMessages: Late EndPlayMap Detection: Level '/Game/ThirdPersonBP/Maps/ThirdPersonExampleMap.ThirdPersonExampleMap:PersistentLevel' has LevelScriptBlueprint '/Game/ThirdPersonBP/Maps/ThirdPersonExampleMap.ThirdPersonExampleMap:PersistentLevel.ThirdPersonExampleMap' with GeneratedClass '/Game/ThirdPersonBP/Maps/ThirdPersonExampleMap.ThirdPersonExampleMap_C' with ClassGeneratedBy '/Game/ThirdPersonBP/Maps/ThirdPersonExampleMap.ThirdPersonExampleMap:PersistentLevel.ThirdPersonExampleMap'
[2016.02.05-04.55.18:395][409]LogParticles: Destroying 0 GPU particle simulations for FXSystem 0x0000007153362520
[2016.02.05-04.55.21:609][729]LogSavePackage: Save=235.767426ms
[2016.02.05-04.55.21:609][729]LogSavePackage: Moving '../../../../../../Users/Ben/Documents/Unreal Projects/BardOTM/Saved/UEDPCThirdPersonExampleMap6B58E695488B5592E6246A930E5F62A6.tmp' to '../../../../../../Users/Ben/Documents/Unreal Projects/BardOTM/Saved/Autosaves/Game/ThirdPersonBP/Maps/UEDPCThirdPersonExampleMap.umap'
[2016.02.05-04.55.21:611][729]LogSavePackage: Total save time: 247.735873ms
[2016.02.05-04.55.21:611][729]LogSavePackage:Display: Finished SavePackage ../../../../../../Users/Ben/Documents/Unreal Projects/BardOTM/Saved/Autosaves/Game/ThirdPersonBP/Maps/UEDPCThirdPersonExampleMap.umap
[2016.02.05-04.56.43:108][ 50]Cmd: QUIT_EDITOR
[2016.02.05-04.56.44:016][ 50]LogWindowsTextInputMethodSystem:Display: IME system now deactivated.
[2016.02.05-04.56.44:086][ 50]LogExit: Preparing to exit.
[2016.02.05-04.56.44:894][ 50]LogExit: Editor shut down
[2016.02.05-04.56.44:896][ 50]LogExit: Transaction tracking system shut down
[2016.02.05-04.56.44:901][ 50]LogParticles: Destroying 0 GPU particle simulations for FXSystem 0x00000071517C9D00
[2016.02.05-04.56.44:902][ 50]LogParticles: Destroying 0 GPU particle simulations for FXSystem 0x000000716F507880
[2016.02.05-04.56.45:078][ 50]LogParticles: Destroying 0 GPU particle simulations for FXSystem 0x000000710EFEC180
[2016.02.05-04.56.45:078][ 50]LogParticles: Destroying 0 GPU particle simulations for FXSystem 0x000000710EFEC5E0
[2016.02.05-04.56.45:078][ 50]LogExit: Object subsystem successfully closed.
[2016.02.05-04.56.45:100][ 50]LogD3D11RHI: Shutdown
[2016.02.05-04.56.45:100][ 50]LogD3D11RHI: CleanupD3DDevice
[2016.02.05-04.56.45:175][ 50]LogD3D11RHI: ~FD3D11DynamicRHI
[2016.02.05-04.56.45:209][ 50]LogModuleManager: Shutting down and abandoning module CookingStats (199)
[2016.02.05-04.56.45:209][ 50]LogModuleManager: Shutting down and abandoning module CrashTracker (198)
[2016.02.05-04.56.45:209][ 50]LogModuleManager: Shutting down and abandoning module SceneOutliner (197)
[2016.02.05-04.56.45:209][ 50]LogModuleManager: Shutting down and abandoning module SuperSearch (196)
[2016.02.05-04.56.45:209][ 50]LogModuleManager: Shutting down and abandoning module WidgetCarousel (195)
[2016.02.05-04.56.45:209][ 50]LogModuleManager: Shutting down and abandoning module AddContentDialog (194)
[2016.02.05-04.56.45:215][ 50]LogModuleManager: Shutting down and abandoning module EditorWidgets (193)
[2016.02.05-04.56.45:215][ 50]LogModuleManager: Shutting down and abandoning module CollectionManager (192)
[2016.02.05-04.56.45:216][ 50]LogModuleManager: Shutting down and abandoning module StatsViewer (191)
[2016.02.05-04.56.45:216][ 50]LogModuleManager: Shutting down and abandoning module FoliageEdit (190)
[2016.02.05-04.56.45:216][ 50]LogModuleManager: Shutting down and abandoning module LandscapeEditor (189)
[2016.02.05-04.56.45:216][ 50]LogModuleManager: Shutting down and abandoning module ActorPickerMode (188)
[2016.02.05-04.56.45:216][ 50]LogModuleManager: Shutting down and abandoning module GeometryMode (187)
[2016.02.05-04.56.45:216][ 50]LogModuleManager: Shutting down and abandoning module TextureAlignMode (186)
[2016.02.05-04.56.45:216][ 50]LogModuleManager: Shutting down and abandoning module BspMode (185)
[2016.02.05-04.56.45:216][ 50]LogModuleManager: Shutting down and abandoning module PlacementMode (184)
[2016.02.05-04.56.45:216][ 50]LogModuleManager: Shutting down and abandoning module AutomationWorker (183)
[2016.02.05-04.56.45:216][ 50]LogModuleManager: Shutting down and abandoning module CharacterAI (182)
[2016.02.05-04.56.45:216][ 50]LogModuleManager: Shutting down and abandoning module SmartSnapping (181)
[2016.02.05-04.56.45:216][ 50]LogModuleManager: Shutting down and abandoning module ViewportSnapping (180)
[2016.02.05-04.56.45:216][ 50]LogModuleManager: Shutting down and abandoning module LogVisualizer (179)
[2016.02.05-04.56.45:216][ 50]LogModuleManager: Shutting down and abandoning module GameProjectGeneration (178)
[2016.02.05-04.56.45:216][ 50]LogModuleManager: Shutting down and abandoning module IntroTutorials (177)
[2016.02.05-04.56.45:216][ 50]LogModuleManager: Shutting down and abandoning module EditorLiveStreaming (176)
[2016.02.05-04.56.45:216][ 50]LogModuleManager: Shutting down and abandoning module IOSPlatformEditor (175)
[2016.02.05-04.56.45:216][ 50]LogModuleManager: Shutting down and abandoning module HTML5PlatformEditor (174)
[2016.02.05-04.56.45:216][ 50]LogModuleManager: Shutting down and abandoning module AndroidDeviceDetection (173)
[2016.02.05-04.56.45:226][ 50]LogModuleManager: Shutting down and abandoning module AndroidPlatformEditor (172)
[2016.02.05-04.56.45:226][ 50]LogModuleManager: Shutting down and abandoning module IOSRuntimeSettings (171)
[2016.02.05-04.56.45:226][ 50]LogModuleManager: Shutting down and abandoning module AndroidRuntimeSettings (170)
[2016.02.05-04.56.45:226][ 50]LogModuleManager: Shutting down and abandoning module MergeActors (169)
[2016.02.05-04.56.45:226][ 50]LogModuleManager: Shutting down and abandoning module SizeMap (168)
[2016.02.05-04.56.45:226][ 50]LogModuleManager: Shutting down and abandoning module TreeMap (167)
[2016.02.05-04.56.45:226][ 50]LogModuleManager: Shutting down and abandoning module ReferenceViewer (166)
[2016.02.05-04.56.45:226][ 50]LogModuleManager: Shutting down and abandoning module LocalizationService (165)
[2016.02.05-04.56.45:226][ 50]LogModuleManager: Shutting down and abandoning module LocalizationDashboard (164)
[2016.02.05-04.56.45:226][ 50]LogModuleManager: Shutting down and abandoning module HardwareTargeting (163)
[2016.02.05-04.56.45:226][ 50]LogModuleManager: Shutting down and abandoning module DeviceProfileEditor (162)
[2016.02.05-04.56.45:226][ 50]LogModuleManager: Shutting down and abandoning module UndoHistory (161)
[2016.02.05-04.56.45:226][ 50]LogModuleManager: Shutting down and abandoning module GameplayTagsEditor (160)
[2016.02.05-04.56.45:226][ 50]LogModuleManager: Shutting down and abandoning module UserFeedback (159)
[2016.02.05-04.56.45:226][ 50]LogModuleManager: Shutting down and abandoning module XmlParser (158)
[2016.02.05-04.56.45:226][ 50]LogModuleManager: Shutting down and abandoning module Blutility (157)
[2016.02.05-04.56.45:226][ 50]LogModuleManager: Shutting down and abandoning module ProjectTargetPlatformEditor (156)
[2016.02.05-04.56.45:226][ 50]LogModuleManager: Shutting down and abandoning module ProjectSettingsViewer (155)
[2016.02.05-04.56.45:226][ 50]LogModuleManager: Shutting down and abandoning module InputBindingEditor (154)
[2016.02.05-04.56.45:226][ 50]LogModuleManager: Shutting down and abandoning module EditorSettingsViewer (153)
[2016.02.05-04.56.45:227][ 50]LogModuleManager: Shutting down and abandoning module SettingsEditor (152)
[2016.02.05-04.56.45:227][ 50]LogModuleManager: Shutting down and abandoning module ProjectLauncher (151)
[2016.02.05-04.56.45:227][ 50]LogModuleManager: Shutting down and abandoning module SessionFrontend (150)
[2016.02.05-04.56.45:227][ 50]LogModuleManager: Shutting down and abandoning module ProfilerClient (149)
[2016.02.05-04.56.45:227][ 50]LogModuleManager: Shutting down and abandoning module TargetDeviceServices (148)
[2016.02.05-04.56.45:227][ 50]LogModuleManager: Shutting down and abandoning module DeviceManager (147)
[2016.02.05-04.56.45:227][ 50]LogModuleManager: Shutting down and abandoning module AutomationController (146)
[2016.02.05-04.56.45:227][ 50]LogModuleManager: Shutting down and abandoning module AutomationWindow (145)
[2016.02.05-04.56.45:227][ 50]LogModuleManager: Shutting down and abandoning module Layers (144)
[2016.02.05-04.56.45:227][ 50]LogModuleManager: Shutting down and abandoning module ComponentVisualizers (143)
[2016.02.05-04.56.45:227][ 50]LogModuleManager: Shutting down and abandoning module DetailCustomizations (142)
[2016.02.05-04.56.45:227][ 50]LogModuleManager: Shutting down and abandoning module PackagesDialog (141)
[2016.02.05-04.56.45:227][ 50]LogModuleManager: Shutting down and abandoning module Persona (140)
[2016.02.05-04.56.45:227][ 50]LogModuleManager: Shutting down and abandoning module Kismet (139)
[2016.02.05-04.56.45:227][ 50]LogModuleManager: Shutting down and abandoning module GraphEditor (138)
[2016.02.05-04.56.45:228][ 50]LogModuleManager: Shutting down and abandoning module ClassViewer (137)
[2016.02.05-04.56.45:228][ 50]LogModuleManager: Shutting down and abandoning module Toolbox (136)
[2016.02.05-04.56.45:228][ 50]LogModuleManager: Shutting down and abandoning module ModuleUI (135)
[2016.02.05-04.56.45:228][ 50]LogModuleManager: Shutting down and abandoning module MovieSceneTools (134)
[2016.02.05-04.56.45:228][ 50]LogModuleManager: Shutting down and abandoning module OutputLog (133)
[2016.02.05-04.56.45:228][ 50]LogModuleManager: Shutting down and abandoning module GammaUI (132)
[2016.02.05-04.56.45:228][ 50]LogModuleManager: Shutting down and abandoning module Documentation (131)
[2016.02.05-04.56.45:228][ 50]LogModuleManager: Shutting down and abandoning module GameLiveStreaming (130)
[2016.02.05-04.56.45:228][ 50]LogModuleManager: Shutting down and abandoning module StreamingPauseRendering (129)
[2016.02.05-04.56.45:228][ 50]LogModuleManager: Shutting down and abandoning module AnalyticsET (128)
[2016.02.05-04.56.45:228][ 50]LogModuleManager: Shutting down and abandoning module Analytics (127)
[2016.02.05-04.56.45:228][ 50]LogModuleManager: Shutting down and abandoning module AITestSuite (126)
[2016.02.05-04.56.45:228][ 50]LogModuleManager: Shutting down and abandoning module GameplayDebugger (125)
[2016.02.05-04.56.45:228][ 50]LogModuleManager: Shutting down and abandoning module AIModule (124)
[2016.02.05-04.56.45:228][ 50]LogModuleManager: Shutting down and abandoning module ProfilerService (123)
[2016.02.05-04.56.45:402][ 50]LogModuleManager: Shutting down and abandoning module TaskGraph (122)
[2016.02.05-04.56.45:402][ 50]LogModuleManager: Shutting down and abandoning module SlateRemote (121)
[2016.02.05-04.56.45:402][ 50]LogModuleManager: Shutting down and abandoning module SteamVRController (120)
[2016.02.05-04.56.45:402][ 50]LogModuleManager: Shutting down and abandoning module SteamVR (119)
[2016.02.05-04.56.45:402][ 50]LogModuleManager: Shutting down and abandoning module ProceduralMeshComponent (118)
[2016.02.05-04.56.45:402][ 50]LogModuleManager: Shutting down and abandoning module OculusLibrary (117)
[2016.02.05-04.56.45:402][ 50]LogModuleManager: Shutting down and abandoning module OculusInput (116)
[2016.02.05-04.56.45:402][ 50]LogModuleManager: Shutting down and abandoning module LeapMotionController (115)
[2016.02.05-04.56.45:434][ 50]LogModuleManager: Shutting down and abandoning module CustomMeshComponent (114)
[2016.02.05-04.56.45:434][ 50]LogModuleManager: Shutting down and abandoning module CableComponent (113)
[2016.02.05-04.56.45:434][ 50]LogModuleManager: Shutting down and abandoning module ArchVisCharacter (112)
[2016.02.05-04.56.45:434][ 50]LogModuleManager: Shutting down and abandoning module MessagingDebugger (111)
[2016.02.05-04.56.45:434][ 50]LogModuleManager: Shutting down and abandoning module MediaPlayerEditor (110)
[2016.02.05-04.56.45:434][ 50]LogModuleManager: Shutting down and abandoning module HTML5Networking (109)
[2016.02.05-04.56.45:434][ 50]LogModuleManager: Shutting down and abandoning module SpeedTreeImporter (108)
[2016.02.05-04.56.45:434][ 50]LogModuleManager: Shutting down and abandoning module PluginBrowser (107)
[2016.02.05-04.56.45:435][ 50]LogModuleManager: Shutting down and abandoning module EpicSurvey (106)
[2016.02.05-04.56.45:435][ 50]LogModuleManager: Shutting down and abandoning module DesktopPlatform (105)
[2016.02.05-04.56.45:435][ 50]LogModuleManager: Shutting down and abandoning module VisualStudioSourceCodeAccess (104)
[2016.02.05-04.56.45:435][ 50]LogModuleManager: Shutting down and abandoning module UObjectPlugin (103)
[2016.02.05-04.56.45:435][ 50]LogModuleManager: Shutting down and abandoning module SubversionSourceControl (102)
[2016.02.05-04.56.45:435][ 50]LogModuleManager: Shutting down and abandoning module PerforceSourceControl (101)
[2016.02.05-04.56.45:435][ 50]LogModuleManager: Shutting down and abandoning module SourceControl (100)
[2016.02.05-04.56.45:435][ 50]LogModuleManager: Shutting down and abandoning module GitSourceControl (99)
[2016.02.05-04.56.45:435][ 50]LogModuleManager: Shutting down and abandoning module LightPropagationVolumeEditor (98)
[2016.02.05-04.56.45:435][ 50]LogModuleManager: Shutting down and abandoning module PaperTiledImporter (97)
[2016.02.05-04.56.45:435][ 50]LogModuleManager: Shutting down and abandoning module PaperSpriteSheetImporter (96)
[2016.02.05-04.56.45:435][ 50]LogModuleManager: Shutting down and abandoning module MeshPaint (95)
[2016.02.05-04.56.45:435][ 50]LogModuleManager: Shutting down and abandoning module SlateReflector (94)
[2016.02.05-04.56.45:435][ 50]LogModuleManager: Shutting down and abandoning module HotReload (93)
[2016.02.05-04.56.45:435][ 50]LogModuleManager: Shutting down and abandoning module MainFrame (92)
[2016.02.05-04.56.45:435][ 50]LogModuleManager: Shutting down and abandoning module LevelEditor (91)
[2016.02.05-04.56.45:436][ 50]LogModuleManager: Shutting down and abandoning module DirectoryWatcher (90)
[2016.02.05-04.56.45:442][ 50]LogModuleManager: Shutting down and abandoning module AssetRegistry (89)
[2016.02.05-04.56.45:561][ 50]LogModuleManager: Shutting down and abandoning module ContentBrowser (88)
[2016.02.05-04.56.45:562][ 50]LogModuleManager: Shutting down and abandoning module Paper2DEditor (87)
[2016.02.05-04.56.45:562][ 50]LogModuleManager: Shutting down and abandoning module UdpMessaging (86)
[2016.02.05-04.56.45:662][ 50]LogModuleManager: Shutting down and abandoning module LightPropagationVolumeRuntime (85)
[2016.02.05-04.56.45:662][ 50]LogModuleManager: Shutting down and abandoning module Paper2D (84)
[2016.02.05-04.56.45:662][ 50]LogModuleManager: Shutting down and abandoning module WindowsMoviePlayer (83)
[2016.02.05-04.56.45:664][ 50]LogModuleManager: Shutting down and abandoning module Media (82)
[2016.02.05-04.56.45:664][ 50]LogModuleManager: Shutting down and abandoning module WmfMedia (81)
[2016.02.05-04.56.45:664][ 50]LogModuleManager: Shutting down and abandoning module OnlineBlueprintSupport (80)
[2016.02.05-04.56.45:664][ 50]LogModuleManager: Shutting down and abandoning module GameplayTasksEditor (79)
[2016.02.05-04.56.45:664][ 50]LogModuleManager: Shutting down and abandoning module PropertyEditor (78)
[2016.02.05-04.56.45:664][ 50]LogModuleManager: Shutting down and abandoning module BehaviorTreeEditor (77)
[2016.02.05-04.56.45:664][ 50]LogModuleManager: Shutting down and abandoning module FunctionalTesting (76)
[2016.02.05-04.56.45:664][ 50]LogModuleManager: Shutting down and abandoning module CollisionAnalyzer (75)
[2016.02.05-04.56.45:664][ 50]LogModuleManager: Shutting down and abandoning module WorkspaceMenuStructure (74)
[2016.02.05-04.56.45:664][ 50]LogModuleManager: Shutting down and abandoning module MessageLog (73)
[2016.02.05-04.56.45:664][ 50]LogModuleManager: Shutting down and abandoning module Sequencer (72)
[2016.02.05-04.56.45:666][ 50]LogModuleManager: Shutting down and abandoning module AssetTools (71)
[2016.02.05-04.56.45:666][ 50]LogModuleManager: Shutting down and abandoning module UMGEditor (70)
[2016.02.05-04.56.45:666][ 50]LogModuleManager: Shutting down and abandoning module UMG (69)
[2016.02.05-04.56.45:666][ 50]LogModuleManager: Shutting down and abandoning module Slate (68)
[2016.02.05-04.56.45:666][ 50]LogModuleManager: Shutting down and abandoning module EditorStyle (67)
[2016.02.05-04.56.45:669][ 50]LogModuleManager: Shutting down and abandoning module SessionServices (66)
[2016.02.05-04.56.45:669][ 50]LogModuleManager: Shutting down and abandoning module SourceCodeAccess (65)
[2016.02.05-04.56.45:669][ 50]LogModuleManager: Shutting down and abandoning module HeadMountedDisplay (64)
[2016.02.05-04.56.45:669][ 50]LogModuleManager: Shutting down and abandoning module XAudio2 (63)
[2016.02.05-04.56.45:669][ 50]LogModuleManager: Shutting down and abandoning module Networking (61)
[2016.02.05-04.56.45:669][ 50]LogModuleManager: Shutting down and abandoning module Core (60)
[2016.02.05-04.56.45:669][ 50]LogModuleManager: Shutting down and abandoning module KismetCompiler (59)
[2016.02.05-04.56.45:669][ 50]LogModuleManager: Shutting down and abandoning module PhysXFormats (58)
[2016.02.05-04.56.45:669][ 50]LogModuleManager: Shutting down and abandoning module MeshUtilities (57)
[2016.02.05-04.56.45:669][ 50]LogModuleManager: Shutting down and abandoning module DerivedDataCache (56)
[2016.02.05-04.56.45:723][ 50]LogDerivedDataCache: Shutdown
[2016.02.05-04.56.45:723][ 50]LogModuleManager: Shutting down and abandoning module ShaderFormatOpenGL (55)
[2016.02.05-04.56.45:723][ 50]LogModuleManager: Shutting down and abandoning module ShaderFormatD3D (54)
[2016.02.05-04.56.45:723][ 50]LogModuleManager: Shutting down and abandoning module MetalShaderFormat (53)
[2016.02.05-04.56.45:723][ 50]LogModuleManager: Shutting down and abandoning module TextureFormatUncompressed (52)
[2016.02.05-04.56.45:723][ 50]LogModuleManager: Shutting down and abandoning module TextureFormatPVR (51)
[2016.02.05-04.56.45:723][ 50]LogModuleManager: Shutting down and abandoning module TextureFormatIntelISPCTexComp (50)
[2016.02.05-04.56.45:723][ 50]LogModuleManager: Shutting down and abandoning module TextureFormatDXT (49)
[2016.02.05-04.56.45:723][ 50]LogModuleManager: Shutting down and abandoning module ImageWrapper (48)
[2016.02.05-04.56.45:723][ 50]LogModuleManager: Shutting down and abandoning module TextureFormatASTC (47)
[2016.02.05-04.56.45:723][ 50]LogModuleManager: Shutting down and abandoning module TextureFormatAndroid (46)
[2016.02.05-04.56.45:723][ 50]LogModuleManager: Shutting down and abandoning module AudioFormatOpus (45)
[2016.02.05-04.56.45:723][ 50]LogModuleManager: Shutting down and abandoning module AudioFormatOgg (44)
[2016.02.05-04.56.45:723][ 50]LogModuleManager: Shutting down and abandoning module AudioFormatADPCM (43)
[2016.02.05-04.56.45:723][ 50]LogModuleManager: Shutting down and abandoning module LinuxTargetPlatform (42)
[2016.02.05-04.56.45:724][ 50]LogModuleManager: Shutting down and abandoning module LinuxServerTargetPlatform (41)
[2016.02.05-04.56.45:724][ 50]LogModuleManager: Shutting down and abandoning module LinuxNoEditorTargetPlatform (40)
[2016.02.05-04.56.45:724][ 50]LogModuleManager: Shutting down and abandoning module Messaging (39)
[2016.02.05-04.56.45:724][ 50]LogModuleManager: Shutting down and abandoning module IOSTargetPlatform (38)
[2016.02.05-04.56.45:724][ 50]LogModuleManager: Shutting down and abandoning module HTML5TargetPlatform (37)
[2016.02.05-04.56.45:724][ 50]LogModuleManager: Shutting down and abandoning module Android_PVRTCTargetPlatform (36)
[2016.02.05-04.56.45:724][ 50]LogModuleManager: Shutting down and abandoning module Android_MultiTargetPlatform (35)
[2016.02.05-04.56.45:724][ 50]LogModuleManager: Shutting down and abandoning module Android_ETC2TargetPlatform (34)
[2016.02.05-04.56.45:724][ 50]LogModuleManager: Shutting down and abandoning module Android_ETC1TargetPlatform (33)
[2016.02.05-04.56.45:724][ 50]LogModuleManager: Shutting down and abandoning module Android_DXTTargetPlatform (32)
[2016.02.05-04.56.45:724][ 50]LogModuleManager: Shutting down and abandoning module Android_ATCTargetPlatform (31)
[2016.02.05-04.56.45:724][ 50]LogModuleManager: Shutting down and abandoning module Android_ASTCTargetPlatform (30)
[2016.02.05-04.56.45:724][ 50]LogModuleManager: Shutting down and abandoning module AndroidTargetPlatform (29)
[2016.02.05-04.56.45:724][ 50]LogModuleManager: Shutting down and abandoning module WindowsTargetPlatform (28)
[2016.02.05-04.56.45:724][ 50]LogModuleManager: Shutting down and abandoning module WindowsServerTargetPlatform (27)
[2016.02.05-04.56.45:724][ 50]LogModuleManager: Shutting down and abandoning module WindowsNoEditorTargetPlatform (26)
[2016.02.05-04.56.45:724][ 50]LogModuleManager: Shutting down and abandoning module WindowsClientTargetPlatform (25)
[2016.02.05-04.56.45:724][ 50]LogModuleManager: Shutting down and abandoning module AllDesktopTargetPlatform (24)
[2016.02.05-04.56.45:724][ 50]LogModuleManager: Shutting down and abandoning module TargetPlatform (23)
[2016.02.05-04.56.45:724][ 50]LogModuleManager: Shutting down and abandoning module InputCore (22)
[2016.02.05-04.56.45:724][ 50]LogModuleManager: Shutting down and abandoning module Settings (21)
[2016.02.05-04.56.45:725][ 50]LogModuleManager: Shutting down and abandoning module OnlineSubsystem (19)
[2016.02.05-04.56.45:725][ 50]LogModuleManager: Shutting down and abandoning module HTTP (18)
[2016.02.05-04.56.46:726][ 50]LogModuleManager: Shutting down and abandoning module XMPP (17)
[2016.02.05-04.56.46:726][ 50]LogModuleManager: Shutting down and abandoning module OculusRift (16)
[2016.02.05-04.56.46:726][ 50]LogModuleManager: Shutting down and abandoning module ExampleDeviceProfileSelector (15)
[2016.02.05-04.56.46:726][ 50]LogModuleManager: Shutting down and abandoning module TextureCompressor (14)
[2016.02.05-04.56.46:726][ 50]LogModuleManager: Shutting down and abandoning module ShaderCore (13)
[2016.02.05-04.56.46:726][ 50]LogModuleManager: Shutting down and abandoning module Landscape (12)
[2016.02.05-04.56.46:726][ 50]LogModuleManager: Shutting down and abandoning module SlateRHIRenderer (11)
[2016.02.05-04.56.46:738][ 50]LogModuleManager: Shutting down and abandoning module OpenGLDrv (10)
[2016.02.05-04.56.46:738][ 50]LogModuleManager: Shutting down and abandoning module D3D11RHI (9)
[2016.02.05-04.56.46:738][ 50]LogModuleManager: Shutting down and abandoning module AnimGraphRuntime (8)
[2016.02.05-04.56.46:738][ 50]LogModuleManager: Shutting down and abandoning module Renderer (7)
[2016.02.05-04.56.46:738][ 50]LogModuleManager: Shutting down and abandoning module Engine (6)
[2016.02.05-04.56.46:738][ 50]LogModuleManager: Shutting down and abandoning module CoreUObject (5)
[2016.02.05-04.56.46:738][ 50]LogModuleManager: Shutting down and abandoning module NetworkFile (4)
[2016.02.05-04.56.46:738][ 50]LogModuleManager: Shutting down and abandoning module StreamingFile (3)
[2016.02.05-04.56.46:738][ 50]LogModuleManager: Shutting down and abandoning module SandboxFile (2)
[2016.02.05-04.56.46:738][ 50]LogModuleManager: Shutting down and abandoning module PakFile (1)
[2016.02.05-04.56.46:740][ 50]LogExit: Exiting.
[2016.02.05-04.56.46:752][ 50]Log file closed, 02/05/16 04:56:46
