[2016.02.05-04.17.08:687][  0]Log file open, 02/05/16 04:17:08
[2016.02.05-04.17.08:687][  0]LogInit:Display: Running engine for game: ShakespereGliding
[2016.02.05-04.17.08:687][  0]LogPlatformFile: Not using cached read wrapper
[2016.02.05-04.17.08:687][  0]LogInit:Display: RandInit(1559032488) SRandInit(1559032490).
[2016.02.05-04.17.08:687][  0]LogTaskGraph: Started task graph with 4 named threads and 7 total threads.
[2016.02.05-04.17.08:687][  0]LogStats: Stats thread started at 0.257720
[2016.02.05-04.17.08:687][  0]LogInit: Version: 4.10.2-2818068+++depot+UE4-Releases+4.10
[2016.02.05-04.17.08:687][  0]LogInit: API Version: 2758231
[2016.02.05-04.17.08:687][  0]LogInit: Compiled (64-bit): Jan  6 2016 17:36:42
[2016.02.05-04.17.08:687][  0]LogInit: Compiled with Visual C++: 19.00.23026.00
[2016.02.05-04.17.08:687][  0]LogInit: Build Configuration: Development
[2016.02.05-04.17.08:687][  0]LogInit: Branch Name: ++depot+UE4-Releases+4.10
[2016.02.05-04.17.08:687][  0]LogInit: Command line:  /Temp/Autosaves/Game/ThirdPersonBP/Maps/UEDPCThirdPersonExampleMap -game -PIEVIACONSOLE -ResX=1280 -ResY=720  -Multiprocess 
[2016.02.05-04.17.08:687][  0]LogInit: Base directory: C:/Program Files/Epic Games/4.10/Engine/Binaries/Win64/
[2016.02.05-04.17.08:687][  0]LogInit: Rocket: 1
[2016.02.05-04.17.08:695][  0]LogInit: Using libcurl 7.41.0
[2016.02.05-04.17.08:695][  0]LogInit:  - built for x86_64-pc-win32
[2016.02.05-04.17.08:695][  0]LogInit:  - supports SSL with WinSSL
[2016.02.05-04.17.08:695][  0]LogInit:  - other features:
[2016.02.05-04.17.08:695][  0]LogInit:      CURL_VERSION_SSL
[2016.02.05-04.17.08:695][  0]LogInit:      CURL_VERSION_IPV6
[2016.02.05-04.17.08:695][  0]LogInit:      CURL_VERSION_ASYNCHDNS
[2016.02.05-04.17.08:695][  0]LogInit:      CURL_VERSION_LARGEFILE
[2016.02.05-04.17.08:695][  0]LogInit:      CURL_VERSION_IDN
[2016.02.05-04.17.08:695][  0]LogInit:  CurlRequestOptions (configurable via config and command line):
[2016.02.05-04.17.08:695][  0]LogInit:  - bVerifyPeer = true  - Libcurl will verify peer certificate
[2016.02.05-04.17.08:695][  0]LogInit:  - bUseHttpProxy = false  - Libcurl will NOT use HTTP proxy
[2016.02.05-04.17.08:695][  0]LogInit:  - bDontReuseConnections = false  - Libcurl will reuse connections
[2016.02.05-04.17.08:695][  0]LogInit:  - CertBundlePath = nullptr  - Libcurl will use whatever was configured at build time.
[2016.02.05-04.17.08:703][  0]LogInit: Presizing for 0 objects not considered by GC, pre-allocating 0 bytes.
[2016.02.05-04.17.08:708][  0]LogInit: Object subsystem initialized
[2016.02.05-04.17.08:709][  0]LogInit: Selected Device Profile: [Windows]
[2016.02.05-04.17.08:709][  0]LogInit: Applying CVar settings loaded from the selected device profile: [Windows]
[2016.02.05-04.17.08:712][  0]LogInit: Computer: BEN-PC
[2016.02.05-04.17.08:712][  0]LogInit: User: Ben
[2016.02.05-04.17.08:712][  0]LogInit: CPU Page size=4096, Cores=4
[2016.02.05-04.17.08:712][  0]LogInit: High frequency timer resolution =3.417987 MHz
[2016.02.05-04.17.08:712][  0]LogMemory: Memory total: Physical=16.0GB (16GB approx)
[2016.02.05-04.17.08:712][  0]LogMemory: Platform Memory Stats for Windows
[2016.02.05-04.17.08:712][  0]LogMemory: Process Physical Memory: 56.02 MB used, 56.02 MB peak
[2016.02.05-04.17.08:712][  0]LogMemory: Process Virtual Memory: 59.07 MB used, 59.07 MB peak
[2016.02.05-04.17.08:712][  0]LogMemory: Physical Memory: 10744.89 MB used, 16333.38 MB total
[2016.02.05-04.17.08:712][  0]LogMemory: Virtual Memory: 367.31 MB used, 134217728.00 MB total
[2016.02.05-04.17.08:763][  0]LogTextLocalizationManager: No specific translations for ('en-US') exist, so ('en') translations will be used.
[2016.02.05-04.17.09:153][  0]LogD3D11RHI: Found D3D11 adapter 0: NVIDIA GeForce GTX 770 (Feature Level 11_0)
[2016.02.05-04.17.09:153][  0]LogD3D11RHI: Adapter has 1989MB of dedicated video memory, 0MB of dedicated system memory, and 8166MB of shared system memory, 3 output[s]
[2016.02.05-04.17.09:154][  0]LogD3D11RHI: Found D3D11 adapter 1: Microsoft Basic Render Driver (Feature Level 11_0)
[2016.02.05-04.17.09:154][  0]LogD3D11RHI: Adapter has 0MB of dedicated video memory, 0MB of dedicated system memory, and 8166MB of shared system memory, 0 output[s]
[2016.02.05-04.17.09:154][  0]LogD3D11RHI: Chosen D3D11 Adapter Id = 0
[2016.02.05-04.17.09:159][  0]LogD3D11RHI: !Direct3DDevice
[2016.02.05-04.17.09:159][  0]LogRHI: Texture pool is 1361 MB (70% of 1945 MB)
[2016.02.05-04.17.09:172][  0]LogD3D11RHI: Async texture creation enabled
[2016.02.05-04.17.09:659][  0]LogShaderCompilers: Guid format shader working directory is -18 characters bigger than the processId version (../../../../../../Users/Ben/Documents/Unreal Projects/BardOTM/Intermediate/Shaders/WorkingDirectory/11208/).
[2016.02.05-04.17.09:659][  0]LogShaderCompilers: Cleaned the shader compiler working directory 'C:/Users/Ben/AppData/Local/Temp/UnrealShaderWorkingDir/E905C00643006BE070827A928B0604E1/'.
[2016.02.05-04.17.09:659][  0]LogShaderCompilers:Display: Using Local Shader Compiler.
[2016.02.05-04.17.10:757][  0]LogTemp:Display: Loaded TP AllDesktopTargetPlatform
[2016.02.05-04.17.10:764][  0]LogTemp:Display: Loaded TP WindowsClientTargetPlatform
[2016.02.05-04.17.10:769][  0]LogTemp:Display: Loaded TP WindowsNoEditorTargetPlatform
[2016.02.05-04.17.10:775][  0]LogTemp:Display: Loaded TP WindowsServerTargetPlatform
[2016.02.05-04.17.10:781][  0]LogTemp:Display: Loaded TP WindowsTargetPlatform
[2016.02.05-04.17.10:785][  0]LogTemp:Display: Loaded TP AndroidTargetPlatform
[2016.02.05-04.17.10:789][  0]LogTemp:Display: Loaded TP Android_ASTCTargetPlatform
[2016.02.05-04.17.10:793][  0]LogTemp:Display: Loaded TP Android_ATCTargetPlatform
[2016.02.05-04.17.10:797][  0]LogTemp:Display: Loaded TP Android_DXTTargetPlatform
[2016.02.05-04.17.10:800][  0]LogTemp:Display: Loaded TP Android_ETC1TargetPlatform
[2016.02.05-04.17.10:806][  0]LogTemp:Display: Loaded TP Android_ETC2TargetPlatform
[2016.02.05-04.17.10:814][  0]LogTemp:Display: Loaded TP Android_MultiTargetPlatform
[2016.02.05-04.17.10:814][  0]LogTemp:Display: Loaded TP Android_PVRTCTargetPlatform
[2016.02.05-04.17.10:815][  0]LogTemp:Display: Loaded TP HTML5TargetPlatform
[2016.02.05-04.17.10:834][  0]LogTemp:Display: Loaded TP IOSTargetPlatform
[2016.02.05-04.17.10:837][  0]LogTemp:Display: Loaded TP LinuxNoEditorTargetPlatform
[2016.02.05-04.17.10:841][  0]LogTemp:Display: Loaded TP LinuxServerTargetPlatform
[2016.02.05-04.17.10:845][  0]LogTemp:Display: Loaded TP LinuxTargetPlatform
[2016.02.05-04.17.10:845][  0]LogTargetPlatformManager:Display: Building Assets For Windows
[2016.02.05-04.17.10:985][  0]LogDerivedDataCache:Display: Max Cache Size: 512 MB
[2016.02.05-04.17.11:027][  0]LogDerivedDataCache: Loaded boot cache 0.04s 41MB C:/Users/Ben/AppData/Local/UnrealEngine/4.10/DerivedDataCache/Boot.ddc.
[2016.02.05-04.17.11:027][  0]LogDerivedDataCache:Display: Loaded Boot cache: C:/Users/Ben/AppData/Local/UnrealEngine/4.10/DerivedDataCache/Boot.ddc
[2016.02.05-04.17.11:027][  0]LogDerivedDataCache: FDerivedDataBackendGraph:  Pak pak cache file ../../../../../../Users/Ben/Documents/Unreal Projects/BardOTM/DerivedDataCache/DDC.ddp not found, will not use a pak cache.
[2016.02.05-04.17.11:027][  0]LogDerivedDataCache: Unable to find inner node Pak for hierarchical cache Hierarchy.
[2016.02.05-04.17.11:027][  0]LogDerivedDataCache: FDerivedDataBackendGraph:  CompressedPak pak cache file ../../../../../../Users/Ben/Documents/Unreal Projects/BardOTM/DerivedDataCache/Compressed.ddp not found, will not use a pak cache.
[2016.02.05-04.17.11:027][  0]LogDerivedDataCache: Unable to find inner node CompressedPak for hierarchical cache Hierarchy.
[2016.02.05-04.17.11:081][  0]LogDerivedDataCache:Display: Pak cache opened for reading ../../../Engine/DerivedDataCache/Compressed.ddp.
[2016.02.05-04.17.11:093][  0]LogDerivedDataCache: Using Local data cache path C:/Users/Ben/AppData/Local/UnrealEngine/Common/DerivedDataCache: Writable
[2016.02.05-04.17.11:269][  0]LogInit: Selected Device Profile: [Windows]
[2016.02.05-04.17.11:272][  0]LogContentStreaming: Texture pool size is 1000.000000MB
[2016.02.05-04.17.11:366][  0]LogMeshUtilities: No automatic mesh reduction module available
[2016.02.05-04.17.11:366][  0]LogMeshUtilities: No automatic mesh merging module available
[2016.02.05-04.17.11:563][  0]LogInit: WinSock: version 1.1 (2.2), MaxSocks=32767, MaxUdp=65467
[2016.02.05-04.17.12:802][  0]LogWindowsMoviePlayer: Unable to load movie: ../../../../../../Users/Ben/Documents/Unreal Projects/BardOTM/Content/Movies/Default_Startup.mp4
[2016.02.05-04.17.13:028][  0]SourceControl: Info Source control is disabled
[2016.02.05-04.17.13:028][  0]SourceControl: Info Source control is disabled
[2016.02.05-04.17.13:041][  0]SourceControl: Info Source control is disabled
[2016.02.05-04.17.13:244][  0]LogObj: 27935 objects as part of root set at end of initial load.
[2016.02.05-04.17.13:244][  0]LogUObjectAllocator: 5830072 out of 0 bytes used by permanent object pool.
[2016.02.05-04.17.13:291][  0]LogEngine: Initializing Engine...
[2016.02.05-04.17.13:298][  0]LogHMD: Can't find Oculus library dev build: is proper Runtime installed? Version: 0.8.0.0
[2016.02.05-04.17.13:299][  0]LogHMD: SteamVR failed to initialize.  Err: 110
[2016.02.05-04.17.13:392][  0]LogInit: XAudio2 using 'Speakers (Realtek High Definition Audio)' : 2 channels at 48 kHz using 32 bits per sample (channel mask 0x3)
[2016.02.05-04.17.13:399][  0]LogInit: FAudioDevice initialized.
[2016.02.05-04.17.13:401][  0]LogInit: Texture streaming: Enabled
[2016.02.05-04.17.14:832][  0]LogNet: Browse: /Temp/Autosaves/Game/ThirdPersonBP/Maps/UEDPCThirdPersonExampleMap?Name=Player
[2016.02.05-04.17.14:833][  0]LogLoad: LoadMap: /Temp/Autosaves/Game/ThirdPersonBP/Maps/UEDPCThirdPersonExampleMap?Name=Player
[2016.02.05-04.17.14:944][  0]LogParticles: Destroying 0 GPU particle simulations for FXSystem 0x000000EAA4C46C00
[2016.02.05-04.17.15:663][  0]LogMemory: Platform Memory Stats for Windows
[2016.02.05-04.17.15:663][  0]LogMemory: Process Physical Memory: 404.95 MB used, 404.95 MB peak
[2016.02.05-04.17.15:663][  0]LogMemory: Process Virtual Memory: 455.80 MB used, 455.80 MB peak
[2016.02.05-04.17.15:663][  0]LogMemory: Physical Memory: 10997.00 MB used, 16333.38 MB total
[2016.02.05-04.17.15:663][  0]LogMemory: Virtual Memory: 999.53 MB used, 134217728.00 MB total
[2016.02.05-04.17.15:663][  0]LogMemory: 
[2016.02.05-04.17.15:663][  0]Allocator Stats for TBB: (not implemented)
[2016.02.05-04.17.15:758][  0]LogLinker:Warning: Asset '../../../../../../Users/Ben/Documents/Unreal Projects/BardOTM/Content/Mannequin/Animations/ThirdPerson_AnimBP.uasset' has been saved with empty engine version. The asset will be loaded but may be incompatible.
[2016.02.05-04.17.15:760][  0]LogLinker:Warning: Asset '../../../../../../Users/Ben/Documents/Unreal Projects/BardOTM/Content/Mannequin/Animations/ThirdPerson_Jump.uasset' has been saved with empty engine version. The asset will be loaded but may be incompatible.
[2016.02.05-04.17.15:761][  0]LogLinker:Warning: Asset '../../../../../../Users/Ben/Documents/Unreal Projects/BardOTM/Content/Mannequin/Animations/ThirdPersonJump_Loop.uasset' has been saved with empty engine version. The asset will be loaded but may be incompatible.
[2016.02.05-04.17.15:761][  0]LogLinker:Warning: Asset '../../../../../../Users/Ben/Documents/Unreal Projects/BardOTM/Content/Mannequin/Animations/ThirdPersonJump_Start.uasset' has been saved with empty engine version. The asset will be loaded but may be incompatible.
[2016.02.05-04.17.15:762][  0]LogLinker:Warning: Asset '../../../../../../Users/Ben/Documents/Unreal Projects/BardOTM/Content/Mannequin/Animations/ThirdPerson_IdleRun_2D.uasset' has been saved with empty engine version. The asset will be loaded but may be incompatible.
[2016.02.05-04.17.15:773][  0]LogLinker:Warning: Asset '../../../../../../Users/Ben/Documents/Unreal Projects/BardOTM/Content/Mannequin/Animations/ThirdPersonIdle.uasset' has been saved with empty engine version. The asset will be loaded but may be incompatible.
[2016.02.05-0